<?xml version="1.0" encoding="UTF-8"?>
<testsuite name="com.automation.features.CashTests" tests="5" skipped="0" failures="2" errors="0" timestamp="2023-10-05T15:33:51" hostname="Edisons-MacBook-Pro.local" time="36.379">
  <properties/>
  <testcase name="seeTheDeleteServiceResponseCorrectly_When_SubmitTheCorrectCashPaymentInformation()" classname="com.automation.features.CashTests" time="4.726"/>
  <testcase name="seeTheGetAllServiceResponseCorrectly_When_SubmitTheCorrectCashPaymentInformation()" classname="com.automation.features.CashTests" time="0.16"/>
  <testcase name="seeTheGetServiceResponseCorrectly_When_SubmitTheCorrectCashPaymentInformation()" classname="com.automation.features.CashTests" time="0.356"/>
  <testcase name="seeTheUpdateServiceResponseCorrectly_When_SubmitTheCorrectCashPaymentInformation()" classname="com.automation.features.CashTests" time="30.31">
    <failure message="net.serenitybdd.model.exceptions.SerenityManagedException: localhost:1337 failed to respond" type="net.serenitybdd.model.exceptions.SerenityManagedException">net.serenitybdd.model.exceptions.SerenityManagedException: localhost:1337 failed to respond
	at app//org.apache.http.impl.conn.DefaultHttpResponseParser.parseHead(DefaultHttpResponseParser.java:141)
	at app//org.apache.http.impl.conn.DefaultHttpResponseParser.parseHead(DefaultHttpResponseParser.java:56)
	at app//org.apache.http.impl.io.AbstractMessageParser.parse(AbstractMessageParser.java:259)
	at app//org.apache.http.impl.AbstractHttpClientConnection.receiveResponseHeader(AbstractHttpClientConnection.java:294)
	at app//org.apache.http.impl.conn.DefaultClientConnection.receiveResponseHeader(DefaultClientConnection.java:257)
	at app//org.apache.http.impl.conn.ManagedClientConnectionImpl.receiveResponseHeader(ManagedClientConnectionImpl.java:207)
	at app//org.apache.http.protocol.HttpRequestExecutor.doReceiveResponse(HttpRequestExecutor.java:273)
	at app//org.apache.http.protocol.HttpRequestExecutor.execute(HttpRequestExecutor.java:125)
	at app//org.apache.http.impl.client.DefaultRequestDirector.tryExecute(DefaultRequestDirector.java:679)
	at app//org.apache.http.impl.client.DefaultRequestDirector.execute(DefaultRequestDirector.java:481)
	at app//org.apache.http.impl.client.AbstractHttpClient.doExecute(AbstractHttpClient.java:835)
	at app//org.apache.http.impl.client.CloseableHttpClient.execute(CloseableHttpClient.java:83)
	at app//io.restassured.internal.RestAssuredHttpBuilder.doRequest(RestAssuredHttpBuilder.java:141)
	at app//io.restassured.internal.http.HTTPBuilder.post(HTTPBuilder.java:349)
	at io.restassured.internal.http.HTTPBuilder$post$2.call(Unknown Source)
	at app//io.restassured.internal.RequestSpecificationImpl.sendRequest(RequestSpecificationImpl.groovy:1209)
	at app//io.restassured.internal.RequestSpecificationImpl.this$2$sendRequest(RequestSpecificationImpl.groovy)
	at java.base@11.0.17/jdk.internal.reflect.NativeMethodAccessorImpl.invoke0(Native Method)
	at java.base@11.0.17/jdk.internal.reflect.NativeMethodAccessorImpl.invoke(NativeMethodAccessorImpl.java:62)
	at java.base@11.0.17/jdk.internal.reflect.DelegatingMethodAccessorImpl.invoke(DelegatingMethodAccessorImpl.java:43)
	at java.base@11.0.17/java.lang.reflect.Method.invoke(Method.java:566)
	at app//org.codehaus.groovy.reflection.CachedMethod.invoke(CachedMethod.java:343)
	at app//groovy.lang.MetaMethod.doMethodInvoke(MetaMethod.java:328)
	at app//groovy.lang.MetaClassImpl.doInvokeMethod(MetaClassImpl.java:1332)
	at app//groovy.lang.MetaClassImpl.invokeMethod(MetaClassImpl.java:1087)
	at app//groovy.lang.MetaClassImpl.invokeMethod(MetaClassImpl.java:1006)
	at app//groovy.lang.MetaClassImpl.invokeMethod(MetaClassImpl.java:789)
	at app//io.restassured.internal.RequestSpecificationImpl.invokeMethod(RequestSpecificationImpl.groovy)
	at app//org.codehaus.groovy.runtime.callsite.PogoInterceptableSite.call(PogoInterceptableSite.java:46)
	at app//org.codehaus.groovy.runtime.callsite.AbstractCallSite.call(AbstractCallSite.java:166)
	at app//io.restassured.internal.filter.SendRequestFilter.filter(SendRequestFilter.groovy:30)
	at io.restassured.filter.Filter$filter$0.call(Unknown Source)
	at app//org.codehaus.groovy.runtime.callsite.CallSiteArray.defaultCall(CallSiteArray.java:45)
	at io.restassured.filter.Filter$filter.call(Unknown Source)
	at app//io.restassured.internal.filter.FilterContextImpl.next(FilterContextImpl.groovy:72)
	at app//io.restassured.filter.time.TimingFilter.filter(TimingFilter.java:56)
	at io.restassured.filter.Filter$filter.call(Unknown Source)
	at app//org.codehaus.groovy.runtime.callsite.CallSiteArray.defaultCall(CallSiteArray.java:45)
	at io.restassured.filter.Filter$filter$0.call(Unknown Source)
	at app//io.restassured.internal.filter.FilterContextImpl.next(FilterContextImpl.groovy:72)
	at io.restassured.filter.FilterContext$next.call(Unknown Source)
	at app//io.restassured.internal.filter.CsrfFilter.filter(CsrfFilter.groovy:70)
	at io.restassured.filter.Filter$filter$0.call(Unknown Source)
	at app//org.codehaus.groovy.runtime.callsite.CallSiteArray.defaultCall(CallSiteArray.java:45)
	at io.restassured.filter.Filter$filter.call(Unknown Source)
	at app//io.restassured.internal.filter.FilterContextImpl.next(FilterContextImpl.groovy:72)
	at app//io.restassured.filter.log.RequestLoggingFilter.filter(RequestLoggingFilter.java:146)
	at app//net.serenitybdd.rest.filters.FieldsRecordingFilter.filter(FieldsRecordingFilter.java:40)
	at io.restassured.filter.Filter$filter.call(Unknown Source)
	at app//io.restassured.internal.filter.FilterContextImpl.next(FilterContextImpl.groovy:72)
	at app//io.restassured.filter.log.RequestLoggingFilter.filter(RequestLoggingFilter.java:146)
	at app//net.serenitybdd.rest.filters.FieldsRecordingFilter.filter(FieldsRecordingFilter.java:40)
	at io.restassured.filter.Filter$filter.call(Unknown Source)
	at app//io.restassured.internal.filter.FilterContextImpl.next(FilterContextImpl.groovy:72)
	at app//io.restassured.filter.log.RequestLoggingFilter.filter(RequestLoggingFilter.java:146)
	at app//net.serenitybdd.rest.filters.FieldsRecordingFilter.filter(FieldsRecordingFilter.java:40)
	at io.restassured.filter.Filter$filter.call(Unknown Source)
	at app//io.restassured.internal.filter.FilterContextImpl.next(FilterContextImpl.groovy:72)
	at app//io.restassured.filter.log.RequestLoggingFilter.filter(RequestLoggingFilter.java:146)
	at app//net.serenitybdd.rest.filters.FieldsRecordingFilter.filter(FieldsRecordingFilter.java:40)
	at io.restassured.filter.Filter$filter.call(Unknown Source)
	at app//io.restassured.internal.filter.FilterContextImpl.next(FilterContextImpl.groovy:72)
	at app//io.restassured.filter.log.RequestLoggingFilter.filter(RequestLoggingFilter.java:146)
	at app//net.serenitybdd.rest.filters.FieldsRecordingFilter.filter(FieldsRecordingFilter.java:40)
	at io.restassured.filter.Filter$filter.call(Unknown Source)
	at app//io.restassured.internal.filter.FilterContextImpl.next(FilterContextImpl.groovy:72)
	at app//io.restassured.filter.log.RequestLoggingFilter.filter(RequestLoggingFilter.java:146)
	at app//net.serenitybdd.rest.filters.FieldsRecordingFilter.filter(FieldsRecordingFilter.java:40)
	at io.restassured.filter.Filter$filter.call(Unknown Source)
	at app//org.codehaus.groovy.runtime.callsite.CallSiteArray.defaultCall(CallSiteArray.java:45)
	at io.restassured.filter.Filter$filter.call(Unknown Source)
	at app//io.restassured.internal.filter.FilterContextImpl.next(FilterContextImpl.groovy:72)
	at app//io.restassured.filter.log.StatusCodeBasedLoggingFilter.filter(StatusCodeBasedLoggingFilter.java:112)
	at app//io.restassured.filter.log.ResponseLoggingFilter.filter(ResponseLoggingFilter.java:31)
	at io.restassured.filter.Filter$filter.call(Unknown Source)
	at app//org.codehaus.groovy.runtime.callsite.CallSiteArray.defaultCall(CallSiteArray.java:45)
	at io.restassured.filter.Filter$filter.call(Unknown Source)
	at app//io.restassured.internal.filter.FilterContextImpl.next(FilterContextImpl.groovy:72)
	at app//io.restassured.filter.log.RequestLoggingFilter.filter(RequestLoggingFilter.java:146)
	at io.restassured.filter.Filter$filter.call(Unknown Source)
	at app//org.codehaus.groovy.runtime.callsite.CallSiteArray.defaultCall(CallSiteArray.java:45)
	at io.restassured.filter.Filter$filter.call(Unknown Source)
	at app//io.restassured.internal.filter.FilterContextImpl.next(FilterContextImpl.groovy:72)
	at app//io.restassured.filter.log.StatusCodeBasedLoggingFilter.filter(StatusCodeBasedLoggingFilter.java:112)
	at app//io.restassured.filter.log.ResponseLoggingFilter.filter(ResponseLoggingFilter.java:31)
	at io.restassured.filter.Filter$filter.call(Unknown Source)
	at app//org.codehaus.groovy.runtime.callsite.CallSiteArray.defaultCall(CallSiteArray.java:45)
	at io.restassured.filter.Filter$filter.call(Unknown Source)
	at app//io.restassured.internal.filter.FilterContextImpl.next(FilterContextImpl.groovy:72)
	at app//io.restassured.filter.log.RequestLoggingFilter.filter(RequestLoggingFilter.java:146)
	at io.restassured.filter.Filter$filter.call(Unknown Source)
	at app//org.codehaus.groovy.runtime.callsite.CallSiteArray.defaultCall(CallSiteArray.java:45)
	at io.restassured.filter.Filter$filter.call(Unknown Source)
	at app//io.restassured.internal.filter.FilterContextImpl.next(FilterContextImpl.groovy:72)
	at app//io.restassured.filter.log.StatusCodeBasedLoggingFilter.filter(StatusCodeBasedLoggingFilter.java:112)
	at app//io.restassured.filter.log.ResponseLoggingFilter.filter(ResponseLoggingFilter.java:31)
	at io.restassured.filter.Filter$filter.call(Unknown Source)
	at app//org.codehaus.groovy.runtime.callsite.CallSiteArray.defaultCall(CallSiteArray.java:45)
	at io.restassured.filter.Filter$filter.call(Unknown Source)
	at app//io.restassured.internal.filter.FilterContextImpl.next(FilterContextImpl.groovy:72)
	at app//io.restassured.filter.log.RequestLoggingFilter.filter(RequestLoggingFilter.java:146)
	at io.restassured.filter.Filter$filter.call(Unknown Source)
	at app//org.codehaus.groovy.runtime.callsite.CallSiteArray.defaultCall(CallSiteArray.java:45)
	at io.restassured.filter.Filter$filter.call(Unknown Source)
	at app//io.restassured.internal.filter.FilterContextImpl.next(FilterContextImpl.groovy:72)
	at app//io.restassured.filter.log.StatusCodeBasedLoggingFilter.filter(StatusCodeBasedLoggingFilter.java:112)
	at app//io.restassured.filter.log.ResponseLoggingFilter.filter(ResponseLoggingFilter.java:31)
	at io.restassured.filter.Filter$filter.call(Unknown Source)
	at app//org.codehaus.groovy.runtime.callsite.CallSiteArray.defaultCall(CallSiteArray.java:45)
	at io.restassured.filter.Filter$filter.call(Unknown Source)
	at app//io.restassured.internal.filter.FilterContextImpl.next(FilterContextImpl.groovy:72)
	at app//io.restassured.filter.log.RequestLoggingFilter.filter(RequestLoggingFilter.java:146)
	at io.restassured.filter.Filter$filter.call(Unknown Source)
	at app//org.codehaus.groovy.runtime.callsite.CallSiteArray.defaultCall(CallSiteArray.java:45)
	at io.restassured.filter.Filter$filter$0.call(Unknown Source)
	at app//io.restassured.internal.filter.FilterContextImpl.next(FilterContextImpl.groovy:72)
	at io.restassured.filter.FilterContext$next.call(Unknown Source)
	at app//io.restassured.internal.RequestSpecificationImpl.applyPathParamsAndSendRequest(RequestSpecificationImpl.groovy:1704)
	at app//io.restassured.internal.RequestSpecificationImpl.this$2$applyPathParamsAndSendRequest(RequestSpecificationImpl.groovy)
	at java.base@11.0.17/jdk.internal.reflect.NativeMethodAccessorImpl.invoke0(Native Method)
	at java.base@11.0.17/jdk.internal.reflect.NativeMethodAccessorImpl.invoke(NativeMethodAccessorImpl.java:62)
	at java.base@11.0.17/jdk.internal.reflect.DelegatingMethodAccessorImpl.invoke(DelegatingMethodAccessorImpl.java:43)
	at java.base@11.0.17/java.lang.reflect.Method.invoke(Method.java:566)
	at app//org.codehaus.groovy.reflection.CachedMethod.invoke(CachedMethod.java:343)
	at app//groovy.lang.MetaMethod.doMethodInvoke(MetaMethod.java:328)
	at app//groovy.lang.MetaClassImpl.doInvokeMethod(MetaClassImpl.java:1332)
	at app//groovy.lang.MetaClassImpl.invokeMethod(MetaClassImpl.java:1087)
	at app//groovy.lang.MetaClassImpl.invokeMethod(MetaClassImpl.java:1006)
	at app//groovy.lang.MetaClassImpl.invokeMethod(MetaClassImpl.java:789)
	at app//io.restassured.internal.RequestSpecificationImpl.invokeMethod(RequestSpecificationImpl.groovy)
	at app//org.codehaus.groovy.runtime.callsite.PogoInterceptableSite.call(PogoInterceptableSite.java:46)
	at app//org.codehaus.groovy.runtime.callsite.PogoInterceptableSite.callCurrent(PogoInterceptableSite.java:57)
	at app//org.codehaus.groovy.runtime.callsite.AbstractCallSite.callCurrent(AbstractCallSite.java:203)
	at app//io.restassured.internal.RequestSpecificationImpl.applyPathParamsAndSendRequest(RequestSpecificationImpl.groovy:1710)
	at app//io.restassured.internal.RequestSpecificationImpl.this$2$applyPathParamsAndSendRequest(RequestSpecificationImpl.groovy)
	at java.base@11.0.17/jdk.internal.reflect.NativeMethodAccessorImpl.invoke0(Native Method)
	at java.base@11.0.17/jdk.internal.reflect.NativeMethodAccessorImpl.invoke(NativeMethodAccessorImpl.java:62)
	at java.base@11.0.17/jdk.internal.reflect.DelegatingMethodAccessorImpl.invoke(DelegatingMethodAccessorImpl.java:43)
	at java.base@11.0.17/java.lang.reflect.Method.invoke(Method.java:566)
	at app//org.codehaus.groovy.reflection.CachedMethod.invoke(CachedMethod.java:343)
	at app//groovy.lang.MetaMethod.doMethodInvoke(MetaMethod.java:328)
	at app//groovy.lang.MetaClassImpl.doInvokeMethod(MetaClassImpl.java:1332)
	at app//groovy.lang.MetaClassImpl.invokeMethod(MetaClassImpl.java:1087)
	at app//groovy.lang.MetaClassImpl.invokeMethod(MetaClassImpl.java:1006)
	at app//groovy.lang.MetaClassImpl.invokeMethod(MetaClassImpl.java:789)
	at app//io.restassured.internal.RequestSpecificationImpl.invokeMethod(RequestSpecificationImpl.groovy)
	at app//org.codehaus.groovy.runtime.callsite.PogoInterceptableSite.call(PogoInterceptableSite.java:46)
	at app//org.codehaus.groovy.runtime.callsite.PogoInterceptableSite.callCurrent(PogoInterceptableSite.java:57)
	at app//org.codehaus.groovy.runtime.callsite.AbstractCallSite.callCurrent(AbstractCallSite.java:203)
	at app//io.restassured.internal.RequestSpecificationImpl.post(RequestSpecificationImpl.groovy:176)
	at app//net.serenitybdd.rest.decorators.request.RequestSpecificationDecorated.executeCall(RequestSpecificationDecorated.java:309)
	at app//net.serenitybdd.rest.decorators.request.RequestSpecificationDecorated.execute(RequestSpecificationDecorated.java:268)
	at app//net.serenitybdd.rest.decorators.request.RequestSpecificationDecorated.post(RequestSpecificationDecorated.java:120)
	at app//net.serenitybdd.rest.decorators.request.RequestSpecificationDecorated.post(RequestSpecificationDecorated.java:38)
	at app//net.serenitybdd.screenplay.rest.interactions.Post.performAs(Post.java:24)
	at app//net.serenitybdd.screenplay.rest.interactions.Post$ByteBuddy$Gg9VGJPp.performAs$accessor$olBkMmil(Unknown Source)
	at java.base@11.0.17/jdk.internal.reflect.NativeMethodAccessorImpl.invoke0(Native Method)
	at java.base@11.0.17/jdk.internal.reflect.NativeMethodAccessorImpl.invoke(NativeMethodAccessorImpl.java:62)
	at java.base@11.0.17/jdk.internal.reflect.DelegatingMethodAccessorImpl.invoke(DelegatingMethodAccessorImpl.java:43)
	at java.base@11.0.17/java.lang.reflect.Method.invoke(Method.java:566)
	at app//net.thucydides.core.steps.StepInterceptor.invokeMethod(StepInterceptor.java:519)
	at app//net.thucydides.core.steps.StepInterceptor.executeTestStepMethod(StepInterceptor.java:499)
	at app//net.thucydides.core.steps.StepInterceptor.runTestStep(StepInterceptor.java:471)
	at app//net.thucydides.core.steps.StepInterceptor.runOrSkipMethod(StepInterceptor.java:213)
	at app//net.thucydides.core.steps.StepInterceptor.testStepResult(StepInterceptor.java:200)
	at app//net.thucydides.core.steps.StepInterceptor.intercept(StepInterceptor.java:92)
	at app//net.thucydides.core.steps.ProxyConfiguration$InterceptorDispatcher.intercept(ProxyConfiguration.java:51)
	at app//net.serenitybdd.screenplay.rest.interactions.Post$ByteBuddy$Gg9VGJPp.performAs(Unknown Source)
	at app//net.serenitybdd.screenplay.Actor.performTask(Actor.java:299)
	at app//net.serenitybdd.screenplay.Actor.perform(Actor.java:274)
	at app//net.serenitybdd.screenplay.Actor.attemptsTo(Actor.java:215)
	at app//net.serenitybdd.screenplay.Actor.attemptsTo(Actor.java:222)
	at app//net.serenitybdd.screenplay.AnonymousPerformable.performAs(AnonymousPerformable.java:25)
	at app//net.serenitybdd.screenplay.AnonymousTask$ByteBuddy$zfpYn5fX.performAs$accessor$yX7VZj7M(Unknown Source)
	at java.base@11.0.17/jdk.internal.reflect.NativeMethodAccessorImpl.invoke0(Native Method)
	at java.base@11.0.17/jdk.internal.reflect.NativeMethodAccessorImpl.invoke(NativeMethodAccessorImpl.java:62)
	at java.base@11.0.17/jdk.internal.reflect.DelegatingMethodAccessorImpl.invoke(DelegatingMethodAccessorImpl.java:43)
	at java.base@11.0.17/java.lang.reflect.Method.invoke(Method.java:566)
	at app//net.thucydides.core.steps.StepInterceptor.invokeMethod(StepInterceptor.java:519)
	at app//net.thucydides.core.steps.StepInterceptor.executeTestStepMethod(StepInterceptor.java:499)
	at app//net.thucydides.core.steps.StepInterceptor.runTestStep(StepInterceptor.java:471)
	at app//net.thucydides.core.steps.StepInterceptor.runOrSkipMethod(StepInterceptor.java:213)
	at app//net.thucydides.core.steps.StepInterceptor.testStepResult(StepInterceptor.java:200)
	at app//net.thucydides.core.steps.StepInterceptor.intercept(StepInterceptor.java:92)
	at app//net.thucydides.core.steps.ProxyConfiguration$InterceptorDispatcher.intercept(ProxyConfiguration.java:51)
	at app//net.serenitybdd.screenplay.AnonymousTask$ByteBuddy$zfpYn5fX.performAs(Unknown Source)
	at app//net.serenitybdd.screenplay.Actor.performTask(Actor.java:299)
	at app//net.serenitybdd.screenplay.Actor.perform(Actor.java:274)
	at app//net.serenitybdd.screenplay.Actor.attemptsTo(Actor.java:215)
	at app//net.serenitybdd.screenplay.Actor.attemptsTo(Actor.java:222)
	at app//com.automation.tasks.CreateCashPayment.performAs(CreateCashPayment.java:27)
	at app//com.automation.tasks.CreateCashPayment$ByteBuddy$EVVB9wRQ.performAs$accessor$AfOBt0v3(Unknown Source)
	at java.base@11.0.17/jdk.internal.reflect.NativeMethodAccessorImpl.invoke0(Native Method)
	at java.base@11.0.17/jdk.internal.reflect.NativeMethodAccessorImpl.invoke(NativeMethodAccessorImpl.java:62)
	at java.base@11.0.17/jdk.internal.reflect.DelegatingMethodAccessorImpl.invoke(DelegatingMethodAccessorImpl.java:43)
	at java.base@11.0.17/java.lang.reflect.Method.invoke(Method.java:566)
	at app//net.thucydides.core.steps.StepInterceptor.invokeMethod(StepInterceptor.java:519)
	at app//net.thucydides.core.steps.StepInterceptor.executeTestStepMethod(StepInterceptor.java:499)
	at app//net.thucydides.core.steps.StepInterceptor.runTestStep(StepInterceptor.java:471)
	at app//net.thucydides.core.steps.StepInterceptor.runOrSkipMethod(StepInterceptor.java:213)
	at app//net.thucydides.core.steps.StepInterceptor.testStepResult(StepInterceptor.java:200)
	at app//net.thucydides.core.steps.StepInterceptor.intercept(StepInterceptor.java:92)
	at app//net.thucydides.core.steps.ProxyConfiguration$InterceptorDispatcher.intercept(ProxyConfiguration.java:51)
	at app//com.automation.tasks.CreateCashPayment$ByteBuddy$EVVB9wRQ.performAs(Unknown Source)
	at app//net.serenitybdd.screenplay.Actor.performTask(Actor.java:299)
	at app//net.serenitybdd.screenplay.Actor.perform(Actor.java:274)
	at app//net.serenitybdd.screenplay.Actor.attemptsTo(Actor.java:215)
	at app//net.serenitybdd.screenplay.Actor.attemptsTo(Actor.java:222)
	at app//net.serenitybdd.screenplay.Actor.wasAbleTo(Actor.java:193)
	at app//com.automation.features.CashTests.seeTheUpdateServiceResponseCorrectly_When_SubmitTheCorrectCashPaymentInformation(CashTests.java:62)
	at java.base@11.0.17/jdk.internal.reflect.NativeMethodAccessorImpl.invoke0(Native Method)
	at java.base@11.0.17/jdk.internal.reflect.NativeMethodAccessorImpl.invoke(NativeMethodAccessorImpl.java:62)
	at java.base@11.0.17/jdk.internal.reflect.DelegatingMethodAccessorImpl.invoke(DelegatingMethodAccessorImpl.java:43)
	at java.base@11.0.17/java.lang.reflect.Method.invoke(Method.java:566)
	at app//org.junit.platform.commons.util.ReflectionUtils.invokeMethod(ReflectionUtils.java:728)
	at app//org.junit.jupiter.engine.execution.MethodInvocation.proceed(MethodInvocation.java:60)
	at app//org.junit.jupiter.engine.execution.InvocationInterceptorChain$ValidatingInvocation.proceed(InvocationInterceptorChain.java:131)
	at app//org.junit.jupiter.engine.extension.TimeoutExtension.intercept(TimeoutExtension.java:156)
	at app//org.junit.jupiter.engine.extension.TimeoutExtension.interceptTestableMethod(TimeoutExtension.java:147)
	at app//org.junit.jupiter.engine.extension.TimeoutExtension.interceptTestMethod(TimeoutExtension.java:86)
	at app//org.junit.jupiter.engine.execution.InterceptingExecutableInvoker$ReflectiveInterceptorCall.lambda$ofVoidMethod$0(InterceptingExecutableInvoker.java:103)
	at app//org.junit.jupiter.engine.execution.InterceptingExecutableInvoker.lambda$invoke$0(InterceptingExecutableInvoker.java:93)
	at app//org.junit.jupiter.engine.execution.InvocationInterceptorChain$InterceptedInvocation.proceed(InvocationInterceptorChain.java:106)
	at app//org.junit.jupiter.engine.execution.InvocationInterceptorChain.proceed(InvocationInterceptorChain.java:64)
	at app//org.junit.jupiter.engine.execution.InvocationInterceptorChain.chainAndInvoke(InvocationInterceptorChain.java:45)
	at app//org.junit.jupiter.engine.execution.InvocationInterceptorChain.invoke(InvocationInterceptorChain.java:37)
	at app//org.junit.jupiter.engine.execution.InterceptingExecutableInvoker.invoke(InterceptingExecutableInvoker.java:92)
	at app//org.junit.jupiter.engine.execution.InterceptingExecutableInvoker.invoke(InterceptingExecutableInvoker.java:86)
	at app//org.junit.jupiter.engine.descriptor.TestMethodTestDescriptor.lambda$invokeTestMethod$7(TestMethodTestDescriptor.java:218)
	at app//org.junit.platform.engine.support.hierarchical.ThrowableCollector.execute(ThrowableCollector.java:73)
	at app//org.junit.jupiter.engine.descriptor.TestMethodTestDescriptor.invokeTestMethod(TestMethodTestDescriptor.java:214)
	at app//org.junit.jupiter.engine.descriptor.TestMethodTestDescriptor.execute(TestMethodTestDescriptor.java:139)
	at app//org.junit.jupiter.engine.descriptor.TestMethodTestDescriptor.execute(TestMethodTestDescriptor.java:69)
	at app//org.junit.platform.engine.support.hierarchical.NodeTestTask.lambda$executeRecursively$6(NodeTestTask.java:151)
	at app//org.junit.platform.engine.support.hierarchical.ThrowableCollector.execute(ThrowableCollector.java:73)
	at app//org.junit.platform.engine.support.hierarchical.NodeTestTask.lambda$executeRecursively$8(NodeTestTask.java:141)
	at app//org.junit.platform.engine.support.hierarchical.Node.around(Node.java:137)
	at app//org.junit.platform.engine.support.hierarchical.NodeTestTask.lambda$executeRecursively$9(NodeTestTask.java:139)
	at app//org.junit.platform.engine.support.hierarchical.ThrowableCollector.execute(ThrowableCollector.java:73)
	at app//org.junit.platform.engine.support.hierarchical.NodeTestTask.executeRecursively(NodeTestTask.java:138)
	at app//org.junit.platform.engine.support.hierarchical.NodeTestTask.execute(NodeTestTask.java:95)
	at java.base@11.0.17/java.util.ArrayList.forEach(ArrayList.java:1541)
	at app//org.junit.platform.engine.support.hierarchical.SameThreadHierarchicalTestExecutorService.invokeAll(SameThreadHierarchicalTestExecutorService.java:41)
	at app//org.junit.platform.engine.support.hierarchical.NodeTestTask.lambda$executeRecursively$6(NodeTestTask.java:155)
	at app//org.junit.platform.engine.support.hierarchical.ThrowableCollector.execute(ThrowableCollector.java:73)
	at app//org.junit.platform.engine.support.hierarchical.NodeTestTask.lambda$executeRecursively$8(NodeTestTask.java:141)
	at app//org.junit.platform.engine.support.hierarchical.Node.around(Node.java:137)
	at app//org.junit.platform.engine.support.hierarchical.NodeTestTask.lambda$executeRecursively$9(NodeTestTask.java:139)
	at app//org.junit.platform.engine.support.hierarchical.ThrowableCollector.execute(ThrowableCollector.java:73)
	at app//org.junit.platform.engine.support.hierarchical.NodeTestTask.executeRecursively(NodeTestTask.java:138)
	at app//org.junit.platform.engine.support.hierarchical.NodeTestTask.execute(NodeTestTask.java:95)
	at java.base@11.0.17/java.util.ArrayList.forEach(ArrayList.java:1541)
	at app//org.junit.platform.engine.support.hierarchical.SameThreadHierarchicalTestExecutorService.invokeAll(SameThreadHierarchicalTestExecutorService.java:41)
	at app//org.junit.platform.engine.support.hierarchical.NodeTestTask.lambda$executeRecursively$6(NodeTestTask.java:155)
	at app//org.junit.platform.engine.support.hierarchical.ThrowableCollector.execute(ThrowableCollector.java:73)
	at app//org.junit.platform.engine.support.hierarchical.NodeTestTask.lambda$executeRecursively$8(NodeTestTask.java:141)
	at app//org.junit.platform.engine.support.hierarchical.Node.around(Node.java:137)
	at app//org.junit.platform.engine.support.hierarchical.NodeTestTask.lambda$executeRecursively$9(NodeTestTask.java:139)
	at app//org.junit.platform.engine.support.hierarchical.ThrowableCollector.execute(ThrowableCollector.java:73)
	at app//org.junit.platform.engine.support.hierarchical.NodeTestTask.executeRecursively(NodeTestTask.java:138)
	at app//org.junit.platform.engine.support.hierarchical.NodeTestTask.execute(NodeTestTask.java:95)
	at app//org.junit.platform.engine.support.hierarchical.SameThreadHierarchicalTestExecutorService.submit(SameThreadHierarchicalTestExecutorService.java:35)
	at app//org.junit.platform.engine.support.hierarchical.HierarchicalTestExecutor.execute(HierarchicalTestExecutor.java:57)
	at app//org.junit.platform.engine.support.hierarchical.HierarchicalTestEngine.execute(HierarchicalTestEngine.java:54)
	at app//org.junit.platform.launcher.core.EngineExecutionOrchestrator.execute(EngineExecutionOrchestrator.java:198)
	at app//org.junit.platform.launcher.core.EngineExecutionOrchestrator.execute(EngineExecutionOrchestrator.java:169)
	at app//org.junit.platform.launcher.core.EngineExecutionOrchestrator.execute(EngineExecutionOrchestrator.java:93)
	at app//org.junit.platform.launcher.core.EngineExecutionOrchestrator.lambda$execute$0(EngineExecutionOrchestrator.java:58)
	at app//org.junit.platform.launcher.core.EngineExecutionOrchestrator.withInterceptedStreams(EngineExecutionOrchestrator.java:141)
	at app//org.junit.platform.launcher.core.EngineExecutionOrchestrator.execute(EngineExecutionOrchestrator.java:57)
	at app//org.junit.platform.launcher.core.DefaultLauncher.execute(DefaultLauncher.java:103)
	at app//org.junit.platform.launcher.core.DefaultLauncher.execute(DefaultLauncher.java:85)
	at app//org.junit.platform.launcher.core.DelegatingLauncher.execute(DelegatingLauncher.java:47)
	at org.gradle.api.internal.tasks.testing.junitplatform.JUnitPlatformTestClassProcessor$CollectAllTestClassesExecutor.processAllTestClasses(JUnitPlatformTestClassProcessor.java:110)
	at org.gradle.api.internal.tasks.testing.junitplatform.JUnitPlatformTestClassProcessor$CollectAllTestClassesExecutor.access$000(JUnitPlatformTestClassProcessor.java:90)
	at org.gradle.api.internal.tasks.testing.junitplatform.JUnitPlatformTestClassProcessor.stop(JUnitPlatformTestClassProcessor.java:85)
	at org.gradle.api.internal.tasks.testing.SuiteTestClassProcessor.stop(SuiteTestClassProcessor.java:62)
	at java.base@11.0.17/jdk.internal.reflect.NativeMethodAccessorImpl.invoke0(Native Method)
	at java.base@11.0.17/jdk.internal.reflect.NativeMethodAccessorImpl.invoke(NativeMethodAccessorImpl.java:62)
	at java.base@11.0.17/jdk.internal.reflect.DelegatingMethodAccessorImpl.invoke(DelegatingMethodAccessorImpl.java:43)
	at java.base@11.0.17/java.lang.reflect.Method.invoke(Method.java:566)
	at org.gradle.internal.dispatch.ReflectionDispatch.dispatch(ReflectionDispatch.java:36)
	at org.gradle.internal.dispatch.ReflectionDispatch.dispatch(ReflectionDispatch.java:24)
	at org.gradle.internal.dispatch.ContextClassLoaderDispatch.dispatch(ContextClassLoaderDispatch.java:33)
	at org.gradle.internal.dispatch.ProxyDispatchAdapter$DispatchingInvocationHandler.invoke(ProxyDispatchAdapter.java:94)
	at com.sun.proxy.$Proxy2.stop(Unknown Source)
	at org.gradle.api.internal.tasks.testing.worker.TestWorker$3.run(TestWorker.java:193)
	at org.gradle.api.internal.tasks.testing.worker.TestWorker.executeAndMaintainThreadName(TestWorker.java:129)
	at org.gradle.api.internal.tasks.testing.worker.TestWorker.execute(TestWorker.java:100)
	at org.gradle.api.internal.tasks.testing.worker.TestWorker.execute(TestWorker.java:60)
	at org.gradle.process.internal.worker.child.ActionExecutionWorker.execute(ActionExecutionWorker.java:56)
	at org.gradle.process.internal.worker.child.SystemApplicationClassLoaderWorker.call(SystemApplicationClassLoaderWorker.java:113)
	at org.gradle.process.internal.worker.child.SystemApplicationClassLoaderWorker.call(SystemApplicationClassLoaderWorker.java:65)
	at app//worker.org.gradle.process.internal.worker.GradleWorkerMain.run(GradleWorkerMain.java:69)
	at app//worker.org.gradle.process.internal.worker.GradleWorkerMain.main(GradleWorkerMain.java:74)
	Suppressed: net.serenitybdd.model.exceptions.SerenityManagedException: localhost:1337 failed to respond
		... 295 more
</failure>
  </testcase>
  <testcase name="seeTheCreateServiceResponseCorrectly_When_SubmitTheCorrectCashPaymentInformation()" classname="com.automation.features.CashTests" time="0.242">
    <failure message="net.serenitybdd.model.exceptions.SerenityManagedException: Connection refused (Connection refused)" type="net.serenitybdd.model.exceptions.SerenityManagedException">net.serenitybdd.model.exceptions.SerenityManagedException: Connection refused (Connection refused)
	at java.base@11.0.17/java.net.PlainSocketImpl.socketConnect(Native Method)
	at java.base@11.0.17/java.net.AbstractPlainSocketImpl.doConnect(AbstractPlainSocketImpl.java:412)
	at java.base@11.0.17/java.net.AbstractPlainSocketImpl.connectToAddress(AbstractPlainSocketImpl.java:255)
	at java.base@11.0.17/java.net.AbstractPlainSocketImpl.connect(AbstractPlainSocketImpl.java:237)
	at java.base@11.0.17/java.net.SocksSocketImpl.connect(SocksSocketImpl.java:392)
	at java.base@11.0.17/java.net.Socket.connect(Socket.java:608)
	at app//org.apache.http.conn.scheme.PlainSocketFactory.connectSocket(PlainSocketFactory.java:121)
	at app//org.apache.http.impl.conn.DefaultClientConnectionOperator.openConnection(DefaultClientConnectionOperator.java:180)
	at app//org.apache.http.impl.conn.ManagedClientConnectionImpl.open(ManagedClientConnectionImpl.java:326)
	at app//org.apache.http.impl.client.DefaultRequestDirector.tryConnect(DefaultRequestDirector.java:605)
	at app//org.apache.http.impl.client.DefaultRequestDirector.execute(DefaultRequestDirector.java:440)
	at app//org.apache.http.impl.client.AbstractHttpClient.doExecute(AbstractHttpClient.java:835)
	at app//org.apache.http.impl.client.CloseableHttpClient.execute(CloseableHttpClient.java:83)
	at app//io.restassured.internal.RestAssuredHttpBuilder.doRequest(RestAssuredHttpBuilder.java:141)
	at app//io.restassured.internal.http.HTTPBuilder.post(HTTPBuilder.java:349)
	at io.restassured.internal.http.HTTPBuilder$post$2.call(Unknown Source)
	at app//io.restassured.internal.RequestSpecificationImpl.sendRequest(RequestSpecificationImpl.groovy:1209)
	at app//io.restassured.internal.RequestSpecificationImpl.this$2$sendRequest(RequestSpecificationImpl.groovy)
	at java.base@11.0.17/jdk.internal.reflect.NativeMethodAccessorImpl.invoke0(Native Method)
	at java.base@11.0.17/jdk.internal.reflect.NativeMethodAccessorImpl.invoke(NativeMethodAccessorImpl.java:62)
	at java.base@11.0.17/jdk.internal.reflect.DelegatingMethodAccessorImpl.invoke(DelegatingMethodAccessorImpl.java:43)
	at java.base@11.0.17/java.lang.reflect.Method.invoke(Method.java:566)
	at app//org.codehaus.groovy.reflection.CachedMethod.invoke(CachedMethod.java:343)
	at app//groovy.lang.MetaMethod.doMethodInvoke(MetaMethod.java:328)
	at app//groovy.lang.MetaClassImpl.doInvokeMethod(MetaClassImpl.java:1332)
	at app//groovy.lang.MetaClassImpl.invokeMethod(MetaClassImpl.java:1087)
	at app//groovy.lang.MetaClassImpl.invokeMethod(MetaClassImpl.java:1006)
	at app//groovy.lang.MetaClassImpl.invokeMethod(MetaClassImpl.java:789)
	at app//io.restassured.internal.RequestSpecificationImpl.invokeMethod(RequestSpecificationImpl.groovy)
	at app//org.codehaus.groovy.runtime.callsite.PogoInterceptableSite.call(PogoInterceptableSite.java:46)
	at app//org.codehaus.groovy.runtime.callsite.AbstractCallSite.call(AbstractCallSite.java:166)
	at app//io.restassured.internal.filter.SendRequestFilter.filter(SendRequestFilter.groovy:30)
	at io.restassured.filter.Filter$filter$0.call(Unknown Source)
	at app//org.codehaus.groovy.runtime.callsite.CallSiteArray.defaultCall(CallSiteArray.java:45)
	at io.restassured.filter.Filter$filter.call(Unknown Source)
	at app//io.restassured.internal.filter.FilterContextImpl.next(FilterContextImpl.groovy:72)
	at app//io.restassured.filter.time.TimingFilter.filter(TimingFilter.java:56)
	at io.restassured.filter.Filter$filter.call(Unknown Source)
	at app//org.codehaus.groovy.runtime.callsite.CallSiteArray.defaultCall(CallSiteArray.java:45)
	at io.restassured.filter.Filter$filter$0.call(Unknown Source)
	at app//io.restassured.internal.filter.FilterContextImpl.next(FilterContextImpl.groovy:72)
	at io.restassured.filter.FilterContext$next.call(Unknown Source)
	at app//io.restassured.internal.filter.CsrfFilter.filter(CsrfFilter.groovy:70)
	at io.restassured.filter.Filter$filter$0.call(Unknown Source)
	at app//org.codehaus.groovy.runtime.callsite.CallSiteArray.defaultCall(CallSiteArray.java:45)
	at io.restassured.filter.Filter$filter.call(Unknown Source)
	at app//io.restassured.internal.filter.FilterContextImpl.next(FilterContextImpl.groovy:72)
	at app//io.restassured.filter.log.RequestLoggingFilter.filter(RequestLoggingFilter.java:146)
	at app//net.serenitybdd.rest.filters.FieldsRecordingFilter.filter(FieldsRecordingFilter.java:40)
	at io.restassured.filter.Filter$filter.call(Unknown Source)
	at app//io.restassured.internal.filter.FilterContextImpl.next(FilterContextImpl.groovy:72)
	at app//io.restassured.filter.log.RequestLoggingFilter.filter(RequestLoggingFilter.java:146)
	at app//net.serenitybdd.rest.filters.FieldsRecordingFilter.filter(FieldsRecordingFilter.java:40)
	at io.restassured.filter.Filter$filter.call(Unknown Source)
	at app//io.restassured.internal.filter.FilterContextImpl.next(FilterContextImpl.groovy:72)
	at app//io.restassured.filter.log.RequestLoggingFilter.filter(RequestLoggingFilter.java:146)
	at app//net.serenitybdd.rest.filters.FieldsRecordingFilter.filter(FieldsRecordingFilter.java:40)
	at io.restassured.filter.Filter$filter.call(Unknown Source)
	at app//io.restassured.internal.filter.FilterContextImpl.next(FilterContextImpl.groovy:72)
	at app//io.restassured.filter.log.RequestLoggingFilter.filter(RequestLoggingFilter.java:146)
	at app//net.serenitybdd.rest.filters.FieldsRecordingFilter.filter(FieldsRecordingFilter.java:40)
	at io.restassured.filter.Filter$filter.call(Unknown Source)
	at app//io.restassured.internal.filter.FilterContextImpl.next(FilterContextImpl.groovy:72)
	at app//io.restassured.filter.log.RequestLoggingFilter.filter(RequestLoggingFilter.java:146)
	at app//net.serenitybdd.rest.filters.FieldsRecordingFilter.filter(FieldsRecordingFilter.java:40)
	at io.restassured.filter.Filter$filter.call(Unknown Source)
	at app//io.restassured.internal.filter.FilterContextImpl.next(FilterContextImpl.groovy:72)
	at app//io.restassured.filter.log.RequestLoggingFilter.filter(RequestLoggingFilter.java:146)
	at app//net.serenitybdd.rest.filters.FieldsRecordingFilter.filter(FieldsRecordingFilter.java:40)
	at io.restassured.filter.Filter$filter.call(Unknown Source)
	at app//org.codehaus.groovy.runtime.callsite.CallSiteArray.defaultCall(CallSiteArray.java:45)
	at io.restassured.filter.Filter$filter.call(Unknown Source)
	at app//io.restassured.internal.filter.FilterContextImpl.next(FilterContextImpl.groovy:72)
	at app//io.restassured.filter.log.StatusCodeBasedLoggingFilter.filter(StatusCodeBasedLoggingFilter.java:112)
	at app//io.restassured.filter.log.ResponseLoggingFilter.filter(ResponseLoggingFilter.java:31)
	at io.restassured.filter.Filter$filter.call(Unknown Source)
	at app//org.codehaus.groovy.runtime.callsite.CallSiteArray.defaultCall(CallSiteArray.java:45)
	at io.restassured.filter.Filter$filter.call(Unknown Source)
	at app//io.restassured.internal.filter.FilterContextImpl.next(FilterContextImpl.groovy:72)
	at app//io.restassured.filter.log.RequestLoggingFilter.filter(RequestLoggingFilter.java:146)
	at io.restassured.filter.Filter$filter.call(Unknown Source)
	at app//org.codehaus.groovy.runtime.callsite.CallSiteArray.defaultCall(CallSiteArray.java:45)
	at io.restassured.filter.Filter$filter.call(Unknown Source)
	at app//io.restassured.internal.filter.FilterContextImpl.next(FilterContextImpl.groovy:72)
	at app//io.restassured.filter.log.StatusCodeBasedLoggingFilter.filter(StatusCodeBasedLoggingFilter.java:112)
	at app//io.restassured.filter.log.ResponseLoggingFilter.filter(ResponseLoggingFilter.java:31)
	at io.restassured.filter.Filter$filter.call(Unknown Source)
	at app//org.codehaus.groovy.runtime.callsite.CallSiteArray.defaultCall(CallSiteArray.java:45)
	at io.restassured.filter.Filter$filter.call(Unknown Source)
	at app//io.restassured.internal.filter.FilterContextImpl.next(FilterContextImpl.groovy:72)
	at app//io.restassured.filter.log.RequestLoggingFilter.filter(RequestLoggingFilter.java:146)
	at io.restassured.filter.Filter$filter.call(Unknown Source)
	at app//org.codehaus.groovy.runtime.callsite.CallSiteArray.defaultCall(CallSiteArray.java:45)
	at io.restassured.filter.Filter$filter.call(Unknown Source)
	at app//io.restassured.internal.filter.FilterContextImpl.next(FilterContextImpl.groovy:72)
	at app//io.restassured.filter.log.StatusCodeBasedLoggingFilter.filter(StatusCodeBasedLoggingFilter.java:112)
	at app//io.restassured.filter.log.ResponseLoggingFilter.filter(ResponseLoggingFilter.java:31)
	at io.restassured.filter.Filter$filter.call(Unknown Source)
	at app//org.codehaus.groovy.runtime.callsite.CallSiteArray.defaultCall(CallSiteArray.java:45)
	at io.restassured.filter.Filter$filter.call(Unknown Source)
	at app//io.restassured.internal.filter.FilterContextImpl.next(FilterContextImpl.groovy:72)
	at app//io.restassured.filter.log.RequestLoggingFilter.filter(RequestLoggingFilter.java:146)
	at io.restassured.filter.Filter$filter.call(Unknown Source)
	at app//org.codehaus.groovy.runtime.callsite.CallSiteArray.defaultCall(CallSiteArray.java:45)
	at io.restassured.filter.Filter$filter.call(Unknown Source)
	at app//io.restassured.internal.filter.FilterContextImpl.next(FilterContextImpl.groovy:72)
	at app//io.restassured.filter.log.StatusCodeBasedLoggingFilter.filter(StatusCodeBasedLoggingFilter.java:112)
	at app//io.restassured.filter.log.ResponseLoggingFilter.filter(ResponseLoggingFilter.java:31)
	at io.restassured.filter.Filter$filter.call(Unknown Source)
	at app//org.codehaus.groovy.runtime.callsite.CallSiteArray.defaultCall(CallSiteArray.java:45)
	at io.restassured.filter.Filter$filter.call(Unknown Source)
	at app//io.restassured.internal.filter.FilterContextImpl.next(FilterContextImpl.groovy:72)
	at app//io.restassured.filter.log.RequestLoggingFilter.filter(RequestLoggingFilter.java:146)
	at io.restassured.filter.Filter$filter.call(Unknown Source)
	at app//org.codehaus.groovy.runtime.callsite.CallSiteArray.defaultCall(CallSiteArray.java:45)
	at io.restassured.filter.Filter$filter.call(Unknown Source)
	at app//io.restassured.internal.filter.FilterContextImpl.next(FilterContextImpl.groovy:72)
	at app//io.restassured.filter.log.StatusCodeBasedLoggingFilter.filter(StatusCodeBasedLoggingFilter.java:112)
	at app//io.restassured.filter.log.ResponseLoggingFilter.filter(ResponseLoggingFilter.java:31)
	at io.restassured.filter.Filter$filter.call(Unknown Source)
	at app//org.codehaus.groovy.runtime.callsite.CallSiteArray.defaultCall(CallSiteArray.java:45)
	at io.restassured.filter.Filter$filter.call(Unknown Source)
	at app//io.restassured.internal.filter.FilterContextImpl.next(FilterContextImpl.groovy:72)
	at app//io.restassured.filter.log.RequestLoggingFilter.filter(RequestLoggingFilter.java:146)
	at io.restassured.filter.Filter$filter.call(Unknown Source)
	at app//org.codehaus.groovy.runtime.callsite.CallSiteArray.defaultCall(CallSiteArray.java:45)
	at io.restassured.filter.Filter$filter$0.call(Unknown Source)
	at app//io.restassured.internal.filter.FilterContextImpl.next(FilterContextImpl.groovy:72)
	at io.restassured.filter.FilterContext$next.call(Unknown Source)
	at app//io.restassured.internal.RequestSpecificationImpl.applyPathParamsAndSendRequest(RequestSpecificationImpl.groovy:1704)
	at app//io.restassured.internal.RequestSpecificationImpl.this$2$applyPathParamsAndSendRequest(RequestSpecificationImpl.groovy)
	at java.base@11.0.17/jdk.internal.reflect.NativeMethodAccessorImpl.invoke0(Native Method)
	at java.base@11.0.17/jdk.internal.reflect.NativeMethodAccessorImpl.invoke(NativeMethodAccessorImpl.java:62)
	at java.base@11.0.17/jdk.internal.reflect.DelegatingMethodAccessorImpl.invoke(DelegatingMethodAccessorImpl.java:43)
	at java.base@11.0.17/java.lang.reflect.Method.invoke(Method.java:566)
	at app//org.codehaus.groovy.reflection.CachedMethod.invoke(CachedMethod.java:343)
	at app//groovy.lang.MetaMethod.doMethodInvoke(MetaMethod.java:328)
	at app//groovy.lang.MetaClassImpl.doInvokeMethod(MetaClassImpl.java:1332)
	at app//groovy.lang.MetaClassImpl.invokeMethod(MetaClassImpl.java:1087)
	at app//groovy.lang.MetaClassImpl.invokeMethod(MetaClassImpl.java:1006)
	at app//groovy.lang.MetaClassImpl.invokeMethod(MetaClassImpl.java:789)
	at app//io.restassured.internal.RequestSpecificationImpl.invokeMethod(RequestSpecificationImpl.groovy)
	at app//org.codehaus.groovy.runtime.callsite.PogoInterceptableSite.call(PogoInterceptableSite.java:46)
	at app//org.codehaus.groovy.runtime.callsite.PogoInterceptableSite.callCurrent(PogoInterceptableSite.java:57)
	at app//org.codehaus.groovy.runtime.callsite.AbstractCallSite.callCurrent(AbstractCallSite.java:203)
	at app//io.restassured.internal.RequestSpecificationImpl.applyPathParamsAndSendRequest(RequestSpecificationImpl.groovy:1710)
	at app//io.restassured.internal.RequestSpecificationImpl.this$2$applyPathParamsAndSendRequest(RequestSpecificationImpl.groovy)
	at java.base@11.0.17/jdk.internal.reflect.NativeMethodAccessorImpl.invoke0(Native Method)
	at java.base@11.0.17/jdk.internal.reflect.NativeMethodAccessorImpl.invoke(NativeMethodAccessorImpl.java:62)
	at java.base@11.0.17/jdk.internal.reflect.DelegatingMethodAccessorImpl.invoke(DelegatingMethodAccessorImpl.java:43)
	at java.base@11.0.17/java.lang.reflect.Method.invoke(Method.java:566)
	at app//org.codehaus.groovy.reflection.CachedMethod.invoke(CachedMethod.java:343)
	at app//groovy.lang.MetaMethod.doMethodInvoke(MetaMethod.java:328)
	at app//groovy.lang.MetaClassImpl.doInvokeMethod(MetaClassImpl.java:1332)
	at app//groovy.lang.MetaClassImpl.invokeMethod(MetaClassImpl.java:1087)
	at app//groovy.lang.MetaClassImpl.invokeMethod(MetaClassImpl.java:1006)
	at app//groovy.lang.MetaClassImpl.invokeMethod(MetaClassImpl.java:789)
	at app//io.restassured.internal.RequestSpecificationImpl.invokeMethod(RequestSpecificationImpl.groovy)
	at app//org.codehaus.groovy.runtime.callsite.PogoInterceptableSite.call(PogoInterceptableSite.java:46)
	at app//org.codehaus.groovy.runtime.callsite.PogoInterceptableSite.callCurrent(PogoInterceptableSite.java:57)
	at app//org.codehaus.groovy.runtime.callsite.AbstractCallSite.callCurrent(AbstractCallSite.java:203)
	at app//io.restassured.internal.RequestSpecificationImpl.post(RequestSpecificationImpl.groovy:176)
	at app//net.serenitybdd.rest.decorators.request.RequestSpecificationDecorated.executeCall(RequestSpecificationDecorated.java:309)
	at app//net.serenitybdd.rest.decorators.request.RequestSpecificationDecorated.execute(RequestSpecificationDecorated.java:268)
	at app//net.serenitybdd.rest.decorators.request.RequestSpecificationDecorated.post(RequestSpecificationDecorated.java:120)
	at app//net.serenitybdd.rest.decorators.request.RequestSpecificationDecorated.post(RequestSpecificationDecorated.java:38)
	at app//net.serenitybdd.screenplay.rest.interactions.Post.performAs(Post.java:24)
	at app//net.serenitybdd.screenplay.rest.interactions.Post$ByteBuddy$Gg9VGJPp.performAs$accessor$olBkMmil(Unknown Source)
	at java.base@11.0.17/jdk.internal.reflect.NativeMethodAccessorImpl.invoke0(Native Method)
	at java.base@11.0.17/jdk.internal.reflect.NativeMethodAccessorImpl.invoke(NativeMethodAccessorImpl.java:62)
	at java.base@11.0.17/jdk.internal.reflect.DelegatingMethodAccessorImpl.invoke(DelegatingMethodAccessorImpl.java:43)
	at java.base@11.0.17/java.lang.reflect.Method.invoke(Method.java:566)
	at app//net.thucydides.core.steps.StepInterceptor.invokeMethod(StepInterceptor.java:519)
	at app//net.thucydides.core.steps.StepInterceptor.executeTestStepMethod(StepInterceptor.java:499)
	at app//net.thucydides.core.steps.StepInterceptor.runTestStep(StepInterceptor.java:471)
	at app//net.thucydides.core.steps.StepInterceptor.runOrSkipMethod(StepInterceptor.java:213)
	at app//net.thucydides.core.steps.StepInterceptor.testStepResult(StepInterceptor.java:200)
	at app//net.thucydides.core.steps.StepInterceptor.intercept(StepInterceptor.java:92)
	at app//net.thucydides.core.steps.ProxyConfiguration$InterceptorDispatcher.intercept(ProxyConfiguration.java:51)
	at app//net.serenitybdd.screenplay.rest.interactions.Post$ByteBuddy$Gg9VGJPp.performAs(Unknown Source)
	at app//net.serenitybdd.screenplay.Actor.performTask(Actor.java:299)
	at app//net.serenitybdd.screenplay.Actor.perform(Actor.java:274)
	at app//net.serenitybdd.screenplay.Actor.attemptsTo(Actor.java:215)
	at app//net.serenitybdd.screenplay.Actor.attemptsTo(Actor.java:222)
	at app//net.serenitybdd.screenplay.AnonymousPerformable.performAs(AnonymousPerformable.java:25)
	at app//net.serenitybdd.screenplay.AnonymousTask$ByteBuddy$zfpYn5fX.performAs$accessor$yX7VZj7M(Unknown Source)
	at java.base@11.0.17/jdk.internal.reflect.NativeMethodAccessorImpl.invoke0(Native Method)
	at java.base@11.0.17/jdk.internal.reflect.NativeMethodAccessorImpl.invoke(NativeMethodAccessorImpl.java:62)
	at java.base@11.0.17/jdk.internal.reflect.DelegatingMethodAccessorImpl.invoke(DelegatingMethodAccessorImpl.java:43)
	at java.base@11.0.17/java.lang.reflect.Method.invoke(Method.java:566)
	at app//net.thucydides.core.steps.StepInterceptor.invokeMethod(StepInterceptor.java:519)
	at app//net.thucydides.core.steps.StepInterceptor.executeTestStepMethod(StepInterceptor.java:499)
	at app//net.thucydides.core.steps.StepInterceptor.runTestStep(StepInterceptor.java:471)
	at app//net.thucydides.core.steps.StepInterceptor.runOrSkipMethod(StepInterceptor.java:213)
	at app//net.thucydides.core.steps.StepInterceptor.testStepResult(StepInterceptor.java:200)
	at app//net.thucydides.core.steps.StepInterceptor.intercept(StepInterceptor.java:92)
	at app//net.thucydides.core.steps.ProxyConfiguration$InterceptorDispatcher.intercept(ProxyConfiguration.java:51)
	at app//net.serenitybdd.screenplay.AnonymousTask$ByteBuddy$zfpYn5fX.performAs(Unknown Source)
	at app//net.serenitybdd.screenplay.Actor.performTask(Actor.java:299)
	at app//net.serenitybdd.screenplay.Actor.perform(Actor.java:274)
	at app//net.serenitybdd.screenplay.Actor.attemptsTo(Actor.java:215)
	at app//net.serenitybdd.screenplay.Actor.attemptsTo(Actor.java:222)
	at app//com.automation.tasks.CreateCashPayment.performAs(CreateCashPayment.java:27)
	at app//com.automation.tasks.CreateCashPayment$ByteBuddy$EVVB9wRQ.performAs$accessor$AfOBt0v3(Unknown Source)
	at java.base@11.0.17/jdk.internal.reflect.NativeMethodAccessorImpl.invoke0(Native Method)
	at java.base@11.0.17/jdk.internal.reflect.NativeMethodAccessorImpl.invoke(NativeMethodAccessorImpl.java:62)
	at java.base@11.0.17/jdk.internal.reflect.DelegatingMethodAccessorImpl.invoke(DelegatingMethodAccessorImpl.java:43)
	at java.base@11.0.17/java.lang.reflect.Method.invoke(Method.java:566)
	at app//net.thucydides.core.steps.StepInterceptor.invokeMethod(StepInterceptor.java:519)
	at app//net.thucydides.core.steps.StepInterceptor.executeTestStepMethod(StepInterceptor.java:499)
	at app//net.thucydides.core.steps.StepInterceptor.runTestStep(StepInterceptor.java:471)
	at app//net.thucydides.core.steps.StepInterceptor.runOrSkipMethod(StepInterceptor.java:213)
	at app//net.thucydides.core.steps.StepInterceptor.testStepResult(StepInterceptor.java:200)
	at app//net.thucydides.core.steps.StepInterceptor.intercept(StepInterceptor.java:92)
	at app//net.thucydides.core.steps.ProxyConfiguration$InterceptorDispatcher.intercept(ProxyConfiguration.java:51)
	at app//com.automation.tasks.CreateCashPayment$ByteBuddy$EVVB9wRQ.performAs(Unknown Source)
	at app//net.serenitybdd.screenplay.Actor.performTask(Actor.java:299)
	at app//net.serenitybdd.screenplay.Actor.perform(Actor.java:274)
	at app//net.serenitybdd.screenplay.Actor.attemptsTo(Actor.java:215)
	at app//net.serenitybdd.screenplay.Actor.attemptsTo(Actor.java:222)
	at app//com.automation.features.CashTests.seeTheCreateServiceResponseCorrectly_When_SubmitTheCorrectCashPaymentInformation(CashTests.java:23)
	at java.base@11.0.17/jdk.internal.reflect.NativeMethodAccessorImpl.invoke0(Native Method)
	at java.base@11.0.17/jdk.internal.reflect.NativeMethodAccessorImpl.invoke(NativeMethodAccessorImpl.java:62)
	at java.base@11.0.17/jdk.internal.reflect.DelegatingMethodAccessorImpl.invoke(DelegatingMethodAccessorImpl.java:43)
	at java.base@11.0.17/java.lang.reflect.Method.invoke(Method.java:566)
	at app//org.junit.platform.commons.util.ReflectionUtils.invokeMethod(ReflectionUtils.java:728)
	at app//org.junit.jupiter.engine.execution.MethodInvocation.proceed(MethodInvocation.java:60)
	at app//org.junit.jupiter.engine.execution.InvocationInterceptorChain$ValidatingInvocation.proceed(InvocationInterceptorChain.java:131)
	at app//org.junit.jupiter.engine.extension.TimeoutExtension.intercept(TimeoutExtension.java:156)
	at app//org.junit.jupiter.engine.extension.TimeoutExtension.interceptTestableMethod(TimeoutExtension.java:147)
	at app//org.junit.jupiter.engine.extension.TimeoutExtension.interceptTestMethod(TimeoutExtension.java:86)
	at app//org.junit.jupiter.engine.execution.InterceptingExecutableInvoker$ReflectiveInterceptorCall.lambda$ofVoidMethod$0(InterceptingExecutableInvoker.java:103)
	at app//org.junit.jupiter.engine.execution.InterceptingExecutableInvoker.lambda$invoke$0(InterceptingExecutableInvoker.java:93)
	at app//org.junit.jupiter.engine.execution.InvocationInterceptorChain$InterceptedInvocation.proceed(InvocationInterceptorChain.java:106)
	at app//org.junit.jupiter.engine.execution.InvocationInterceptorChain.proceed(InvocationInterceptorChain.java:64)
	at app//org.junit.jupiter.engine.execution.InvocationInterceptorChain.chainAndInvoke(InvocationInterceptorChain.java:45)
	at app//org.junit.jupiter.engine.execution.InvocationInterceptorChain.invoke(InvocationInterceptorChain.java:37)
	at app//org.junit.jupiter.engine.execution.InterceptingExecutableInvoker.invoke(InterceptingExecutableInvoker.java:92)
	at app//org.junit.jupiter.engine.execution.InterceptingExecutableInvoker.invoke(InterceptingExecutableInvoker.java:86)
	at app//org.junit.jupiter.engine.descriptor.TestMethodTestDescriptor.lambda$invokeTestMethod$7(TestMethodTestDescriptor.java:218)
	at app//org.junit.platform.engine.support.hierarchical.ThrowableCollector.execute(ThrowableCollector.java:73)
	at app//org.junit.jupiter.engine.descriptor.TestMethodTestDescriptor.invokeTestMethod(TestMethodTestDescriptor.java:214)
	at app//org.junit.jupiter.engine.descriptor.TestMethodTestDescriptor.execute(TestMethodTestDescriptor.java:139)
	at app//org.junit.jupiter.engine.descriptor.TestMethodTestDescriptor.execute(TestMethodTestDescriptor.java:69)
	at app//org.junit.platform.engine.support.hierarchical.NodeTestTask.lambda$executeRecursively$6(NodeTestTask.java:151)
	at app//org.junit.platform.engine.support.hierarchical.ThrowableCollector.execute(ThrowableCollector.java:73)
	at app//org.junit.platform.engine.support.hierarchical.NodeTestTask.lambda$executeRecursively$8(NodeTestTask.java:141)
	at app//org.junit.platform.engine.support.hierarchical.Node.around(Node.java:137)
	at app//org.junit.platform.engine.support.hierarchical.NodeTestTask.lambda$executeRecursively$9(NodeTestTask.java:139)
	at app//org.junit.platform.engine.support.hierarchical.ThrowableCollector.execute(ThrowableCollector.java:73)
	at app//org.junit.platform.engine.support.hierarchical.NodeTestTask.executeRecursively(NodeTestTask.java:138)
	at app//org.junit.platform.engine.support.hierarchical.NodeTestTask.execute(NodeTestTask.java:95)
	at java.base@11.0.17/java.util.ArrayList.forEach(ArrayList.java:1541)
	at app//org.junit.platform.engine.support.hierarchical.SameThreadHierarchicalTestExecutorService.invokeAll(SameThreadHierarchicalTestExecutorService.java:41)
	at app//org.junit.platform.engine.support.hierarchical.NodeTestTask.lambda$executeRecursively$6(NodeTestTask.java:155)
	at app//org.junit.platform.engine.support.hierarchical.ThrowableCollector.execute(ThrowableCollector.java:73)
	at app//org.junit.platform.engine.support.hierarchical.NodeTestTask.lambda$executeRecursively$8(NodeTestTask.java:141)
	at app//org.junit.platform.engine.support.hierarchical.Node.around(Node.java:137)
	at app//org.junit.platform.engine.support.hierarchical.NodeTestTask.lambda$executeRecursively$9(NodeTestTask.java:139)
	at app//org.junit.platform.engine.support.hierarchical.ThrowableCollector.execute(ThrowableCollector.java:73)
	at app//org.junit.platform.engine.support.hierarchical.NodeTestTask.executeRecursively(NodeTestTask.java:138)
	at app//org.junit.platform.engine.support.hierarchical.NodeTestTask.execute(NodeTestTask.java:95)
	at java.base@11.0.17/java.util.ArrayList.forEach(ArrayList.java:1541)
	at app//org.junit.platform.engine.support.hierarchical.SameThreadHierarchicalTestExecutorService.invokeAll(SameThreadHierarchicalTestExecutorService.java:41)
	at app//org.junit.platform.engine.support.hierarchical.NodeTestTask.lambda$executeRecursively$6(NodeTestTask.java:155)
	at app//org.junit.platform.engine.support.hierarchical.ThrowableCollector.execute(ThrowableCollector.java:73)
	at app//org.junit.platform.engine.support.hierarchical.NodeTestTask.lambda$executeRecursively$8(NodeTestTask.java:141)
	at app//org.junit.platform.engine.support.hierarchical.Node.around(Node.java:137)
	at app//org.junit.platform.engine.support.hierarchical.NodeTestTask.lambda$executeRecursively$9(NodeTestTask.java:139)
	at app//org.junit.platform.engine.support.hierarchical.ThrowableCollector.execute(ThrowableCollector.java:73)
	at app//org.junit.platform.engine.support.hierarchical.NodeTestTask.executeRecursively(NodeTestTask.java:138)
	at app//org.junit.platform.engine.support.hierarchical.NodeTestTask.execute(NodeTestTask.java:95)
	at app//org.junit.platform.engine.support.hierarchical.SameThreadHierarchicalTestExecutorService.submit(SameThreadHierarchicalTestExecutorService.java:35)
	at app//org.junit.platform.engine.support.hierarchical.HierarchicalTestExecutor.execute(HierarchicalTestExecutor.java:57)
	at app//org.junit.platform.engine.support.hierarchical.HierarchicalTestEngine.execute(HierarchicalTestEngine.java:54)
	at app//org.junit.platform.launcher.core.EngineExecutionOrchestrator.execute(EngineExecutionOrchestrator.java:198)
	at app//org.junit.platform.launcher.core.EngineExecutionOrchestrator.execute(EngineExecutionOrchestrator.java:169)
	at app//org.junit.platform.launcher.core.EngineExecutionOrchestrator.execute(EngineExecutionOrchestrator.java:93)
	at app//org.junit.platform.launcher.core.EngineExecutionOrchestrator.lambda$execute$0(EngineExecutionOrchestrator.java:58)
	at app//org.junit.platform.launcher.core.EngineExecutionOrchestrator.withInterceptedStreams(EngineExecutionOrchestrator.java:141)
	at app//org.junit.platform.launcher.core.EngineExecutionOrchestrator.execute(EngineExecutionOrchestrator.java:57)
	at app//org.junit.platform.launcher.core.DefaultLauncher.execute(DefaultLauncher.java:103)
	at app//org.junit.platform.launcher.core.DefaultLauncher.execute(DefaultLauncher.java:85)
	at app//org.junit.platform.launcher.core.DelegatingLauncher.execute(DelegatingLauncher.java:47)
	at org.gradle.api.internal.tasks.testing.junitplatform.JUnitPlatformTestClassProcessor$CollectAllTestClassesExecutor.processAllTestClasses(JUnitPlatformTestClassProcessor.java:110)
	at org.gradle.api.internal.tasks.testing.junitplatform.JUnitPlatformTestClassProcessor$CollectAllTestClassesExecutor.access$000(JUnitPlatformTestClassProcessor.java:90)
	at org.gradle.api.internal.tasks.testing.junitplatform.JUnitPlatformTestClassProcessor.stop(JUnitPlatformTestClassProcessor.java:85)
	at org.gradle.api.internal.tasks.testing.SuiteTestClassProcessor.stop(SuiteTestClassProcessor.java:62)
	at java.base@11.0.17/jdk.internal.reflect.NativeMethodAccessorImpl.invoke0(Native Method)
	at java.base@11.0.17/jdk.internal.reflect.NativeMethodAccessorImpl.invoke(NativeMethodAccessorImpl.java:62)
	at java.base@11.0.17/jdk.internal.reflect.DelegatingMethodAccessorImpl.invoke(DelegatingMethodAccessorImpl.java:43)
	at java.base@11.0.17/java.lang.reflect.Method.invoke(Method.java:566)
	at org.gradle.internal.dispatch.ReflectionDispatch.dispatch(ReflectionDispatch.java:36)
	at org.gradle.internal.dispatch.ReflectionDispatch.dispatch(ReflectionDispatch.java:24)
	at org.gradle.internal.dispatch.ContextClassLoaderDispatch.dispatch(ContextClassLoaderDispatch.java:33)
	at org.gradle.internal.dispatch.ProxyDispatchAdapter$DispatchingInvocationHandler.invoke(ProxyDispatchAdapter.java:94)
	at com.sun.proxy.$Proxy2.stop(Unknown Source)
	at org.gradle.api.internal.tasks.testing.worker.TestWorker$3.run(TestWorker.java:193)
	at org.gradle.api.internal.tasks.testing.worker.TestWorker.executeAndMaintainThreadName(TestWorker.java:129)
	at org.gradle.api.internal.tasks.testing.worker.TestWorker.execute(TestWorker.java:100)
	at org.gradle.api.internal.tasks.testing.worker.TestWorker.execute(TestWorker.java:60)
	at org.gradle.process.internal.worker.child.ActionExecutionWorker.execute(ActionExecutionWorker.java:56)
	at org.gradle.process.internal.worker.child.SystemApplicationClassLoaderWorker.call(SystemApplicationClassLoaderWorker.java:113)
	at org.gradle.process.internal.worker.child.SystemApplicationClassLoaderWorker.call(SystemApplicationClassLoaderWorker.java:65)
	at app//worker.org.gradle.process.internal.worker.GradleWorkerMain.run(GradleWorkerMain.java:69)
	at app//worker.org.gradle.process.internal.worker.GradleWorkerMain.main(GradleWorkerMain.java:74)
	Suppressed: net.serenitybdd.model.exceptions.SerenityManagedException: Connection refused (Connection refused)
		... 306 more
</failure>
  </testcase>
  <system-out><![CDATA[Request method:	POST
Request URI:	http://localhost:1337/api/v1/cash-payment
Proxy:			<none>
Request params:	<none>
Query params:	<none>
Form params:	<none>
Path params:	<none>
Headers:		Accept=*/*
				Content-Type=application/json
Cookies:		<none>
Multiparts:		<none>
Body:
{
    "cashreference": "578961422",
    "cashuserEmail": "mary.macgyver@yahoo.com",
    "cashamount": 425896,
    "cashcollectorCash": "Nequi",
    "cashcellphone": "(168) 666-1806"
}
HTTP/1.1 201 Created
X-Powered-By: Express
Content-Type: application/json; charset=utf-8
Content-Length: 193
ETag: W/"c1-31DwOhHEh+4FN/HzEZoc78YbS2s"
Date: Thu, 05 Oct 2023 15:33:55 GMT
Connection: keep-alive
Keep-Alive: timeout=5

{
    "cashreference": "578961422",
    "cashuserEmail": "mary.macgyver@yahoo.com",
    "cashcollectorCash": "Nequi",
    "cashamount": 425896,
    "cashcellphone": "(168) 666-1806",
    "_id": "651ed762774d199481de9154",
    "__v": 0
}
Request method:	DELETE
Request URI:	http://localhost:1337/api/v1/cash-payment/651ed762774d199481de9154
Proxy:			<none>
Request params:	<none>
Query params:	<none>
Form params:	<none>
Path params:	id=651ed762774d199481de9154
Headers:		Accept=*/*
				Content-Type=application/json
Cookies:		<none>
Multiparts:		<none>
Body:			<none>
HTTP/1.1 201 Created
X-Powered-By: Express
Content-Type: application/json; charset=utf-8
Content-Length: 78
ETag: W/"4e-cEfuziR6MsTpAeeaQxCQ2WSbdGE"
Date: Thu, 05 Oct 2023 15:33:56 GMT
Connection: keep-alive
Keep-Alive: timeout=5

{
    "status": "OK",
    "message": "Cash payment deleted successfull",
    "items_deleted": 1
}
Request method:	GET
Request URI:	http://localhost:1337/api/v1/cash-payments
Proxy:			<none>
Request params:	<none>
Query params:	<none>
Form params:	<none>
Path params:	<none>
Headers:		Accept=*/*
				Content-Type=application/json
Cookies:		<none>
Multiparts:		<none>
Body:			<none>
Request method:	GET
Request URI:	http://localhost:1337/api/v1/cash-payments
Proxy:			<none>
Request params:	<none>
Query params:	<none>
Form params:	<none>
Path params:	<none>
Headers:		Accept=*/*
				Content-Type=application/json
Cookies:		<none>
Multiparts:		<none>
Body:			<none>
HTTP/1.1 200 OK
X-Powered-By: Express
Content-Type: application/json; charset=utf-8
Content-Length: 1759
ETag: W/"6df-ikf9bifM7oHjmsvpkPAoBew+nxI"
Date: Thu, 05 Oct 2023 15:33:56 GMT
Connection: keep-alive
Keep-Alive: timeout=5

{
    "status": "OK",
    "message": "Cash payments request",
    "results": [
        {
            "_id": "651c5feb1d6049ea21c75b83",
            "cashreference": "CASH00001",
            "cashuserEmail": "user1234@test.com",
            "cashcollectorCash": "Efecty",
            "cashamount": 15000,
            "cashcellphone": "573225568899",
            "__v": 0
        },
        {
            "_id": "651c60531d6049ea21c75b8d",
            "cashreference": "CASHCYP061",
            "cashuserEmail": "cypre5191@test.com",
            "cashcollectorCash": "Efecty",
            "cashamount": 753127,
            "cashcellphone": "573269153262",
            "__v": 0
        },
        {
            "_id": "651c605f1d6049ea21c75b91",
            "cashreference": "CASHCYP255",
            "cashuserEmail": "cypre709@test.com",
            "cashcollectorCash": "Efecty",
            "cashamount": 601032,
            "cashcellphone": "573279588072",
            "__v": 0
        },
        {
            "_id": "651c60b551ce26e240c9e1e4",
            "cashreference": "CASHCYP031",
            "cashuserEmail": "usercash7328@test.com",
            "cashcollectorCash": "Efecty",
            "cashamount": 285774,
            "cashcellphone": "573264506884",
            "__v": 0
        },
        {
            "_id": "651c61927e2c8987e1fbc59b",
            "cashreference": "CASH92045",
            "cashuserEmail": "user6584@test.com",
            "cashcollectorCash": "Efecty",
            "cashamount": 875210,
            "cashcellphone": "5760179797",
            "__v": 0
        },
        {
            "_id": "651c61dec3f836da381f6767",
            "cashreference": "CASH83636",
            "cashuserEmail": "user4616@test.com",
            "cashcollectorCash": "Efecty",
            "cashamount": 887038,
            "cashcellphone": "5774246754",
            "__v": 0
        },
        {
            "_id": "651c62585974ddf3d10cc2a2",
            "cashreference": "CASHCYP704",
            "cashuserEmail": "usercash8037@test.com",
            "cashcollectorCash": "Efecty",
            "cashamount": 614958,
            "cashcellphone": "573248565926",
            "__v": 0
        },
        {
            "_id": "651dcaa393d3b86af837a6f0",
            "cashreference": "CASH90115",
            "cashuserEmail": "user8848@test.com",
            "cashcollectorCash": "Efecty",
            "cashamount": 978946,
            "cashcellphone": "5779522418",
            "__v": 0
        },
        {
            "_id": "651ed496774d199481de9147",
            "cashreference": "196237139",
            "cashuserEmail": "sterling.dickens@yahoo.com",
            "cashcollectorCash": "Efecty",
            "cashamount": 788455,
            "cashcellphone": "916.458.0602",
            "__v": 0
        }
    ]
}
HTTP/1.1 200 OK
X-Powered-By: Express
Content-Type: application/json; charset=utf-8
Content-Length: 1759
ETag: W/"6df-ikf9bifM7oHjmsvpkPAoBew+nxI"
Date: Thu, 05 Oct 2023 15:33:56 GMT
Connection: keep-alive
Keep-Alive: timeout=5

{
    "status": "OK",
    "message": "Cash payments request",
    "results": [
        {
            "_id": "651c5feb1d6049ea21c75b83",
            "cashreference": "CASH00001",
            "cashuserEmail": "user1234@test.com",
            "cashcollectorCash": "Efecty",
            "cashamount": 15000,
            "cashcellphone": "573225568899",
            "__v": 0
        },
        {
            "_id": "651c60531d6049ea21c75b8d",
            "cashreference": "CASHCYP061",
            "cashuserEmail": "cypre5191@test.com",
            "cashcollectorCash": "Efecty",
            "cashamount": 753127,
            "cashcellphone": "573269153262",
            "__v": 0
        },
        {
            "_id": "651c605f1d6049ea21c75b91",
            "cashreference": "CASHCYP255",
            "cashuserEmail": "cypre709@test.com",
            "cashcollectorCash": "Efecty",
            "cashamount": 601032,
            "cashcellphone": "573279588072",
            "__v": 0
        },
        {
            "_id": "651c60b551ce26e240c9e1e4",
            "cashreference": "CASHCYP031",
            "cashuserEmail": "usercash7328@test.com",
            "cashcollectorCash": "Efecty",
            "cashamount": 285774,
            "cashcellphone": "573264506884",
            "__v": 0
        },
        {
            "_id": "651c61927e2c8987e1fbc59b",
            "cashreference": "CASH92045",
            "cashuserEmail": "user6584@test.com",
            "cashcollectorCash": "Efecty",
            "cashamount": 875210,
            "cashcellphone": "5760179797",
            "__v": 0
        },
        {
            "_id": "651c61dec3f836da381f6767",
            "cashreference": "CASH83636",
            "cashuserEmail": "user4616@test.com",
            "cashcollectorCash": "Efecty",
            "cashamount": 887038,
            "cashcellphone": "5774246754",
            "__v": 0
        },
        {
            "_id": "651c62585974ddf3d10cc2a2",
            "cashreference": "CASHCYP704",
            "cashuserEmail": "usercash8037@test.com",
            "cashcollectorCash": "Efecty",
            "cashamount": 614958,
            "cashcellphone": "573248565926",
            "__v": 0
        },
        {
            "_id": "651dcaa393d3b86af837a6f0",
            "cashreference": "CASH90115",
            "cashuserEmail": "user8848@test.com",
            "cashcollectorCash": "Efecty",
            "cashamount": 978946,
            "cashcellphone": "5779522418",
            "__v": 0
        },
        {
            "_id": "651ed496774d199481de9147",
            "cashreference": "196237139",
            "cashuserEmail": "sterling.dickens@yahoo.com",
            "cashcollectorCash": "Efecty",
            "cashamount": 788455,
            "cashcellphone": "916.458.0602",
            "__v": 0
        }
    ]
}
Request method:	POST
Request URI:	http://localhost:1337/api/v1/cash-payment
Proxy:			<none>
Request params:	<none>
Query params:	<none>
Form params:	<none>
Path params:	<none>
Headers:		Accept=*/*
				Content-Type=application/json
Cookies:		<none>
Multiparts:		<none>
Body:
{
    "cashreference": "578961422",
    "cashuserEmail": "rob.zieme@gmail.com",
    "cashamount": 748023,
    "cashcollectorCash": "Baloto",
    "cashcellphone": "672-680-7528"
}
Request method:	POST
Request URI:	http://localhost:1337/api/v1/cash-payment
Proxy:			<none>
Request params:	<none>
Query params:	<none>
Form params:	<none>
Path params:	<none>
Headers:		Accept=*/*
				Content-Type=application/json
Cookies:		<none>
Multiparts:		<none>
Body:
{
    "cashreference": "578961422",
    "cashuserEmail": "rob.zieme@gmail.com",
    "cashamount": 748023,
    "cashcollectorCash": "Baloto",
    "cashcellphone": "672-680-7528"
}
Request method:	POST
Request URI:	http://localhost:1337/api/v1/cash-payment
Proxy:			<none>
Request params:	<none>
Query params:	<none>
Form params:	<none>
Path params:	<none>
Headers:		Accept=*/*
				Content-Type=application/json
Cookies:		<none>
Multiparts:		<none>
Body:
{
    "cashreference": "578961422",
    "cashuserEmail": "rob.zieme@gmail.com",
    "cashamount": 748023,
    "cashcollectorCash": "Baloto",
    "cashcellphone": "672-680-7528"
}
HTTP/1.1 201 Created
X-Powered-By: Express
Content-Type: application/json; charset=utf-8
Content-Length: 188
ETag: W/"bc-Rrvr91uFTULxNwO0lh0OueNv8ww"
Date: Thu, 05 Oct 2023 15:33:56 GMT
Connection: keep-alive
Keep-Alive: timeout=5

{
    "cashreference": "578961422",
    "cashuserEmail": "rob.zieme@gmail.com",
    "cashcollectorCash": "Baloto",
    "cashamount": 748023,
    "cashcellphone": "672-680-7528",
    "_id": "651ed764774d199481de915e",
    "__v": 0
}
HTTP/1.1 201 Created
X-Powered-By: Express
Content-Type: application/json; charset=utf-8
Content-Length: 188
ETag: W/"bc-Rrvr91uFTULxNwO0lh0OueNv8ww"
Date: Thu, 05 Oct 2023 15:33:56 GMT
Connection: keep-alive
Keep-Alive: timeout=5

{
    "cashreference": "578961422",
    "cashuserEmail": "rob.zieme@gmail.com",
    "cashcollectorCash": "Baloto",
    "cashamount": 748023,
    "cashcellphone": "672-680-7528",
    "_id": "651ed764774d199481de915e",
    "__v": 0
}
HTTP/1.1 201 Created
X-Powered-By: Express
Content-Type: application/json; charset=utf-8
Content-Length: 188
ETag: W/"bc-Rrvr91uFTULxNwO0lh0OueNv8ww"
Date: Thu, 05 Oct 2023 15:33:56 GMT
Connection: keep-alive
Keep-Alive: timeout=5

{
    "cashreference": "578961422",
    "cashuserEmail": "rob.zieme@gmail.com",
    "cashcollectorCash": "Baloto",
    "cashamount": 748023,
    "cashcellphone": "672-680-7528",
    "_id": "651ed764774d199481de915e",
    "__v": 0
}
Request method:	GET
Request URI:	http://localhost:1337/api/v1/cash-payment/651ed764774d199481de915e
Proxy:			<none>
Request params:	<none>
Query params:	<none>
Form params:	<none>
Path params:	id=651ed764774d199481de915e
Headers:		Accept=*/*
				Content-Type=application/json
Cookies:		<none>
Multiparts:		<none>
Body:			<none>
Request method:	GET
Request URI:	http://localhost:1337/api/v1/cash-payment/651ed764774d199481de915e
Proxy:			<none>
Request params:	<none>
Query params:	<none>
Form params:	<none>
Path params:	id=651ed764774d199481de915e
Headers:		Accept=*/*
				Content-Type=application/json
Cookies:		<none>
Multiparts:		<none>
Body:			<none>
Request method:	GET
Request URI:	http://localhost:1337/api/v1/cash-payment/651ed764774d199481de915e
Proxy:			<none>
Request params:	<none>
Query params:	<none>
Form params:	<none>
Path params:	id=651ed764774d199481de915e
Headers:		Accept=*/*
				Content-Type=application/json
Cookies:		<none>
Multiparts:		<none>
Body:			<none>
HTTP/1.1 200 OK
X-Powered-By: Express
Content-Type: application/json; charset=utf-8
Content-Length: 246
ETag: W/"f6-md5AGe+WFsvoHOei63UrpP6WEjY"
Date: Thu, 05 Oct 2023 15:33:57 GMT
Connection: keep-alive
Keep-Alive: timeout=5

{
    "status": "OK",
    "message": "Cash payment request",
    "result": {
        "_id": "651ed764774d199481de915e",
        "cashreference": "578961422",
        "cashuserEmail": "rob.zieme@gmail.com",
        "cashcollectorCash": "Baloto",
        "cashamount": 748023,
        "cashcellphone": "672-680-7528",
        "__v": 0
    }
}
HTTP/1.1 200 OK
X-Powered-By: Express
Content-Type: application/json; charset=utf-8
Content-Length: 246
ETag: W/"f6-md5AGe+WFsvoHOei63UrpP6WEjY"
Date: Thu, 05 Oct 2023 15:33:57 GMT
Connection: keep-alive
Keep-Alive: timeout=5

{
    "status": "OK",
    "message": "Cash payment request",
    "result": {
        "_id": "651ed764774d199481de915e",
        "cashreference": "578961422",
        "cashuserEmail": "rob.zieme@gmail.com",
        "cashcollectorCash": "Baloto",
        "cashamount": 748023,
        "cashcellphone": "672-680-7528",
        "__v": 0
    }
}
HTTP/1.1 200 OK
X-Powered-By: Express
Content-Type: application/json; charset=utf-8
Content-Length: 246
ETag: W/"f6-md5AGe+WFsvoHOei63UrpP6WEjY"
Date: Thu, 05 Oct 2023 15:33:57 GMT
Connection: keep-alive
Keep-Alive: timeout=5

{
    "status": "OK",
    "message": "Cash payment request",
    "result": {
        "_id": "651ed764774d199481de915e",
        "cashreference": "578961422",
        "cashuserEmail": "rob.zieme@gmail.com",
        "cashcollectorCash": "Baloto",
        "cashamount": 748023,
        "cashcellphone": "672-680-7528",
        "__v": 0
    }
}
Request method:	POST
Request URI:	http://localhost:1337/api/v1/cash-payment
Proxy:			<none>
Request params:	<none>
Query params:	<none>
Form params:	<none>
Path params:	<none>
Headers:		Accept=*/*
				Content-Type=application/json
Cookies:		<none>
Multiparts:		<none>
Body:
{
    "cashreference": "578961422",
    "cashuserEmail": "joesph.wuckert@gmail.com",
    "cashamount": 387098,
    "cashcollectorCash": "Baloto",
    "cashcellphone": "549.163.4284"
}
Request method:	POST
Request URI:	http://localhost:1337/api/v1/cash-payment
Proxy:			<none>
Request params:	<none>
Query params:	<none>
Form params:	<none>
Path params:	<none>
Headers:		Accept=*/*
				Content-Type=application/json
Cookies:		<none>
Multiparts:		<none>
Body:
{
    "cashreference": "578961422",
    "cashuserEmail": "joesph.wuckert@gmail.com",
    "cashamount": 387098,
    "cashcollectorCash": "Baloto",
    "cashcellphone": "549.163.4284"
}
Request method:	POST
Request URI:	http://localhost:1337/api/v1/cash-payment
Proxy:			<none>
Request params:	<none>
Query params:	<none>
Form params:	<none>
Path params:	<none>
Headers:		Accept=*/*
				Content-Type=application/json
Cookies:		<none>
Multiparts:		<none>
Body:
{
    "cashreference": "578961422",
    "cashuserEmail": "joesph.wuckert@gmail.com",
    "cashamount": 387098,
    "cashcollectorCash": "Baloto",
    "cashcellphone": "549.163.4284"
}
Request method:	POST
Request URI:	http://localhost:1337/api/v1/cash-payment
Proxy:			<none>
Request params:	<none>
Query params:	<none>
Form params:	<none>
Path params:	<none>
Headers:		Accept=*/*
				Content-Type=application/json
Cookies:		<none>
Multiparts:		<none>
Body:
{
    "cashreference": "578961422",
    "cashuserEmail": "joesph.wuckert@gmail.com",
    "cashamount": 387098,
    "cashcollectorCash": "Baloto",
    "cashcellphone": "549.163.4284"
}
Request method:	POST
Request URI:	http://localhost:1337/api/v1/cash-payment
Proxy:			<none>
Request params:	<none>
Query params:	<none>
Form params:	<none>
Path params:	<none>
Headers:		Accept=*/*
				Content-Type=application/json
Cookies:		<none>
Multiparts:		<none>
Body:
{
    "cashreference": "578961422",
    "cashuserEmail": "mandy.orn@hotmail.com",
    "cashamount": 550524,
    "cashcollectorCash": "Nequi",
    "cashcellphone": "134-079-6147"
}
Request method:	POST
Request URI:	http://localhost:1337/api/v1/cash-payment
Proxy:			<none>
Request params:	<none>
Query params:	<none>
Form params:	<none>
Path params:	<none>
Headers:		Accept=*/*
				Content-Type=application/json
Cookies:		<none>
Multiparts:		<none>
Body:
{
    "cashreference": "578961422",
    "cashuserEmail": "mandy.orn@hotmail.com",
    "cashamount": 550524,
    "cashcollectorCash": "Nequi",
    "cashcellphone": "134-079-6147"
}
Request method:	POST
Request URI:	http://localhost:1337/api/v1/cash-payment
Proxy:			<none>
Request params:	<none>
Query params:	<none>
Form params:	<none>
Path params:	<none>
Headers:		Accept=*/*
				Content-Type=application/json
Cookies:		<none>
Multiparts:		<none>
Body:
{
    "cashreference": "578961422",
    "cashuserEmail": "mandy.orn@hotmail.com",
    "cashamount": 550524,
    "cashcollectorCash": "Nequi",
    "cashcellphone": "134-079-6147"
}
Request method:	POST
Request URI:	http://localhost:1337/api/v1/cash-payment
Proxy:			<none>
Request params:	<none>
Query params:	<none>
Form params:	<none>
Path params:	<none>
Headers:		Accept=*/*
				Content-Type=application/json
Cookies:		<none>
Multiparts:		<none>
Body:
{
    "cashreference": "578961422",
    "cashuserEmail": "mandy.orn@hotmail.com",
    "cashamount": 550524,
    "cashcollectorCash": "Nequi",
    "cashcellphone": "134-079-6147"
}
Request method:	POST
Request URI:	http://localhost:1337/api/v1/cash-payment
Proxy:			<none>
Request params:	<none>
Query params:	<none>
Form params:	<none>
Path params:	<none>
Headers:		Accept=*/*
				Content-Type=application/json
Cookies:		<none>
Multiparts:		<none>
Body:
{
    "cashreference": "578961422",
    "cashuserEmail": "mandy.orn@hotmail.com",
    "cashamount": 550524,
    "cashcollectorCash": "Nequi",
    "cashcellphone": "134-079-6147"
}
]]></system-out>
  <system-err><![CDATA[]]></system-err>
</testsuite>
