<?xml version="1.0" encoding="UTF-8"?>
<testsuite name="com.automation.features.CashTests" tests="5" skipped="0" failures="0" errors="0" timestamp="2023-09-25T20:39:36" hostname="Edisons-MacBook-Pro.local" time="6.574">
  <properties/>
  <testcase name="seeTheDeleteServiceResponseCorrectly_When_SubmitTheCorrectCashPaymentInformation()" classname="com.automation.features.CashTests" time="4.372"/>
  <testcase name="seeTheGetAllServiceResponseCorrectly_When_SubmitTheCorrectCashPaymentInformation()" classname="com.automation.features.CashTests" time="0.425"/>
  <testcase name="seeTheGetServiceResponseCorrectly_When_SubmitTheCorrectCashPaymentInformation()" classname="com.automation.features.CashTests" time="0.554"/>
  <testcase name="seeTheUpdateServiceResponseCorrectly_When_SubmitTheCorrectCashPaymentInformation()" classname="com.automation.features.CashTests" time="0.513"/>
  <testcase name="seeTheCreateServiceResponseCorrectly_When_SubmitTheCorrectCashPaymentInformation()" classname="com.automation.features.CashTests" time="0.369"/>
  <system-out><![CDATA[Request method:	POST
Request URI:	http://localhost:1337/api/v1/cash-payment
Proxy:			<none>
Request params:	<none>
Query params:	<none>
Form params:	<none>
Path params:	<none>
Headers:		Accept=*/*
				Content-Type=application/json
Cookies:		<none>
Multiparts:		<none>
Body:
{
    "reference": "578961422",
    "userEmail": "steven.nienow@hotmail.com",
    "amount": 275103,
    "collectorCash": "SuRed",
    "cellphone": "(717) 964-1477"
}
HTTP/1.1 200 OK
X-Powered-By: Express
Content-Type: application/json; charset=utf-8
Content-Length: 175
ETag: W/"af-BD0/19dVRUZgGJqe2Tq2rkIlaNo"
Date: Mon, 25 Sep 2023 20:39:39 GMT
Connection: keep-alive
Keep-Alive: timeout=5

{
    "reference": "578961422",
    "userEmail": "steven.nienow@hotmail.com",
    "collectorCash": "SuRed",
    "amount": 275103,
    "cellphone": "(717) 964-1477",
    "_id": "6511f00bd1dfd8f1c1d255f1",
    "__v": 0
}
Request method:	DELETE
Request URI:	http://localhost:1337/api/v1/cash-payment/6511f00bd1dfd8f1c1d255f1
Proxy:			<none>
Request params:	<none>
Query params:	<none>
Form params:	<none>
Path params:	id=6511f00bd1dfd8f1c1d255f1
Headers:		Accept=*/*
				Content-Type=application/json
Cookies:		<none>
Multiparts:		<none>
Body:			<none>
HTTP/1.1 200 OK
X-Powered-By: Express
Content-Type: application/json; charset=utf-8
Content-Length: 38
ETag: W/"26-fgR5yLHQ1Hpp6zDESHaY9wJreYE"
Date: Mon, 25 Sep 2023 20:39:40 GMT
Connection: keep-alive
Keep-Alive: timeout=5

{
    "acknowledged": true,
    "deletedCount": 1
}
Request method:	GET
Request URI:	http://localhost:1337/api/v1/cash-payments
Proxy:			<none>
Request params:	<none>
Query params:	<none>
Form params:	<none>
Path params:	<none>
Headers:		Accept=*/*
				Content-Type=application/json
Cookies:		<none>
Multiparts:		<none>
Body:			<none>
Request method:	GET
Request URI:	http://localhost:1337/api/v1/cash-payments
Proxy:			<none>
Request params:	<none>
Query params:	<none>
Form params:	<none>
Path params:	<none>
Headers:		Accept=*/*
				Content-Type=application/json
Cookies:		<none>
Multiparts:		<none>
Body:			<none>
HTTP/1.1 200 OK
X-Powered-By: Express
Content-Type: application/json; charset=utf-8
Content-Length: 1760
ETag: W/"6e0-R/mZU4V5ebL7fML4y+pNxzr8XJg"
Date: Mon, 25 Sep 2023 20:39:41 GMT
Connection: keep-alive
Keep-Alive: timeout=5

[
    {
        "_id": "6511d9de6bf09f1b8af871a7",
        "reference": "1836017760",
        "userEmail": "cornelius.satterfield@hotmail.com",
        "collectorCash": "SuRed",
        "amount": 198391,
        "cellphone": "610-632-7564",
        "__v": 0
    },
    {
        "_id": "6511dcc66bf09f1b8af871a9",
        "reference": "1836017760",
        "userEmail": "ernesto.barrows@hotmail.com",
        "collectorCash": "Nequi",
        "amount": 112690,
        "cellphone": "012-340-0492",
        "__v": 0
    },
    {
        "_id": "6511ed0fd1dfd8f1c1d25590",
        "reference": "2003979454",
        "userEmail": "morris.metz@gmail.com",
        "collectorCash": "Efecty",
        "amount": 752784,
        "cellphone": "(084) 133-3561",
        "__v": 0
    },
    {
        "_id": "6511ed11d1dfd8f1c1d25598",
        "reference": "2003979454",
        "userEmail": "marylin.mueller@yahoo.com",
        "collectorCash": "SuRed",
        "amount": 475764,
        "cellphone": "1-381-724-5680",
        "__v": 0
    },
    {
        "_id": "6511ed13d1dfd8f1c1d255a1",
        "reference": "2003979454",
        "userEmail": "julene.wyman@gmail.com",
        "collectorCash": "Nequi",
        "amount": 277938,
        "cellphone": "510.090.8774",
        "__v": 0
    },
    {
        "_id": "6511ef4cd1dfd8f1c1d255b9",
        "reference": "221402392",
        "userEmail": "sharice.grant@yahoo.com",
        "collectorCash": "SuRed",
        "amount": 576440,
        "cellphone": "(980) 775-3837",
        "__v": 0
    },
    {
        "_id": "6511ef4ed1dfd8f1c1d255c3",
        "reference": "221402392",
        "userEmail": "nikole.kuhlman@hotmail.com",
        "collectorCash": "Baloto",
        "amount": 13936,
        "cellphone": "1-260-488-3804",
        "__v": 0
    },
    {
        "_id": "6511ef87d1dfd8f1c1d255d5",
        "reference": "413177525",
        "userEmail": "cliff.casper@gmail.com",
        "collectorCash": "Baloto",
        "amount": 30270,
        "cellphone": "(163) 972-0423",
        "__v": 0
    },
    {
        "_id": "6511ef88d1dfd8f1c1d255db",
        "reference": "413177525",
        "userEmail": "steven.huel@gmail.com",
        "collectorCash": "Baloto",
        "amount": 628047,
        "cellphone": "942-924-6749",
        "__v": 0
    },
    {
        "_id": "6511ef89d1dfd8f1c1d255e1",
        "reference": "413177525",
        "userEmail": "reynaldo.mclaughlin@gmail.com",
        "collectorCash": "Baloto",
        "amount": 743464,
        "cellphone": "1-650-858-1616",
        "__v": 0
    }
]
HTTP/1.1 200 OK
X-Powered-By: Express
Content-Type: application/json; charset=utf-8
Content-Length: 1760
ETag: W/"6e0-R/mZU4V5ebL7fML4y+pNxzr8XJg"
Date: Mon, 25 Sep 2023 20:39:41 GMT
Connection: keep-alive
Keep-Alive: timeout=5

[
    {
        "_id": "6511d9de6bf09f1b8af871a7",
        "reference": "1836017760",
        "userEmail": "cornelius.satterfield@hotmail.com",
        "collectorCash": "SuRed",
        "amount": 198391,
        "cellphone": "610-632-7564",
        "__v": 0
    },
    {
        "_id": "6511dcc66bf09f1b8af871a9",
        "reference": "1836017760",
        "userEmail": "ernesto.barrows@hotmail.com",
        "collectorCash": "Nequi",
        "amount": 112690,
        "cellphone": "012-340-0492",
        "__v": 0
    },
    {
        "_id": "6511ed0fd1dfd8f1c1d25590",
        "reference": "2003979454",
        "userEmail": "morris.metz@gmail.com",
        "collectorCash": "Efecty",
        "amount": 752784,
        "cellphone": "(084) 133-3561",
        "__v": 0
    },
    {
        "_id": "6511ed11d1dfd8f1c1d25598",
        "reference": "2003979454",
        "userEmail": "marylin.mueller@yahoo.com",
        "collectorCash": "SuRed",
        "amount": 475764,
        "cellphone": "1-381-724-5680",
        "__v": 0
    },
    {
        "_id": "6511ed13d1dfd8f1c1d255a1",
        "reference": "2003979454",
        "userEmail": "julene.wyman@gmail.com",
        "collectorCash": "Nequi",
        "amount": 277938,
        "cellphone": "510.090.8774",
        "__v": 0
    },
    {
        "_id": "6511ef4cd1dfd8f1c1d255b9",
        "reference": "221402392",
        "userEmail": "sharice.grant@yahoo.com",
        "collectorCash": "SuRed",
        "amount": 576440,
        "cellphone": "(980) 775-3837",
        "__v": 0
    },
    {
        "_id": "6511ef4ed1dfd8f1c1d255c3",
        "reference": "221402392",
        "userEmail": "nikole.kuhlman@hotmail.com",
        "collectorCash": "Baloto",
        "amount": 13936,
        "cellphone": "1-260-488-3804",
        "__v": 0
    },
    {
        "_id": "6511ef87d1dfd8f1c1d255d5",
        "reference": "413177525",
        "userEmail": "cliff.casper@gmail.com",
        "collectorCash": "Baloto",
        "amount": 30270,
        "cellphone": "(163) 972-0423",
        "__v": 0
    },
    {
        "_id": "6511ef88d1dfd8f1c1d255db",
        "reference": "413177525",
        "userEmail": "steven.huel@gmail.com",
        "collectorCash": "Baloto",
        "amount": 628047,
        "cellphone": "942-924-6749",
        "__v": 0
    },
    {
        "_id": "6511ef89d1dfd8f1c1d255e1",
        "reference": "413177525",
        "userEmail": "reynaldo.mclaughlin@gmail.com",
        "collectorCash": "Baloto",
        "amount": 743464,
        "cellphone": "1-650-858-1616",
        "__v": 0
    }
]
Request method:	POST
Request URI:	http://localhost:1337/api/v1/cash-payment
Proxy:			<none>
Request params:	<none>
Query params:	<none>
Form params:	<none>
Path params:	<none>
Headers:		Accept=*/*
				Content-Type=application/json
Cookies:		<none>
Multiparts:		<none>
Body:
{
    "reference": "578961422",
    "userEmail": "caleb.cremin@yahoo.com",
    "amount": 248962,
    "collectorCash": "SuRed",
    "cellphone": "1-376-404-6519"
}
Request method:	POST
Request URI:	http://localhost:1337/api/v1/cash-payment
Proxy:			<none>
Request params:	<none>
Query params:	<none>
Form params:	<none>
Path params:	<none>
Headers:		Accept=*/*
				Content-Type=application/json
Cookies:		<none>
Multiparts:		<none>
Body:
{
    "reference": "578961422",
    "userEmail": "caleb.cremin@yahoo.com",
    "amount": 248962,
    "collectorCash": "SuRed",
    "cellphone": "1-376-404-6519"
}
Request method:	POST
Request URI:	http://localhost:1337/api/v1/cash-payment
Proxy:			<none>
Request params:	<none>
Query params:	<none>
Form params:	<none>
Path params:	<none>
Headers:		Accept=*/*
				Content-Type=application/json
Cookies:		<none>
Multiparts:		<none>
Body:
{
    "reference": "578961422",
    "userEmail": "caleb.cremin@yahoo.com",
    "amount": 248962,
    "collectorCash": "SuRed",
    "cellphone": "1-376-404-6519"
}
HTTP/1.1 200 OK
X-Powered-By: Express
Content-Type: application/json; charset=utf-8
Content-Length: 172
ETag: W/"ac-PS9iZGM52VqHgu3peyVrAjBkGco"
Date: Mon, 25 Sep 2023 20:39:41 GMT
Connection: keep-alive
Keep-Alive: timeout=5

{
    "reference": "578961422",
    "userEmail": "caleb.cremin@yahoo.com",
    "collectorCash": "SuRed",
    "amount": 248962,
    "cellphone": "1-376-404-6519",
    "_id": "6511f00dd1dfd8f1c1d255fd",
    "__v": 0
}
HTTP/1.1 200 OK
X-Powered-By: Express
Content-Type: application/json; charset=utf-8
Content-Length: 172
ETag: W/"ac-PS9iZGM52VqHgu3peyVrAjBkGco"
Date: Mon, 25 Sep 2023 20:39:41 GMT
Connection: keep-alive
Keep-Alive: timeout=5

{
    "reference": "578961422",
    "userEmail": "caleb.cremin@yahoo.com",
    "collectorCash": "SuRed",
    "amount": 248962,
    "cellphone": "1-376-404-6519",
    "_id": "6511f00dd1dfd8f1c1d255fd",
    "__v": 0
}
HTTP/1.1 200 OK
X-Powered-By: Express
Content-Type: application/json; charset=utf-8
Content-Length: 172
ETag: W/"ac-PS9iZGM52VqHgu3peyVrAjBkGco"
Date: Mon, 25 Sep 2023 20:39:41 GMT
Connection: keep-alive
Keep-Alive: timeout=5

{
    "reference": "578961422",
    "userEmail": "caleb.cremin@yahoo.com",
    "collectorCash": "SuRed",
    "amount": 248962,
    "cellphone": "1-376-404-6519",
    "_id": "6511f00dd1dfd8f1c1d255fd",
    "__v": 0
}
Request method:	GET
Request URI:	http://localhost:1337/api/v1/cash-payment/6511f00dd1dfd8f1c1d255fd
Proxy:			<none>
Request params:	<none>
Query params:	<none>
Form params:	<none>
Path params:	id=6511f00dd1dfd8f1c1d255fd
Headers:		Accept=*/*
				Content-Type=application/json
Cookies:		<none>
Multiparts:		<none>
Body:			<none>
Request method:	GET
Request URI:	http://localhost:1337/api/v1/cash-payment/6511f00dd1dfd8f1c1d255fd
Proxy:			<none>
Request params:	<none>
Query params:	<none>
Form params:	<none>
Path params:	id=6511f00dd1dfd8f1c1d255fd
Headers:		Accept=*/*
				Content-Type=application/json
Cookies:		<none>
Multiparts:		<none>
Body:			<none>
Request method:	GET
Request URI:	http://localhost:1337/api/v1/cash-payment/6511f00dd1dfd8f1c1d255fd
Proxy:			<none>
Request params:	<none>
Query params:	<none>
Form params:	<none>
Path params:	id=6511f00dd1dfd8f1c1d255fd
Headers:		Accept=*/*
				Content-Type=application/json
Cookies:		<none>
Multiparts:		<none>
Body:			<none>
HTTP/1.1 200 OK
X-Powered-By: Express
Content-Type: application/json; charset=utf-8
Content-Length: 172
ETag: W/"ac-6jc8mPL3xQx1Z0iTu6reWr0TtrI"
Date: Mon, 25 Sep 2023 20:39:42 GMT
Connection: keep-alive
Keep-Alive: timeout=5

{
    "_id": "6511f00dd1dfd8f1c1d255fd",
    "reference": "578961422",
    "userEmail": "caleb.cremin@yahoo.com",
    "collectorCash": "SuRed",
    "amount": 248962,
    "cellphone": "1-376-404-6519",
    "__v": 0
}
HTTP/1.1 200 OK
X-Powered-By: Express
Content-Type: application/json; charset=utf-8
Content-Length: 172
ETag: W/"ac-6jc8mPL3xQx1Z0iTu6reWr0TtrI"
Date: Mon, 25 Sep 2023 20:39:42 GMT
Connection: keep-alive
Keep-Alive: timeout=5

{
    "_id": "6511f00dd1dfd8f1c1d255fd",
    "reference": "578961422",
    "userEmail": "caleb.cremin@yahoo.com",
    "collectorCash": "SuRed",
    "amount": 248962,
    "cellphone": "1-376-404-6519",
    "__v": 0
}
HTTP/1.1 200 OK
X-Powered-By: Express
Content-Type: application/json; charset=utf-8
Content-Length: 172
ETag: W/"ac-6jc8mPL3xQx1Z0iTu6reWr0TtrI"
Date: Mon, 25 Sep 2023 20:39:42 GMT
Connection: keep-alive
Keep-Alive: timeout=5

{
    "_id": "6511f00dd1dfd8f1c1d255fd",
    "reference": "578961422",
    "userEmail": "caleb.cremin@yahoo.com",
    "collectorCash": "SuRed",
    "amount": 248962,
    "cellphone": "1-376-404-6519",
    "__v": 0
}
Request method:	POST
Request URI:	http://localhost:1337/api/v1/cash-payment
Proxy:			<none>
Request params:	<none>
Query params:	<none>
Form params:	<none>
Path params:	<none>
Headers:		Accept=*/*
				Content-Type=application/json
Cookies:		<none>
Multiparts:		<none>
Body:
{
    "reference": "578961422",
    "userEmail": "lashon.zieme@gmail.com",
    "amount": 737696,
    "collectorCash": "Efecty",
    "cellphone": "023-750-0316"
}
Request method:	POST
Request URI:	http://localhost:1337/api/v1/cash-payment
Proxy:			<none>
Request params:	<none>
Query params:	<none>
Form params:	<none>
Path params:	<none>
Headers:		Accept=*/*
				Content-Type=application/json
Cookies:		<none>
Multiparts:		<none>
Body:
{
    "reference": "578961422",
    "userEmail": "lashon.zieme@gmail.com",
    "amount": 737696,
    "collectorCash": "Efecty",
    "cellphone": "023-750-0316"
}
Request method:	POST
Request URI:	http://localhost:1337/api/v1/cash-payment
Proxy:			<none>
Request params:	<none>
Query params:	<none>
Form params:	<none>
Path params:	<none>
Headers:		Accept=*/*
				Content-Type=application/json
Cookies:		<none>
Multiparts:		<none>
Body:
{
    "reference": "578961422",
    "userEmail": "lashon.zieme@gmail.com",
    "amount": 737696,
    "collectorCash": "Efecty",
    "cellphone": "023-750-0316"
}
Request method:	POST
Request URI:	http://localhost:1337/api/v1/cash-payment
Proxy:			<none>
Request params:	<none>
Query params:	<none>
Form params:	<none>
Path params:	<none>
Headers:		Accept=*/*
				Content-Type=application/json
Cookies:		<none>
Multiparts:		<none>
Body:
{
    "reference": "578961422",
    "userEmail": "lashon.zieme@gmail.com",
    "amount": 737696,
    "collectorCash": "Efecty",
    "cellphone": "023-750-0316"
}
HTTP/1.1 200 OK
X-Powered-By: Express
Content-Type: application/json; charset=utf-8
Content-Length: 171
ETag: W/"ab-rGFtz33SLgNjbJr6NM7jjZJFUio"
Date: Mon, 25 Sep 2023 20:39:42 GMT
Connection: keep-alive
Keep-Alive: timeout=5

{
    "reference": "578961422",
    "userEmail": "lashon.zieme@gmail.com",
    "collectorCash": "Efecty",
    "amount": 737696,
    "cellphone": "023-750-0316",
    "_id": "6511f00ed1dfd8f1c1d25607",
    "__v": 0
}
HTTP/1.1 200 OK
X-Powered-By: Express
Content-Type: application/json; charset=utf-8
Content-Length: 171
ETag: W/"ab-rGFtz33SLgNjbJr6NM7jjZJFUio"
Date: Mon, 25 Sep 2023 20:39:42 GMT
Connection: keep-alive
Keep-Alive: timeout=5

{
    "reference": "578961422",
    "userEmail": "lashon.zieme@gmail.com",
    "collectorCash": "Efecty",
    "amount": 737696,
    "cellphone": "023-750-0316",
    "_id": "6511f00ed1dfd8f1c1d25607",
    "__v": 0
}
HTTP/1.1 200 OK
X-Powered-By: Express
Content-Type: application/json; charset=utf-8
Content-Length: 171
ETag: W/"ab-rGFtz33SLgNjbJr6NM7jjZJFUio"
Date: Mon, 25 Sep 2023 20:39:42 GMT
Connection: keep-alive
Keep-Alive: timeout=5

{
    "reference": "578961422",
    "userEmail": "lashon.zieme@gmail.com",
    "collectorCash": "Efecty",
    "amount": 737696,
    "cellphone": "023-750-0316",
    "_id": "6511f00ed1dfd8f1c1d25607",
    "__v": 0
}
HTTP/1.1 200 OK
X-Powered-By: Express
Content-Type: application/json; charset=utf-8
Content-Length: 171
ETag: W/"ab-rGFtz33SLgNjbJr6NM7jjZJFUio"
Date: Mon, 25 Sep 2023 20:39:42 GMT
Connection: keep-alive
Keep-Alive: timeout=5

{
    "reference": "578961422",
    "userEmail": "lashon.zieme@gmail.com",
    "collectorCash": "Efecty",
    "amount": 737696,
    "cellphone": "023-750-0316",
    "_id": "6511f00ed1dfd8f1c1d25607",
    "__v": 0
}
Request method:	PUT
Request URI:	http://localhost:1337/api/v1/cash-payment/6511f00ed1dfd8f1c1d25607
Proxy:			<none>
Request params:	<none>
Query params:	<none>
Form params:	<none>
Path params:	id=6511f00ed1dfd8f1c1d25607
Headers:		Accept=*/*
				Content-Type=application/json
Cookies:		<none>
Multiparts:		<none>
Body:
{
    "reference": "578961422",
    "userEmail": "jerold.ledner@gmail.com",
    "amount": 549017,
    "collectorCash": "Efecty",
    "cellphone": "433-906-9863"
}
Request method:	PUT
Request URI:	http://localhost:1337/api/v1/cash-payment/6511f00ed1dfd8f1c1d25607
Proxy:			<none>
Request params:	<none>
Query params:	<none>
Form params:	<none>
Path params:	id=6511f00ed1dfd8f1c1d25607
Headers:		Accept=*/*
				Content-Type=application/json
Cookies:		<none>
Multiparts:		<none>
Body:
{
    "reference": "578961422",
    "userEmail": "jerold.ledner@gmail.com",
    "amount": 549017,
    "collectorCash": "Efecty",
    "cellphone": "433-906-9863"
}
Request method:	PUT
Request URI:	http://localhost:1337/api/v1/cash-payment/6511f00ed1dfd8f1c1d25607
Proxy:			<none>
Request params:	<none>
Query params:	<none>
Form params:	<none>
Path params:	id=6511f00ed1dfd8f1c1d25607
Headers:		Accept=*/*
				Content-Type=application/json
Cookies:		<none>
Multiparts:		<none>
Body:
{
    "reference": "578961422",
    "userEmail": "jerold.ledner@gmail.com",
    "amount": 549017,
    "collectorCash": "Efecty",
    "cellphone": "433-906-9863"
}
Request method:	PUT
Request URI:	http://localhost:1337/api/v1/cash-payment/6511f00ed1dfd8f1c1d25607
Proxy:			<none>
Request params:	<none>
Query params:	<none>
Form params:	<none>
Path params:	id=6511f00ed1dfd8f1c1d25607
Headers:		Accept=*/*
				Content-Type=application/json
Cookies:		<none>
Multiparts:		<none>
Body:
{
    "reference": "578961422",
    "userEmail": "jerold.ledner@gmail.com",
    "amount": 549017,
    "collectorCash": "Efecty",
    "cellphone": "433-906-9863"
}
HTTP/1.1 200 OK
X-Powered-By: Express
Content-Type: application/json; charset=utf-8
Content-Length: 92
ETag: W/"5c-XE4LqSKK8lMBgnDPfq7vp2yCSG8"
Date: Mon, 25 Sep 2023 20:39:42 GMT
Connection: keep-alive
Keep-Alive: timeout=5

{
    "acknowledged": true,
    "modifiedCount": 1,
    "upsertedId": null,
    "upsertedCount": 0,
    "matchedCount": 1
}
HTTP/1.1 200 OK
X-Powered-By: Express
Content-Type: application/json; charset=utf-8
Content-Length: 92
ETag: W/"5c-XE4LqSKK8lMBgnDPfq7vp2yCSG8"
Date: Mon, 25 Sep 2023 20:39:42 GMT
Connection: keep-alive
Keep-Alive: timeout=5

{
    "acknowledged": true,
    "modifiedCount": 1,
    "upsertedId": null,
    "upsertedCount": 0,
    "matchedCount": 1
}
HTTP/1.1 200 OK
X-Powered-By: Express
Content-Type: application/json; charset=utf-8
Content-Length: 92
ETag: W/"5c-XE4LqSKK8lMBgnDPfq7vp2yCSG8"
Date: Mon, 25 Sep 2023 20:39:42 GMT
Connection: keep-alive
Keep-Alive: timeout=5

{
    "acknowledged": true,
    "modifiedCount": 1,
    "upsertedId": null,
    "upsertedCount": 0,
    "matchedCount": 1
}
HTTP/1.1 200 OK
X-Powered-By: Express
Content-Type: application/json; charset=utf-8
Content-Length: 92
ETag: W/"5c-XE4LqSKK8lMBgnDPfq7vp2yCSG8"
Date: Mon, 25 Sep 2023 20:39:42 GMT
Connection: keep-alive
Keep-Alive: timeout=5

{
    "acknowledged": true,
    "modifiedCount": 1,
    "upsertedId": null,
    "upsertedCount": 0,
    "matchedCount": 1
}
Request method:	POST
Request URI:	http://localhost:1337/api/v1/cash-payment
Proxy:			<none>
Request params:	<none>
Query params:	<none>
Form params:	<none>
Path params:	<none>
Headers:		Accept=*/*
				Content-Type=application/json
Cookies:		<none>
Multiparts:		<none>
Body:
{
    "reference": "578961422",
    "userEmail": "shanelle.johnston@hotmail.com",
    "amount": 192917,
    "collectorCash": "Efecty",
    "cellphone": "782-061-5216"
}
Request method:	POST
Request URI:	http://localhost:1337/api/v1/cash-payment
Proxy:			<none>
Request params:	<none>
Query params:	<none>
Form params:	<none>
Path params:	<none>
Headers:		Accept=*/*
				Content-Type=application/json
Cookies:		<none>
Multiparts:		<none>
Body:
{
    "reference": "578961422",
    "userEmail": "shanelle.johnston@hotmail.com",
    "amount": 192917,
    "collectorCash": "Efecty",
    "cellphone": "782-061-5216"
}
Request method:	POST
Request URI:	http://localhost:1337/api/v1/cash-payment
Proxy:			<none>
Request params:	<none>
Query params:	<none>
Form params:	<none>
Path params:	<none>
Headers:		Accept=*/*
				Content-Type=application/json
Cookies:		<none>
Multiparts:		<none>
Body:
{
    "reference": "578961422",
    "userEmail": "shanelle.johnston@hotmail.com",
    "amount": 192917,
    "collectorCash": "Efecty",
    "cellphone": "782-061-5216"
}
Request method:	POST
Request URI:	http://localhost:1337/api/v1/cash-payment
Proxy:			<none>
Request params:	<none>
Query params:	<none>
Form params:	<none>
Path params:	<none>
Headers:		Accept=*/*
				Content-Type=application/json
Cookies:		<none>
Multiparts:		<none>
Body:
{
    "reference": "578961422",
    "userEmail": "shanelle.johnston@hotmail.com",
    "amount": 192917,
    "collectorCash": "Efecty",
    "cellphone": "782-061-5216"
}
Request method:	POST
Request URI:	http://localhost:1337/api/v1/cash-payment
Proxy:			<none>
Request params:	<none>
Query params:	<none>
Form params:	<none>
Path params:	<none>
Headers:		Accept=*/*
				Content-Type=application/json
Cookies:		<none>
Multiparts:		<none>
Body:
{
    "reference": "578961422",
    "userEmail": "shanelle.johnston@hotmail.com",
    "amount": 192917,
    "collectorCash": "Efecty",
    "cellphone": "782-061-5216"
}
HTTP/1.1 200 OK
X-Powered-By: Express
Content-Type: application/json; charset=utf-8
Content-Length: 178
ETag: W/"b2-8tI2FfP5IC9YYwiiQlQx8U3WvSQ"
Date: Mon, 25 Sep 2023 20:39:43 GMT
Connection: keep-alive
Keep-Alive: timeout=5

{
    "reference": "578961422",
    "userEmail": "shanelle.johnston@hotmail.com",
    "collectorCash": "Efecty",
    "amount": 192917,
    "cellphone": "782-061-5216",
    "_id": "6511f00fd1dfd8f1c1d2560d",
    "__v": 0
}
HTTP/1.1 200 OK
X-Powered-By: Express
Content-Type: application/json; charset=utf-8
Content-Length: 178
ETag: W/"b2-8tI2FfP5IC9YYwiiQlQx8U3WvSQ"
Date: Mon, 25 Sep 2023 20:39:43 GMT
Connection: keep-alive
Keep-Alive: timeout=5

{
    "reference": "578961422",
    "userEmail": "shanelle.johnston@hotmail.com",
    "collectorCash": "Efecty",
    "amount": 192917,
    "cellphone": "782-061-5216",
    "_id": "6511f00fd1dfd8f1c1d2560d",
    "__v": 0
}
HTTP/1.1 200 OK
X-Powered-By: Express
Content-Type: application/json; charset=utf-8
Content-Length: 178
ETag: W/"b2-8tI2FfP5IC9YYwiiQlQx8U3WvSQ"
Date: Mon, 25 Sep 2023 20:39:43 GMT
Connection: keep-alive
Keep-Alive: timeout=5

{
    "reference": "578961422",
    "userEmail": "shanelle.johnston@hotmail.com",
    "collectorCash": "Efecty",
    "amount": 192917,
    "cellphone": "782-061-5216",
    "_id": "6511f00fd1dfd8f1c1d2560d",
    "__v": 0
}
HTTP/1.1 200 OK
X-Powered-By: Express
Content-Type: application/json; charset=utf-8
Content-Length: 178
ETag: W/"b2-8tI2FfP5IC9YYwiiQlQx8U3WvSQ"
Date: Mon, 25 Sep 2023 20:39:43 GMT
Connection: keep-alive
Keep-Alive: timeout=5

{
    "reference": "578961422",
    "userEmail": "shanelle.johnston@hotmail.com",
    "collectorCash": "Efecty",
    "amount": 192917,
    "cellphone": "782-061-5216",
    "_id": "6511f00fd1dfd8f1c1d2560d",
    "__v": 0
}
HTTP/1.1 200 OK
X-Powered-By: Express
Content-Type: application/json; charset=utf-8
Content-Length: 178
ETag: W/"b2-8tI2FfP5IC9YYwiiQlQx8U3WvSQ"
Date: Mon, 25 Sep 2023 20:39:43 GMT
Connection: keep-alive
Keep-Alive: timeout=5

{
    "reference": "578961422",
    "userEmail": "shanelle.johnston@hotmail.com",
    "collectorCash": "Efecty",
    "amount": 192917,
    "cellphone": "782-061-5216",
    "_id": "6511f00fd1dfd8f1c1d2560d",
    "__v": 0
}
]]></system-out>
  <system-err><![CDATA[]]></system-err>
</testsuite>
