<?xml version="1.0" encoding="UTF-8"?>
<testsuite name="com.automation.features.PseTests" tests="5" skipped="0" failures="0" errors="0" timestamp="2023-09-30T22:34:38" hostname="Edisons-MacBook-Pro.local" time="9.17">
  <properties/>
  <testcase name="seeTheGetServiceResponseCorrectly_When_SubmitTheCorrectPSEPaymentInformation()" classname="com.automation.features.PseTests" time="6.36"/>
  <testcase name="seeTheGetAllServiceResponseCorrectly_When_SubmitTheCorrectPSEPaymentInformation()" classname="com.automation.features.PseTests" time="0.417"/>
  <testcase name="seeTheCreateServiceResponseCorrectly_When_SubmitTheCorrectPSEPaymentInformation()" classname="com.automation.features.PseTests" time="0.427"/>
  <testcase name="seeTheUpdateServiceResponseCorrectly_When_SubmitTheCorrectPSEPaymentInformation()" classname="com.automation.features.PseTests" time="0.657"/>
  <testcase name="seeTheDeleteServiceResponseCorrectly_When_SubmitTheCorrectPSEPaymentInformation()" classname="com.automation.features.PseTests" time="0.667"/>
  <system-out><![CDATA[Request method:	POST
Request URI:	http://localhost:1337/api/v1/pse-payment
Proxy:			<none>
Request params:	<none>
Query params:	<none>
Form params:	<none>
Path params:	<none>
Headers:		Accept=*/*
				Content-Type=application/json
Cookies:		<none>
Multiparts:		<none>
Body:
{
    "psereference": "306279528",
    "psereferencePse": "306279528",
    "pseuserEmail": "bella.keebler@yahoo.com",
    "pseamount": 188651,
    "psefullNameUser": "Miss Brandee Krajcik",
    "psecellphone": "117-743-7256"
}
HTTP/1.1 201 Created
X-Powered-By: Express
Content-Type: application/json; charset=utf-8
Content-Length: 230
ETag: W/"e6-p5ZPrONVfpMbCDRbmxS6czXRD7w"
Date: Sat, 30 Sep 2023 22:34:42 GMT
Connection: keep-alive
Keep-Alive: timeout=5

{
    "pseuserEmail": "bella.keebler@yahoo.com",
    "psefullNameUser": "Miss Brandee Krajcik",
    "psereference": "306279528",
    "psereferencePse": "306279528",
    "psecellphone": "117-743-7256",
    "pseamount": 188651,
    "_id": "6518a282b15d7ac86c3d9349",
    "__v": 0
}
Request method:	GET
Request URI:	http://localhost:1337/api/v1/pse-payment/6518a282b15d7ac86c3d9349
Proxy:			<none>
Request params:	<none>
Query params:	<none>
Form params:	<none>
Path params:	id=6518a282b15d7ac86c3d9349
Headers:		Accept=*/*
				Content-Type=application/json
Cookies:		<none>
Multiparts:		<none>
Body:			<none>
HTTP/1.1 200 OK
X-Powered-By: Express
Content-Type: application/json; charset=utf-8
Content-Length: 288
ETag: W/"120-bIAoT8kFXe2oU11nxak310+q8Ag"
Date: Sat, 30 Sep 2023 22:34:44 GMT
Connection: keep-alive
Keep-Alive: timeout=5

{
    "status": "200",
    "message": "PSE payment request",
    "result": {
        "_id": "6518a282b15d7ac86c3d9349",
        "pseuserEmail": "bella.keebler@yahoo.com",
        "psefullNameUser": "Miss Brandee Krajcik",
        "psereference": "306279528",
        "psereferencePse": "306279528",
        "psecellphone": "117-743-7256",
        "pseamount": 188651,
        "__v": 0
    }
}
Request method:	GET
Request URI:	http://localhost:1337/api/v1/pse-payments
Proxy:			<none>
Request params:	<none>
Query params:	<none>
Form params:	<none>
Path params:	<none>
Headers:		Accept=*/*
				Content-Type=application/json
Cookies:		<none>
Multiparts:		<none>
Body:			<none>
Request method:	GET
Request URI:	http://localhost:1337/api/v1/pse-payments
Proxy:			<none>
Request params:	<none>
Query params:	<none>
Form params:	<none>
Path params:	<none>
Headers:		Accept=*/*
				Content-Type=application/json
Cookies:		<none>
Multiparts:		<none>
Body:			<none>
HTTP/1.1 200 OK
X-Powered-By: Express
Content-Type: application/json; charset=utf-8
Content-Length: 2789
ETag: W/"ae5-0CwaDx8CnkAP7CAoDnUBOGu00Bg"
Date: Sat, 30 Sep 2023 22:34:45 GMT
Connection: keep-alive
Keep-Alive: timeout=5

{
    "status": "200",
    "message": "PSE payments request",
    "results": [
        {
            "_id": "65185e610642165b525a4394",
            "pseuserEmail": "USER4321@test.com",
            "psefullNameUser": "USUARIO PSE PAYMENT 4321",
            "psereference": "PSEO0000001",
            "psereferencePse": "PSER00000001",
            "psecellphone": "573225568899",
            "pseamount": 15000,
            "__v": 0
        },
        {
            "_id": "6518a08eb15d7ac86c3d92f1",
            "pseuserEmail": "isidro.harvey@gmail.com",
            "psefullNameUser": "Terrence Jacobi",
            "psereference": "306279528",
            "psereferencePse": "306279528",
            "psecellphone": "897-735-6150",
            "pseamount": 602108,
            "__v": 0
        },
        {
            "_id": "6518a091b15d7ac86c3d92f6",
            "pseuserEmail": "lynetta.labadie@yahoo.com",
            "psefullNameUser": "Deidre Gibson",
            "psereference": "306279528",
            "psereferencePse": "306279528",
            "psecellphone": "584-651-4417",
            "pseamount": 142269,
            "__v": 0
        },
        {
            "_id": "6518a093b15d7ac86c3d92fc",
            "pseuserEmail": "wynona.rath@yahoo.com",
            "psefullNameUser": "Dr. Jan Hand",
            "psereference": "306279528",
            "psereferencePse": "306279528",
            "psecellphone": "(173) 442-4405",
            "pseamount": 533223,
            "__v": 0
        },
        {
            "_id": "6518a093b15d7ac86c3d9300",
            "pseuserEmail": "tyron.okeefe@gmail.com",
            "psefullNameUser": "Debbi Gulgowski",
            "psereference": "306279528",
            "psereferencePse": "306279528",
            "psecellphone": "734-543-4335",
            "pseamount": 498695,
            "__v": 0
        },
        {
            "_id": "6518a19eb15d7ac86c3d9307",
            "pseuserEmail": "colton.cummings@hotmail.com",
            "psefullNameUser": "Roland Deckow",
            "psereference": "306279528",
            "psereferencePse": "306279528",
            "psecellphone": "968.510.3828",
            "pseamount": 523272,
            "__v": 0
        },
        {
            "_id": "6518a1a1b15d7ac86c3d9311",
            "pseuserEmail": "myles.turner@yahoo.com",
            "psefullNameUser": "Mohammad Sauer DDS",
            "psereference": "306279528",
            "psereferencePse": "306279528",
            "psecellphone": "1-924-479-8511",
            "pseamount": 271660,
            "__v": 0
        },
        {
            "_id": "6518a1a2b15d7ac86c3d9316",
            "pseuserEmail": "kristen.considine@gmail.com",
            "psefullNameUser": "Natasha Treutel",
            "psereference": "306279528",
            "psereferencePse": "306279528",
            "psecellphone": "691.508.4249",
            "pseamount": 239435,
            "__v": 0
        },
        {
            "_id": "6518a1d3b15d7ac86c3d932a",
            "pseuserEmail": "micah.schoen@gmail.com",
            "psefullNameUser": "Nora Parisian",
            "psereference": "306279528",
            "psereferencePse": "306279528",
            "psecellphone": "864-361-4180",
            "pseamount": 380766,
            "__v": 0
        },
        {
            "_id": "6518a1d6b15d7ac86c3d9335",
            "pseuserEmail": "tyron.goyette@gmail.com",
            "psefullNameUser": "Dr. Shavon Murray",
            "psereference": "306279528",
            "psereferencePse": "306279528",
            "psecellphone": "501-760-8539",
            "pseamount": 123938,
            "__v": 0
        },
        {
            "_id": "6518a1d6b15d7ac86c3d9339",
            "pseuserEmail": "korey.brekke@gmail.com",
            "psefullNameUser": "Daisy Mertz III",
            "psereference": "306279528",
            "psereferencePse": "306279528",
            "psecellphone": "110-803-8155",
            "pseamount": 142987,
            "__v": 0
        },
        {
            "_id": "6518a282b15d7ac86c3d9349",
            "pseuserEmail": "bella.keebler@yahoo.com",
            "psefullNameUser": "Miss Brandee Krajcik",
            "psereference": "306279528",
            "psereferencePse": "306279528",
            "psecellphone": "117-743-7256",
            "pseamount": 188651,
            "__v": 0
        }
    ]
}
HTTP/1.1 200 OK
X-Powered-By: Express
Content-Type: application/json; charset=utf-8
Content-Length: 2789
ETag: W/"ae5-0CwaDx8CnkAP7CAoDnUBOGu00Bg"
Date: Sat, 30 Sep 2023 22:34:45 GMT
Connection: keep-alive
Keep-Alive: timeout=5

{
    "status": "200",
    "message": "PSE payments request",
    "results": [
        {
            "_id": "65185e610642165b525a4394",
            "pseuserEmail": "USER4321@test.com",
            "psefullNameUser": "USUARIO PSE PAYMENT 4321",
            "psereference": "PSEO0000001",
            "psereferencePse": "PSER00000001",
            "psecellphone": "573225568899",
            "pseamount": 15000,
            "__v": 0
        },
        {
            "_id": "6518a08eb15d7ac86c3d92f1",
            "pseuserEmail": "isidro.harvey@gmail.com",
            "psefullNameUser": "Terrence Jacobi",
            "psereference": "306279528",
            "psereferencePse": "306279528",
            "psecellphone": "897-735-6150",
            "pseamount": 602108,
            "__v": 0
        },
        {
            "_id": "6518a091b15d7ac86c3d92f6",
            "pseuserEmail": "lynetta.labadie@yahoo.com",
            "psefullNameUser": "Deidre Gibson",
            "psereference": "306279528",
            "psereferencePse": "306279528",
            "psecellphone": "584-651-4417",
            "pseamount": 142269,
            "__v": 0
        },
        {
            "_id": "6518a093b15d7ac86c3d92fc",
            "pseuserEmail": "wynona.rath@yahoo.com",
            "psefullNameUser": "Dr. Jan Hand",
            "psereference": "306279528",
            "psereferencePse": "306279528",
            "psecellphone": "(173) 442-4405",
            "pseamount": 533223,
            "__v": 0
        },
        {
            "_id": "6518a093b15d7ac86c3d9300",
            "pseuserEmail": "tyron.okeefe@gmail.com",
            "psefullNameUser": "Debbi Gulgowski",
            "psereference": "306279528",
            "psereferencePse": "306279528",
            "psecellphone": "734-543-4335",
            "pseamount": 498695,
            "__v": 0
        },
        {
            "_id": "6518a19eb15d7ac86c3d9307",
            "pseuserEmail": "colton.cummings@hotmail.com",
            "psefullNameUser": "Roland Deckow",
            "psereference": "306279528",
            "psereferencePse": "306279528",
            "psecellphone": "968.510.3828",
            "pseamount": 523272,
            "__v": 0
        },
        {
            "_id": "6518a1a1b15d7ac86c3d9311",
            "pseuserEmail": "myles.turner@yahoo.com",
            "psefullNameUser": "Mohammad Sauer DDS",
            "psereference": "306279528",
            "psereferencePse": "306279528",
            "psecellphone": "1-924-479-8511",
            "pseamount": 271660,
            "__v": 0
        },
        {
            "_id": "6518a1a2b15d7ac86c3d9316",
            "pseuserEmail": "kristen.considine@gmail.com",
            "psefullNameUser": "Natasha Treutel",
            "psereference": "306279528",
            "psereferencePse": "306279528",
            "psecellphone": "691.508.4249",
            "pseamount": 239435,
            "__v": 0
        },
        {
            "_id": "6518a1d3b15d7ac86c3d932a",
            "pseuserEmail": "micah.schoen@gmail.com",
            "psefullNameUser": "Nora Parisian",
            "psereference": "306279528",
            "psereferencePse": "306279528",
            "psecellphone": "864-361-4180",
            "pseamount": 380766,
            "__v": 0
        },
        {
            "_id": "6518a1d6b15d7ac86c3d9335",
            "pseuserEmail": "tyron.goyette@gmail.com",
            "psefullNameUser": "Dr. Shavon Murray",
            "psereference": "306279528",
            "psereferencePse": "306279528",
            "psecellphone": "501-760-8539",
            "pseamount": 123938,
            "__v": 0
        },
        {
            "_id": "6518a1d6b15d7ac86c3d9339",
            "pseuserEmail": "korey.brekke@gmail.com",
            "psefullNameUser": "Daisy Mertz III",
            "psereference": "306279528",
            "psereferencePse": "306279528",
            "psecellphone": "110-803-8155",
            "pseamount": 142987,
            "__v": 0
        },
        {
            "_id": "6518a282b15d7ac86c3d9349",
            "pseuserEmail": "bella.keebler@yahoo.com",
            "psefullNameUser": "Miss Brandee Krajcik",
            "psereference": "306279528",
            "psereferencePse": "306279528",
            "psecellphone": "117-743-7256",
            "pseamount": 188651,
            "__v": 0
        }
    ]
}
Request method:	POST
Request URI:	http://localhost:1337/api/v1/pse-payment
Proxy:			<none>
Request params:	<none>
Query params:	<none>
Form params:	<none>
Path params:	<none>
Headers:		Accept=*/*
				Content-Type=application/json
Cookies:		<none>
Multiparts:		<none>
Body:
{
    "psereference": "306279528",
    "psereferencePse": "306279528",
    "pseuserEmail": "edgardo.prosacco@hotmail.com",
    "pseamount": 142362,
    "psefullNameUser": "Mr. Genna Breitenberg",
    "psecellphone": "1-835-412-5916"
}
Request method:	POST
Request URI:	http://localhost:1337/api/v1/pse-payment
Proxy:			<none>
Request params:	<none>
Query params:	<none>
Form params:	<none>
Path params:	<none>
Headers:		Accept=*/*
				Content-Type=application/json
Cookies:		<none>
Multiparts:		<none>
Body:
{
    "psereference": "306279528",
    "psereferencePse": "306279528",
    "pseuserEmail": "edgardo.prosacco@hotmail.com",
    "pseamount": 142362,
    "psefullNameUser": "Mr. Genna Breitenberg",
    "psecellphone": "1-835-412-5916"
}
Request method:	POST
Request URI:	http://localhost:1337/api/v1/pse-payment
Proxy:			<none>
Request params:	<none>
Query params:	<none>
Form params:	<none>
Path params:	<none>
Headers:		Accept=*/*
				Content-Type=application/json
Cookies:		<none>
Multiparts:		<none>
Body:
{
    "psereference": "306279528",
    "psereferencePse": "306279528",
    "pseuserEmail": "edgardo.prosacco@hotmail.com",
    "pseamount": 142362,
    "psefullNameUser": "Mr. Genna Breitenberg",
    "psecellphone": "1-835-412-5916"
}
HTTP/1.1 201 Created
X-Powered-By: Express
Content-Type: application/json; charset=utf-8
Content-Length: 238
ETag: W/"ee-SLlrYXdDAQdTPPbuOfBaLfaGCXE"
Date: Sat, 30 Sep 2023 22:34:45 GMT
Connection: keep-alive
Keep-Alive: timeout=5

{
    "pseuserEmail": "edgardo.prosacco@hotmail.com",
    "psefullNameUser": "Mr. Genna Breitenberg",
    "psereference": "306279528",
    "psereferencePse": "306279528",
    "psecellphone": "1-835-412-5916",
    "pseamount": 142362,
    "_id": "6518a285b15d7ac86c3d9355",
    "__v": 0
}
HTTP/1.1 201 Created
X-Powered-By: Express
Content-Type: application/json; charset=utf-8
Content-Length: 238
ETag: W/"ee-SLlrYXdDAQdTPPbuOfBaLfaGCXE"
Date: Sat, 30 Sep 2023 22:34:45 GMT
Connection: keep-alive
Keep-Alive: timeout=5

{
    "pseuserEmail": "edgardo.prosacco@hotmail.com",
    "psefullNameUser": "Mr. Genna Breitenberg",
    "psereference": "306279528",
    "psereferencePse": "306279528",
    "psecellphone": "1-835-412-5916",
    "pseamount": 142362,
    "_id": "6518a285b15d7ac86c3d9355",
    "__v": 0
}
HTTP/1.1 201 Created
X-Powered-By: Express
Content-Type: application/json; charset=utf-8
Content-Length: 238
ETag: W/"ee-SLlrYXdDAQdTPPbuOfBaLfaGCXE"
Date: Sat, 30 Sep 2023 22:34:45 GMT
Connection: keep-alive
Keep-Alive: timeout=5

{
    "pseuserEmail": "edgardo.prosacco@hotmail.com",
    "psefullNameUser": "Mr. Genna Breitenberg",
    "psereference": "306279528",
    "psereferencePse": "306279528",
    "psecellphone": "1-835-412-5916",
    "pseamount": 142362,
    "_id": "6518a285b15d7ac86c3d9355",
    "__v": 0
}
Request method:	POST
Request URI:	http://localhost:1337/api/v1/pse-payment
Proxy:			<none>
Request params:	<none>
Query params:	<none>
Form params:	<none>
Path params:	<none>
Headers:		Accept=*/*
				Content-Type=application/json
Cookies:		<none>
Multiparts:		<none>
Body:
{
    "psereference": "306279528",
    "psereferencePse": "306279528",
    "pseuserEmail": "antwan.sauer@hotmail.com",
    "pseamount": 108568,
    "psefullNameUser": "Claudio Dooley II",
    "psecellphone": "230.464.1047"
}
Request method:	POST
Request URI:	http://localhost:1337/api/v1/pse-payment
Proxy:			<none>
Request params:	<none>
Query params:	<none>
Form params:	<none>
Path params:	<none>
Headers:		Accept=*/*
				Content-Type=application/json
Cookies:		<none>
Multiparts:		<none>
Body:
{
    "psereference": "306279528",
    "psereferencePse": "306279528",
    "pseuserEmail": "antwan.sauer@hotmail.com",
    "pseamount": 108568,
    "psefullNameUser": "Claudio Dooley II",
    "psecellphone": "230.464.1047"
}
Request method:	POST
Request URI:	http://localhost:1337/api/v1/pse-payment
Proxy:			<none>
Request params:	<none>
Query params:	<none>
Form params:	<none>
Path params:	<none>
Headers:		Accept=*/*
				Content-Type=application/json
Cookies:		<none>
Multiparts:		<none>
Body:
{
    "psereference": "306279528",
    "psereferencePse": "306279528",
    "pseuserEmail": "antwan.sauer@hotmail.com",
    "pseamount": 108568,
    "psefullNameUser": "Claudio Dooley II",
    "psecellphone": "230.464.1047"
}
Request method:	POST
Request URI:	http://localhost:1337/api/v1/pse-payment
Proxy:			<none>
Request params:	<none>
Query params:	<none>
Form params:	<none>
Path params:	<none>
Headers:		Accept=*/*
				Content-Type=application/json
Cookies:		<none>
Multiparts:		<none>
Body:
{
    "psereference": "306279528",
    "psereferencePse": "306279528",
    "pseuserEmail": "antwan.sauer@hotmail.com",
    "pseamount": 108568,
    "psefullNameUser": "Claudio Dooley II",
    "psecellphone": "230.464.1047"
}
HTTP/1.1 201 Created
X-Powered-By: Express
Content-Type: application/json; charset=utf-8
Content-Length: 228
ETag: W/"e4-q8FHHDU+xzH3mMxP4Q8Ub7Ko3QQ"
Date: Sat, 30 Sep 2023 22:34:45 GMT
Connection: keep-alive
Keep-Alive: timeout=5

{
    "pseuserEmail": "antwan.sauer@hotmail.com",
    "psefullNameUser": "Claudio Dooley II",
    "psereference": "306279528",
    "psereferencePse": "306279528",
    "psecellphone": "230.464.1047",
    "pseamount": 108568,
    "_id": "6518a285b15d7ac86c3d9359",
    "__v": 0
}
HTTP/1.1 201 Created
X-Powered-By: Express
Content-Type: application/json; charset=utf-8
Content-Length: 228
ETag: W/"e4-q8FHHDU+xzH3mMxP4Q8Ub7Ko3QQ"
Date: Sat, 30 Sep 2023 22:34:45 GMT
Connection: keep-alive
Keep-Alive: timeout=5

{
    "pseuserEmail": "antwan.sauer@hotmail.com",
    "psefullNameUser": "Claudio Dooley II",
    "psereference": "306279528",
    "psereferencePse": "306279528",
    "psecellphone": "230.464.1047",
    "pseamount": 108568,
    "_id": "6518a285b15d7ac86c3d9359",
    "__v": 0
}
HTTP/1.1 201 Created
X-Powered-By: Express
Content-Type: application/json; charset=utf-8
Content-Length: 228
ETag: W/"e4-q8FHHDU+xzH3mMxP4Q8Ub7Ko3QQ"
Date: Sat, 30 Sep 2023 22:34:45 GMT
Connection: keep-alive
Keep-Alive: timeout=5

{
    "pseuserEmail": "antwan.sauer@hotmail.com",
    "psefullNameUser": "Claudio Dooley II",
    "psereference": "306279528",
    "psereferencePse": "306279528",
    "psecellphone": "230.464.1047",
    "pseamount": 108568,
    "_id": "6518a285b15d7ac86c3d9359",
    "__v": 0
}
HTTP/1.1 201 Created
X-Powered-By: Express
Content-Type: application/json; charset=utf-8
Content-Length: 228
ETag: W/"e4-q8FHHDU+xzH3mMxP4Q8Ub7Ko3QQ"
Date: Sat, 30 Sep 2023 22:34:45 GMT
Connection: keep-alive
Keep-Alive: timeout=5

{
    "pseuserEmail": "antwan.sauer@hotmail.com",
    "psefullNameUser": "Claudio Dooley II",
    "psereference": "306279528",
    "psereferencePse": "306279528",
    "psecellphone": "230.464.1047",
    "pseamount": 108568,
    "_id": "6518a285b15d7ac86c3d9359",
    "__v": 0
}
Request method:	PUT
Request URI:	http://localhost:1337/api/v1/pse-payment/6518a285b15d7ac86c3d9359
Proxy:			<none>
Request params:	<none>
Query params:	<none>
Form params:	<none>
Path params:	id=6518a285b15d7ac86c3d9359
Headers:		Accept=*/*
				Content-Type=application/json
Cookies:		<none>
Multiparts:		<none>
Body:
{
    "psereference": "306279528",
    "psereferencePse": "306279528",
    "pseuserEmail": "corie.gibson@gmail.com",
    "pseamount": 567504,
    "psefullNameUser": "Heriberto Howe",
    "psecellphone": "628-619-3539"
}
Request method:	PUT
Request URI:	http://localhost:1337/api/v1/pse-payment/6518a285b15d7ac86c3d9359
Proxy:			<none>
Request params:	<none>
Query params:	<none>
Form params:	<none>
Path params:	id=6518a285b15d7ac86c3d9359
Headers:		Accept=*/*
				Content-Type=application/json
Cookies:		<none>
Multiparts:		<none>
Body:
{
    "psereference": "306279528",
    "psereferencePse": "306279528",
    "pseuserEmail": "corie.gibson@gmail.com",
    "pseamount": 567504,
    "psefullNameUser": "Heriberto Howe",
    "psecellphone": "628-619-3539"
}
Request method:	PUT
Request URI:	http://localhost:1337/api/v1/pse-payment/6518a285b15d7ac86c3d9359
Proxy:			<none>
Request params:	<none>
Query params:	<none>
Form params:	<none>
Path params:	id=6518a285b15d7ac86c3d9359
Headers:		Accept=*/*
				Content-Type=application/json
Cookies:		<none>
Multiparts:		<none>
Body:
{
    "psereference": "306279528",
    "psereferencePse": "306279528",
    "pseuserEmail": "corie.gibson@gmail.com",
    "pseamount": 567504,
    "psefullNameUser": "Heriberto Howe",
    "psecellphone": "628-619-3539"
}
Request method:	PUT
Request URI:	http://localhost:1337/api/v1/pse-payment/6518a285b15d7ac86c3d9359
Proxy:			<none>
Request params:	<none>
Query params:	<none>
Form params:	<none>
Path params:	id=6518a285b15d7ac86c3d9359
Headers:		Accept=*/*
				Content-Type=application/json
Cookies:		<none>
Multiparts:		<none>
Body:
{
    "psereference": "306279528",
    "psereferencePse": "306279528",
    "pseuserEmail": "corie.gibson@gmail.com",
    "pseamount": 567504,
    "psefullNameUser": "Heriberto Howe",
    "psecellphone": "628-619-3539"
}
HTTP/1.1 201 Created
X-Powered-By: Express
Content-Type: application/json; charset=utf-8
Content-Length: 201
ETag: W/"c9-QTsBtbkOnD7ZtpCsiKvFp2Nxi54"
Date: Sat, 30 Sep 2023 22:34:46 GMT
Connection: keep-alive
Keep-Alive: timeout=5

{
    "status": "201",
    "message": "PSE payment updated successfull",
    "idUpdated": "6518a285b15d7ac86c3d9359",
    "result": {
        "acknowledged": true,
        "modifiedCount": 1,
        "upsertedId": null,
        "upsertedCount": 0,
        "matchedCount": 1
    }
}
HTTP/1.1 201 Created
X-Powered-By: Express
Content-Type: application/json; charset=utf-8
Content-Length: 201
ETag: W/"c9-QTsBtbkOnD7ZtpCsiKvFp2Nxi54"
Date: Sat, 30 Sep 2023 22:34:46 GMT
Connection: keep-alive
Keep-Alive: timeout=5

{
    "status": "201",
    "message": "PSE payment updated successfull",
    "idUpdated": "6518a285b15d7ac86c3d9359",
    "result": {
        "acknowledged": true,
        "modifiedCount": 1,
        "upsertedId": null,
        "upsertedCount": 0,
        "matchedCount": 1
    }
}
HTTP/1.1 201 Created
X-Powered-By: Express
Content-Type: application/json; charset=utf-8
Content-Length: 201
ETag: W/"c9-QTsBtbkOnD7ZtpCsiKvFp2Nxi54"
Date: Sat, 30 Sep 2023 22:34:46 GMT
Connection: keep-alive
Keep-Alive: timeout=5

{
    "status": "201",
    "message": "PSE payment updated successfull",
    "idUpdated": "6518a285b15d7ac86c3d9359",
    "result": {
        "acknowledged": true,
        "modifiedCount": 1,
        "upsertedId": null,
        "upsertedCount": 0,
        "matchedCount": 1
    }
}
HTTP/1.1 201 Created
X-Powered-By: Express
Content-Type: application/json; charset=utf-8
Content-Length: 201
ETag: W/"c9-QTsBtbkOnD7ZtpCsiKvFp2Nxi54"
Date: Sat, 30 Sep 2023 22:34:46 GMT
Connection: keep-alive
Keep-Alive: timeout=5

{
    "status": "201",
    "message": "PSE payment updated successfull",
    "idUpdated": "6518a285b15d7ac86c3d9359",
    "result": {
        "acknowledged": true,
        "modifiedCount": 1,
        "upsertedId": null,
        "upsertedCount": 0,
        "matchedCount": 1
    }
}
Request method:	POST
Request URI:	http://localhost:1337/api/v1/pse-payment
Proxy:			<none>
Request params:	<none>
Query params:	<none>
Form params:	<none>
Path params:	<none>
Headers:		Accept=*/*
				Content-Type=application/json
Cookies:		<none>
Multiparts:		<none>
Body:
{
    "psereference": "306279528",
    "psereferencePse": "306279528",
    "pseuserEmail": "lavonna.rice@yahoo.com",
    "pseamount": 595949,
    "psefullNameUser": "Normand Wiza",
    "psecellphone": "1-206-373-6738"
}
Request method:	POST
Request URI:	http://localhost:1337/api/v1/pse-payment
Proxy:			<none>
Request params:	<none>
Query params:	<none>
Form params:	<none>
Path params:	<none>
Headers:		Accept=*/*
				Content-Type=application/json
Cookies:		<none>
Multiparts:		<none>
Body:
{
    "psereference": "306279528",
    "psereferencePse": "306279528",
    "pseuserEmail": "lavonna.rice@yahoo.com",
    "pseamount": 595949,
    "psefullNameUser": "Normand Wiza",
    "psecellphone": "1-206-373-6738"
}
Request method:	POST
Request URI:	http://localhost:1337/api/v1/pse-payment
Proxy:			<none>
Request params:	<none>
Query params:	<none>
Form params:	<none>
Path params:	<none>
Headers:		Accept=*/*
				Content-Type=application/json
Cookies:		<none>
Multiparts:		<none>
Body:
{
    "psereference": "306279528",
    "psereferencePse": "306279528",
    "pseuserEmail": "lavonna.rice@yahoo.com",
    "pseamount": 595949,
    "psefullNameUser": "Normand Wiza",
    "psecellphone": "1-206-373-6738"
}
Request method:	POST
Request URI:	http://localhost:1337/api/v1/pse-payment
Proxy:			<none>
Request params:	<none>
Query params:	<none>
Form params:	<none>
Path params:	<none>
Headers:		Accept=*/*
				Content-Type=application/json
Cookies:		<none>
Multiparts:		<none>
Body:
{
    "psereference": "306279528",
    "psereferencePse": "306279528",
    "pseuserEmail": "lavonna.rice@yahoo.com",
    "pseamount": 595949,
    "psefullNameUser": "Normand Wiza",
    "psecellphone": "1-206-373-6738"
}
Request method:	POST
Request URI:	http://localhost:1337/api/v1/pse-payment
Proxy:			<none>
Request params:	<none>
Query params:	<none>
Form params:	<none>
Path params:	<none>
Headers:		Accept=*/*
				Content-Type=application/json
Cookies:		<none>
Multiparts:		<none>
Body:
{
    "psereference": "306279528",
    "psereferencePse": "306279528",
    "pseuserEmail": "lavonna.rice@yahoo.com",
    "pseamount": 595949,
    "psefullNameUser": "Normand Wiza",
    "psecellphone": "1-206-373-6738"
}
HTTP/1.1 201 Created
X-Powered-By: Express
Content-Type: application/json; charset=utf-8
Content-Length: 223
ETag: W/"df-spHhXAJ71gBkHKhz9uuFpImwaGQ"
Date: Sat, 30 Sep 2023 22:34:46 GMT
Connection: keep-alive
Keep-Alive: timeout=5

{
    "pseuserEmail": "lavonna.rice@yahoo.com",
    "psefullNameUser": "Normand Wiza",
    "psereference": "306279528",
    "psereferencePse": "306279528",
    "psecellphone": "1-206-373-6738",
    "pseamount": 595949,
    "_id": "6518a286b15d7ac86c3d9361",
    "__v": 0
}
HTTP/1.1 201 Created
X-Powered-By: Express
Content-Type: application/json; charset=utf-8
Content-Length: 223
ETag: W/"df-spHhXAJ71gBkHKhz9uuFpImwaGQ"
Date: Sat, 30 Sep 2023 22:34:46 GMT
Connection: keep-alive
Keep-Alive: timeout=5

{
    "pseuserEmail": "lavonna.rice@yahoo.com",
    "psefullNameUser": "Normand Wiza",
    "psereference": "306279528",
    "psereferencePse": "306279528",
    "psecellphone": "1-206-373-6738",
    "pseamount": 595949,
    "_id": "6518a286b15d7ac86c3d9361",
    "__v": 0
}
HTTP/1.1 201 Created
X-Powered-By: Express
Content-Type: application/json; charset=utf-8
Content-Length: 223
ETag: W/"df-spHhXAJ71gBkHKhz9uuFpImwaGQ"
Date: Sat, 30 Sep 2023 22:34:46 GMT
Connection: keep-alive
Keep-Alive: timeout=5

{
    "pseuserEmail": "lavonna.rice@yahoo.com",
    "psefullNameUser": "Normand Wiza",
    "psereference": "306279528",
    "psereferencePse": "306279528",
    "psecellphone": "1-206-373-6738",
    "pseamount": 595949,
    "_id": "6518a286b15d7ac86c3d9361",
    "__v": 0
}
HTTP/1.1 201 Created
X-Powered-By: Express
Content-Type: application/json; charset=utf-8
Content-Length: 223
ETag: W/"df-spHhXAJ71gBkHKhz9uuFpImwaGQ"
Date: Sat, 30 Sep 2023 22:34:46 GMT
Connection: keep-alive
Keep-Alive: timeout=5

{
    "pseuserEmail": "lavonna.rice@yahoo.com",
    "psefullNameUser": "Normand Wiza",
    "psereference": "306279528",
    "psereferencePse": "306279528",
    "psecellphone": "1-206-373-6738",
    "pseamount": 595949,
    "_id": "6518a286b15d7ac86c3d9361",
    "__v": 0
}
HTTP/1.1 201 Created
X-Powered-By: Express
Content-Type: application/json; charset=utf-8
Content-Length: 223
ETag: W/"df-spHhXAJ71gBkHKhz9uuFpImwaGQ"
Date: Sat, 30 Sep 2023 22:34:46 GMT
Connection: keep-alive
Keep-Alive: timeout=5

{
    "pseuserEmail": "lavonna.rice@yahoo.com",
    "psefullNameUser": "Normand Wiza",
    "psereference": "306279528",
    "psereferencePse": "306279528",
    "psecellphone": "1-206-373-6738",
    "pseamount": 595949,
    "_id": "6518a286b15d7ac86c3d9361",
    "__v": 0
}
Request method:	DELETE
Request URI:	http://localhost:1337/api/v1/pse-payment/6518a286b15d7ac86c3d9361
Proxy:			<none>
Request params:	<none>
Query params:	<none>
Form params:	<none>
Path params:	id=6518a286b15d7ac86c3d9361
Headers:		Accept=*/*
				Content-Type=application/json
Cookies:		<none>
Multiparts:		<none>
Body:			<none>
Request method:	DELETE
Request URI:	http://localhost:1337/api/v1/pse-payment/6518a286b15d7ac86c3d9361
Proxy:			<none>
Request params:	<none>
Query params:	<none>
Form params:	<none>
Path params:	id=6518a286b15d7ac86c3d9361
Headers:		Accept=*/*
				Content-Type=application/json
Cookies:		<none>
Multiparts:		<none>
Body:			<none>
Request method:	DELETE
Request URI:	http://localhost:1337/api/v1/pse-payment/6518a286b15d7ac86c3d9361
Proxy:			<none>
Request params:	<none>
Query params:	<none>
Form params:	<none>
Path params:	id=6518a286b15d7ac86c3d9361
Headers:		Accept=*/*
				Content-Type=application/json
Cookies:		<none>
Multiparts:		<none>
Body:			<none>
Request method:	DELETE
Request URI:	http://localhost:1337/api/v1/pse-payment/6518a286b15d7ac86c3d9361
Proxy:			<none>
Request params:	<none>
Query params:	<none>
Form params:	<none>
Path params:	id=6518a286b15d7ac86c3d9361
Headers:		Accept=*/*
				Content-Type=application/json
Cookies:		<none>
Multiparts:		<none>
Body:			<none>
Request method:	DELETE
Request URI:	http://localhost:1337/api/v1/pse-payment/6518a286b15d7ac86c3d9361
Proxy:			<none>
Request params:	<none>
Query params:	<none>
Form params:	<none>
Path params:	id=6518a286b15d7ac86c3d9361
Headers:		Accept=*/*
				Content-Type=application/json
Cookies:		<none>
Multiparts:		<none>
Body:			<none>
HTTP/1.1 201 Created
X-Powered-By: Express
Content-Type: application/json; charset=utf-8
Content-Length: 78
ETag: W/"4e-Af8yqi6GEqk3sMWo9nMoZirsi0o"
Date: Sat, 30 Sep 2023 22:34:47 GMT
Connection: keep-alive
Keep-Alive: timeout=5

{
    "status": "201",
    "message": "PSE payment deleted successfull",
    "items_deleted": 1
}
HTTP/1.1 201 Created
X-Powered-By: Express
Content-Type: application/json; charset=utf-8
Content-Length: 78
ETag: W/"4e-Af8yqi6GEqk3sMWo9nMoZirsi0o"
Date: Sat, 30 Sep 2023 22:34:47 GMT
Connection: keep-alive
Keep-Alive: timeout=5

{
    "status": "201",
    "message": "PSE payment deleted successfull",
    "items_deleted": 1
}
HTTP/1.1 201 Created
X-Powered-By: Express
Content-Type: application/json; charset=utf-8
Content-Length: 78
ETag: W/"4e-Af8yqi6GEqk3sMWo9nMoZirsi0o"
Date: Sat, 30 Sep 2023 22:34:47 GMT
Connection: keep-alive
Keep-Alive: timeout=5

{
    "status": "201",
    "message": "PSE payment deleted successfull",
    "items_deleted": 1
}
HTTP/1.1 201 Created
X-Powered-By: Express
Content-Type: application/json; charset=utf-8
Content-Length: 78
ETag: W/"4e-Af8yqi6GEqk3sMWo9nMoZirsi0o"
Date: Sat, 30 Sep 2023 22:34:47 GMT
Connection: keep-alive
Keep-Alive: timeout=5

{
    "status": "201",
    "message": "PSE payment deleted successfull",
    "items_deleted": 1
}
HTTP/1.1 201 Created
X-Powered-By: Express
Content-Type: application/json; charset=utf-8
Content-Length: 78
ETag: W/"4e-Af8yqi6GEqk3sMWo9nMoZirsi0o"
Date: Sat, 30 Sep 2023 22:34:47 GMT
Connection: keep-alive
Keep-Alive: timeout=5

{
    "status": "201",
    "message": "PSE payment deleted successfull",
    "items_deleted": 1
}
]]></system-out>
  <system-err><![CDATA[]]></system-err>
</testsuite>
