<?xml version="1.0" encoding="UTF-8"?>
<testsuite name="com.automation.features.CreditCardTests" tests="5" skipped="0" failures="0" errors="0" timestamp="2023-09-30T22:34:37" hostname="Edisons-MacBook-Pro.local" time="8.961">
  <properties/>
  <testcase name="seeTheUpdateServiceResponseCorrectly_When_SubmitTheCorrectCreditCardPaymentInformation()" classname="com.automation.features.CreditCardTests" time="6.152"/>
  <testcase name="seeTheGetAllServiceResponseCorrectly_When_SubmitTheCorrectCreditCardPaymentInformation()" classname="com.automation.features.CreditCardTests" time="0.313"/>
  <testcase name="seeTheCreateServiceResponseCorrectly_When_SubmitTheCorrectCreditCardPaymentInformation()" classname="com.automation.features.CreditCardTests" time="0.477"/>
  <testcase name="seeTheGetServiceResponseCorrectly_When_SubmitTheCorrectCreditCardPaymentInformation()" classname="com.automation.features.CreditCardTests" time="0.686"/>
  <testcase name="seeTheDeleteServiceResponseCorrectly_When_SubmitTheCorrectCreditCardPaymentInformation()" classname="com.automation.features.CreditCardTests" time="0.753"/>
  <system-out><![CDATA[Request method:	POST
Request URI:	http://localhost:1337/api/v1/credit-card-payment
Proxy:			<none>
Request params:	<none>
Query params:	<none>
Form params:	<none>
Path params:	<none>
Headers:		Accept=*/*
				Content-Type=application/json
Cookies:		<none>
Multiparts:		<none>
Body:
{
    "ccreference": "306279528",
    "ccName": "Humberto O'Reilly",
    "ccNumber": "6759-3404-3434-6181-38",
    "cclevel": "VISA",
    "ccMonthExp": 5,
    "ccYearExp": 47,
    "ccSecurityCode": 223,
    "ccuserEmail": "lakiesha.hagenes@hotmail.com",
    "ccDues": "18",
    "ccDate": "30/12/2023",
    "ccamount": "261070",
    "cccellphone": "606.293.3947"
}
HTTP/1.1 201 Created
X-Powered-By: Express
Content-Type: application/json; charset=utf-8
Content-Length: 327
ETag: W/"147-hCOyViyKOycH/XgWILf4IaaDrjc"
Date: Sat, 30 Sep 2023 22:34:42 GMT
Connection: keep-alive
Keep-Alive: timeout=5

{
    "ccreference": "306279528",
    "ccName": "Humberto O'Reilly",
    "ccNumber": "6759-3404-3434-6181-38",
    "cclevel": "VISA",
    "ccMonthExp": 5,
    "ccYearExp": 47,
    "ccDues": 18,
    "ccSecurityCode": 223,
    "ccDate": "30/12/2023",
    "ccuserEmail": "lakiesha.hagenes@hotmail.com",
    "ccamount": 261070,
    "cccellphone": "606.293.3947",
    "_id": "6518a282b15d7ac86c3d9347",
    "__v": 0
}
Request method:	PUT
Request URI:	http://localhost:1337/api/v1/credit-card-payment/6518a282b15d7ac86c3d9347
Proxy:			<none>
Request params:	<none>
Query params:	<none>
Form params:	<none>
Path params:	id=6518a282b15d7ac86c3d9347
Headers:		Accept=*/*
				Content-Type=application/json
Cookies:		<none>
Multiparts:		<none>
Body:
{
    "ccreference": "306279528",
    "ccName": "Victoria Aufderhar",
    "ccNumber": "3528-3839-2390-3675",
    "cclevel": "VISA",
    "ccMonthExp": 8,
    "ccYearExp": 35,
    "ccSecurityCode": 978,
    "ccuserEmail": "casey.corkery@yahoo.com",
    "ccDues": "12",
    "ccDate": "30/12/2023",
    "ccamount": "533212",
    "cccellphone": "(265) 471-8387"
}
HTTP/1.1 201 Created
X-Powered-By: Express
Content-Type: application/json; charset=utf-8
Content-Length: 209
ETag: W/"d1-CAlJeD1NkO10bhBNmaeH6jlf7Xs"
Date: Sat, 30 Sep 2023 22:34:43 GMT
Connection: keep-alive
Keep-Alive: timeout=5

{
    "status": "201",
    "message": "Credit card payment updated successfull",
    "idUpdated": "6518a282b15d7ac86c3d9347",
    "result": {
        "acknowledged": true,
        "modifiedCount": 1,
        "upsertedId": null,
        "upsertedCount": 0,
        "matchedCount": 1
    }
}
Request method:	GET
Request URI:	http://localhost:1337/api/v1/credit-card-payments
Proxy:			<none>
Request params:	<none>
Query params:	<none>
Form params:	<none>
Path params:	<none>
Headers:		Accept=*/*
				Content-Type=application/json
Cookies:		<none>
Multiparts:		<none>
Body:			<none>
Request method:	GET
Request URI:	http://localhost:1337/api/v1/credit-card-payments
Proxy:			<none>
Request params:	<none>
Query params:	<none>
Form params:	<none>
Path params:	<none>
Headers:		Accept=*/*
				Content-Type=application/json
Cookies:		<none>
Multiparts:		<none>
Body:			<none>
HTTP/1.1 200 OK
X-Powered-By: Express
Content-Type: application/json; charset=utf-8
Content-Length: 2618
ETag: W/"a3a-EbLBkGh1Mb3COiXsmFsjhANpnx0"
Date: Sat, 30 Sep 2023 22:34:44 GMT
Connection: keep-alive
Keep-Alive: timeout=5

{
    "status": "200",
    "message": "Credit card payments request",
    "results": [
        {
            "_id": "651872a009d12dc5e940555a",
            "ccreference": "CC00000001",
            "ccName": "USER CREDIT CARD 1133",
            "ccNumber": "4111 5555 8888 6666",
            "cclevel": "VISA",
            "ccMonthExp": 8,
            "ccYearExp": 25,
            "ccDues": 12,
            "ccSecurityCode": 123,
            "ccDate": "23/09/2024",
            "ccuserEmail": "USER1133@test.com",
            "ccamount": 12500,
            "cccellphone": "573256589987",
            "__v": 0
        },
        {
            "_id": "6518a19eb15d7ac86c3d9309",
            "ccreference": "306279528",
            "ccName": "Jadwiga Bahringer",
            "ccNumber": "6771432216647817",
            "cclevel": "VISA",
            "ccMonthExp": 9,
            "ccYearExp": 31,
            "ccDues": 2,
            "ccSecurityCode": 685,
            "ccDate": "30/12/2023",
            "ccuserEmail": "alysia.bernhard@yahoo.com",
            "ccamount": 172982,
            "cccellphone": "1-244-108-6766",
            "__v": 0
        },
        {
            "_id": "6518a1a2b15d7ac86c3d9318",
            "ccreference": "306279528",
            "ccName": "Edythe Armstrong",
            "ccNumber": "6771-8960-6252-3639",
            "cclevel": "VISA",
            "ccMonthExp": 4,
            "ccYearExp": 46,
            "ccDues": 33,
            "ccSecurityCode": 280,
            "ccDate": "30/12/2023",
            "ccuserEmail": "bunny.hammes@yahoo.com",
            "ccamount": 332686,
            "cccellphone": "(583) 365-6574",
            "__v": 0
        },
        {
            "_id": "6518a1a3b15d7ac86c3d931d",
            "ccreference": "306279528",
            "ccName": "Jarvis Koch",
            "ccNumber": "6771-8934-1174-5419",
            "cclevel": "VISA",
            "ccMonthExp": 8,
            "ccYearExp": 25,
            "ccDues": 34,
            "ccSecurityCode": 192,
            "ccDate": "30/12/2023",
            "ccuserEmail": "lyndia.bahringer@yahoo.com",
            "ccamount": 395010,
            "cccellphone": "813-906-7807",
            "__v": 0
        },
        {
            "_id": "6518a1d3b15d7ac86c3d9328",
            "ccreference": "306279528",
            "ccName": "Malia Klein",
            "ccNumber": "3499-338946-19040",
            "cclevel": "VISA",
            "ccMonthExp": 1,
            "ccYearExp": 38,
            "ccDues": 31,
            "ccSecurityCode": 346,
            "ccDate": "30/12/2023",
            "ccuserEmail": "roger.will@hotmail.com",
            "ccamount": 650395,
            "cccellphone": "1-629-197-8221",
            "__v": 0
        },
        {
            "_id": "6518a1d6b15d7ac86c3d9333",
            "ccreference": "306279528",
            "ccName": "Edda Dooley",
            "ccNumber": "6706748700955709",
            "cclevel": "VISA",
            "ccMonthExp": 7,
            "ccYearExp": 29,
            "ccDues": 13,
            "ccSecurityCode": 664,
            "ccDate": "30/12/2023",
            "ccuserEmail": "kyong.blick@gmail.com",
            "ccamount": 407818,
            "cccellphone": "(536) 227-7810",
            "__v": 0
        },
        {
            "_id": "6518a1d6b15d7ac86c3d9337",
            "ccreference": "306279528",
            "ccName": "Janessa Goldner",
            "ccNumber": "6767-1527-1167-7439-743",
            "cclevel": "VISA",
            "ccMonthExp": 9,
            "ccYearExp": 30,
            "ccDues": 2,
            "ccSecurityCode": 899,
            "ccDate": "30/12/2023",
            "ccuserEmail": "carlton.rosenbaum@gmail.com",
            "ccamount": 275030,
            "cccellphone": "1-763-014-2414",
            "__v": 0
        },
        {
            "_id": "6518a282b15d7ac86c3d9347",
            "ccreference": "306279528",
            "ccName": "Victoria Aufderhar",
            "ccNumber": "3528-3839-2390-3675",
            "cclevel": "VISA",
            "ccMonthExp": 8,
            "ccYearExp": 35,
            "ccDues": 12,
            "ccSecurityCode": 978,
            "ccDate": "30/12/2023",
            "ccuserEmail": "casey.corkery@yahoo.com",
            "ccamount": 533212,
            "cccellphone": "(265) 471-8387",
            "__v": 0
        }
    ]
}
HTTP/1.1 200 OK
X-Powered-By: Express
Content-Type: application/json; charset=utf-8
Content-Length: 2618
ETag: W/"a3a-EbLBkGh1Mb3COiXsmFsjhANpnx0"
Date: Sat, 30 Sep 2023 22:34:44 GMT
Connection: keep-alive
Keep-Alive: timeout=5

{
    "status": "200",
    "message": "Credit card payments request",
    "results": [
        {
            "_id": "651872a009d12dc5e940555a",
            "ccreference": "CC00000001",
            "ccName": "USER CREDIT CARD 1133",
            "ccNumber": "4111 5555 8888 6666",
            "cclevel": "VISA",
            "ccMonthExp": 8,
            "ccYearExp": 25,
            "ccDues": 12,
            "ccSecurityCode": 123,
            "ccDate": "23/09/2024",
            "ccuserEmail": "USER1133@test.com",
            "ccamount": 12500,
            "cccellphone": "573256589987",
            "__v": 0
        },
        {
            "_id": "6518a19eb15d7ac86c3d9309",
            "ccreference": "306279528",
            "ccName": "Jadwiga Bahringer",
            "ccNumber": "6771432216647817",
            "cclevel": "VISA",
            "ccMonthExp": 9,
            "ccYearExp": 31,
            "ccDues": 2,
            "ccSecurityCode": 685,
            "ccDate": "30/12/2023",
            "ccuserEmail": "alysia.bernhard@yahoo.com",
            "ccamount": 172982,
            "cccellphone": "1-244-108-6766",
            "__v": 0
        },
        {
            "_id": "6518a1a2b15d7ac86c3d9318",
            "ccreference": "306279528",
            "ccName": "Edythe Armstrong",
            "ccNumber": "6771-8960-6252-3639",
            "cclevel": "VISA",
            "ccMonthExp": 4,
            "ccYearExp": 46,
            "ccDues": 33,
            "ccSecurityCode": 280,
            "ccDate": "30/12/2023",
            "ccuserEmail": "bunny.hammes@yahoo.com",
            "ccamount": 332686,
            "cccellphone": "(583) 365-6574",
            "__v": 0
        },
        {
            "_id": "6518a1a3b15d7ac86c3d931d",
            "ccreference": "306279528",
            "ccName": "Jarvis Koch",
            "ccNumber": "6771-8934-1174-5419",
            "cclevel": "VISA",
            "ccMonthExp": 8,
            "ccYearExp": 25,
            "ccDues": 34,
            "ccSecurityCode": 192,
            "ccDate": "30/12/2023",
            "ccuserEmail": "lyndia.bahringer@yahoo.com",
            "ccamount": 395010,
            "cccellphone": "813-906-7807",
            "__v": 0
        },
        {
            "_id": "6518a1d3b15d7ac86c3d9328",
            "ccreference": "306279528",
            "ccName": "Malia Klein",
            "ccNumber": "3499-338946-19040",
            "cclevel": "VISA",
            "ccMonthExp": 1,
            "ccYearExp": 38,
            "ccDues": 31,
            "ccSecurityCode": 346,
            "ccDate": "30/12/2023",
            "ccuserEmail": "roger.will@hotmail.com",
            "ccamount": 650395,
            "cccellphone": "1-629-197-8221",
            "__v": 0
        },
        {
            "_id": "6518a1d6b15d7ac86c3d9333",
            "ccreference": "306279528",
            "ccName": "Edda Dooley",
            "ccNumber": "6706748700955709",
            "cclevel": "VISA",
            "ccMonthExp": 7,
            "ccYearExp": 29,
            "ccDues": 13,
            "ccSecurityCode": 664,
            "ccDate": "30/12/2023",
            "ccuserEmail": "kyong.blick@gmail.com",
            "ccamount": 407818,
            "cccellphone": "(536) 227-7810",
            "__v": 0
        },
        {
            "_id": "6518a1d6b15d7ac86c3d9337",
            "ccreference": "306279528",
            "ccName": "Janessa Goldner",
            "ccNumber": "6767-1527-1167-7439-743",
            "cclevel": "VISA",
            "ccMonthExp": 9,
            "ccYearExp": 30,
            "ccDues": 2,
            "ccSecurityCode": 899,
            "ccDate": "30/12/2023",
            "ccuserEmail": "carlton.rosenbaum@gmail.com",
            "ccamount": 275030,
            "cccellphone": "1-763-014-2414",
            "__v": 0
        },
        {
            "_id": "6518a282b15d7ac86c3d9347",
            "ccreference": "306279528",
            "ccName": "Victoria Aufderhar",
            "ccNumber": "3528-3839-2390-3675",
            "cclevel": "VISA",
            "ccMonthExp": 8,
            "ccYearExp": 35,
            "ccDues": 12,
            "ccSecurityCode": 978,
            "ccDate": "30/12/2023",
            "ccuserEmail": "casey.corkery@yahoo.com",
            "ccamount": 533212,
            "cccellphone": "(265) 471-8387",
            "__v": 0
        }
    ]
}
Request method:	POST
Request URI:	http://localhost:1337/api/v1/credit-card-payment
Proxy:			<none>
Request params:	<none>
Query params:	<none>
Form params:	<none>
Path params:	<none>
Headers:		Accept=*/*
				Content-Type=application/json
Cookies:		<none>
Multiparts:		<none>
Body:
{
    "ccreference": "306279528",
    "ccName": "Marylee Zieme",
    "ccNumber": "6007-2201-4615-6587",
    "cclevel": "VISA",
    "ccMonthExp": 1,
    "ccYearExp": 33,
    "ccSecurityCode": 623,
    "ccuserEmail": "dion.lesch@hotmail.com",
    "ccDues": "33",
    "ccDate": "30/12/2023",
    "ccamount": "525101",
    "cccellphone": "1-074-928-8403"
}
Request method:	POST
Request URI:	http://localhost:1337/api/v1/credit-card-payment
Proxy:			<none>
Request params:	<none>
Query params:	<none>
Form params:	<none>
Path params:	<none>
Headers:		Accept=*/*
				Content-Type=application/json
Cookies:		<none>
Multiparts:		<none>
Body:
{
    "ccreference": "306279528",
    "ccName": "Marylee Zieme",
    "ccNumber": "6007-2201-4615-6587",
    "cclevel": "VISA",
    "ccMonthExp": 1,
    "ccYearExp": 33,
    "ccSecurityCode": 623,
    "ccuserEmail": "dion.lesch@hotmail.com",
    "ccDues": "33",
    "ccDate": "30/12/2023",
    "ccamount": "525101",
    "cccellphone": "1-074-928-8403"
}
Request method:	POST
Request URI:	http://localhost:1337/api/v1/credit-card-payment
Proxy:			<none>
Request params:	<none>
Query params:	<none>
Form params:	<none>
Path params:	<none>
Headers:		Accept=*/*
				Content-Type=application/json
Cookies:		<none>
Multiparts:		<none>
Body:
{
    "ccreference": "306279528",
    "ccName": "Marylee Zieme",
    "ccNumber": "6007-2201-4615-6587",
    "cclevel": "VISA",
    "ccMonthExp": 1,
    "ccYearExp": 33,
    "ccSecurityCode": 623,
    "ccuserEmail": "dion.lesch@hotmail.com",
    "ccDues": "33",
    "ccDate": "30/12/2023",
    "ccamount": "525101",
    "cccellphone": "1-074-928-8403"
}
HTTP/1.1 201 Created
X-Powered-By: Express
Content-Type: application/json; charset=utf-8
Content-Length: 316
ETag: W/"13c-qgnCIgt7nPRS0axT30/OAB1j7sc"
Date: Sat, 30 Sep 2023 22:34:44 GMT
Connection: keep-alive
Keep-Alive: timeout=5

{
    "ccreference": "306279528",
    "ccName": "Marylee Zieme",
    "ccNumber": "6007-2201-4615-6587",
    "cclevel": "VISA",
    "ccMonthExp": 1,
    "ccYearExp": 33,
    "ccDues": 33,
    "ccSecurityCode": 623,
    "ccDate": "30/12/2023",
    "ccuserEmail": "dion.lesch@hotmail.com",
    "ccamount": 525101,
    "cccellphone": "1-074-928-8403",
    "_id": "6518a284b15d7ac86c3d9350",
    "__v": 0
}
HTTP/1.1 201 Created
X-Powered-By: Express
Content-Type: application/json; charset=utf-8
Content-Length: 316
ETag: W/"13c-qgnCIgt7nPRS0axT30/OAB1j7sc"
Date: Sat, 30 Sep 2023 22:34:44 GMT
Connection: keep-alive
Keep-Alive: timeout=5

{
    "ccreference": "306279528",
    "ccName": "Marylee Zieme",
    "ccNumber": "6007-2201-4615-6587",
    "cclevel": "VISA",
    "ccMonthExp": 1,
    "ccYearExp": 33,
    "ccDues": 33,
    "ccSecurityCode": 623,
    "ccDate": "30/12/2023",
    "ccuserEmail": "dion.lesch@hotmail.com",
    "ccamount": 525101,
    "cccellphone": "1-074-928-8403",
    "_id": "6518a284b15d7ac86c3d9350",
    "__v": 0
}
HTTP/1.1 201 Created
X-Powered-By: Express
Content-Type: application/json; charset=utf-8
Content-Length: 316
ETag: W/"13c-qgnCIgt7nPRS0axT30/OAB1j7sc"
Date: Sat, 30 Sep 2023 22:34:44 GMT
Connection: keep-alive
Keep-Alive: timeout=5

{
    "ccreference": "306279528",
    "ccName": "Marylee Zieme",
    "ccNumber": "6007-2201-4615-6587",
    "cclevel": "VISA",
    "ccMonthExp": 1,
    "ccYearExp": 33,
    "ccDues": 33,
    "ccSecurityCode": 623,
    "ccDate": "30/12/2023",
    "ccuserEmail": "dion.lesch@hotmail.com",
    "ccamount": 525101,
    "cccellphone": "1-074-928-8403",
    "_id": "6518a284b15d7ac86c3d9350",
    "__v": 0
}
Request method:	POST
Request URI:	http://localhost:1337/api/v1/credit-card-payment
Proxy:			<none>
Request params:	<none>
Query params:	<none>
Form params:	<none>
Path params:	<none>
Headers:		Accept=*/*
				Content-Type=application/json
Cookies:		<none>
Multiparts:		<none>
Body:
{
    "ccreference": "306279528",
    "ccName": "Laci Nienow PhD",
    "ccNumber": "3684-346546-5434",
    "cclevel": "VISA",
    "ccMonthExp": 4,
    "ccYearExp": 23,
    "ccSecurityCode": 536,
    "ccuserEmail": "denise.cole@hotmail.com",
    "ccDues": "11",
    "ccDate": "30/12/2023",
    "ccamount": "290843",
    "cccellphone": "(453) 302-8156"
}
Request method:	POST
Request URI:	http://localhost:1337/api/v1/credit-card-payment
Proxy:			<none>
Request params:	<none>
Query params:	<none>
Form params:	<none>
Path params:	<none>
Headers:		Accept=*/*
				Content-Type=application/json
Cookies:		<none>
Multiparts:		<none>
Body:
{
    "ccreference": "306279528",
    "ccName": "Laci Nienow PhD",
    "ccNumber": "3684-346546-5434",
    "cclevel": "VISA",
    "ccMonthExp": 4,
    "ccYearExp": 23,
    "ccSecurityCode": 536,
    "ccuserEmail": "denise.cole@hotmail.com",
    "ccDues": "11",
    "ccDate": "30/12/2023",
    "ccamount": "290843",
    "cccellphone": "(453) 302-8156"
}
Request method:	POST
Request URI:	http://localhost:1337/api/v1/credit-card-payment
Proxy:			<none>
Request params:	<none>
Query params:	<none>
Form params:	<none>
Path params:	<none>
Headers:		Accept=*/*
				Content-Type=application/json
Cookies:		<none>
Multiparts:		<none>
Body:
{
    "ccreference": "306279528",
    "ccName": "Laci Nienow PhD",
    "ccNumber": "3684-346546-5434",
    "cclevel": "VISA",
    "ccMonthExp": 4,
    "ccYearExp": 23,
    "ccSecurityCode": 536,
    "ccuserEmail": "denise.cole@hotmail.com",
    "ccDues": "11",
    "ccDate": "30/12/2023",
    "ccamount": "290843",
    "cccellphone": "(453) 302-8156"
}
Request method:	POST
Request URI:	http://localhost:1337/api/v1/credit-card-payment
Proxy:			<none>
Request params:	<none>
Query params:	<none>
Form params:	<none>
Path params:	<none>
Headers:		Accept=*/*
				Content-Type=application/json
Cookies:		<none>
Multiparts:		<none>
Body:
{
    "ccreference": "306279528",
    "ccName": "Laci Nienow PhD",
    "ccNumber": "3684-346546-5434",
    "cclevel": "VISA",
    "ccMonthExp": 4,
    "ccYearExp": 23,
    "ccSecurityCode": 536,
    "ccuserEmail": "denise.cole@hotmail.com",
    "ccDues": "11",
    "ccDate": "30/12/2023",
    "ccamount": "290843",
    "cccellphone": "(453) 302-8156"
}
HTTP/1.1 201 Created
X-Powered-By: Express
Content-Type: application/json; charset=utf-8
Content-Length: 316
ETag: W/"13c-aOBxoIIxwbFiE6l/DHmtF0WO/pA"
Date: Sat, 30 Sep 2023 22:34:45 GMT
Connection: keep-alive
Keep-Alive: timeout=5

{
    "ccreference": "306279528",
    "ccName": "Laci Nienow PhD",
    "ccNumber": "3684-346546-5434",
    "cclevel": "VISA",
    "ccMonthExp": 4,
    "ccYearExp": 23,
    "ccDues": 11,
    "ccSecurityCode": 536,
    "ccDate": "30/12/2023",
    "ccuserEmail": "denise.cole@hotmail.com",
    "ccamount": 290843,
    "cccellphone": "(453) 302-8156",
    "_id": "6518a285b15d7ac86c3d9353",
    "__v": 0
}
HTTP/1.1 201 Created
X-Powered-By: Express
Content-Type: application/json; charset=utf-8
Content-Length: 316
ETag: W/"13c-aOBxoIIxwbFiE6l/DHmtF0WO/pA"
Date: Sat, 30 Sep 2023 22:34:45 GMT
Connection: keep-alive
Keep-Alive: timeout=5

{
    "ccreference": "306279528",
    "ccName": "Laci Nienow PhD",
    "ccNumber": "3684-346546-5434",
    "cclevel": "VISA",
    "ccMonthExp": 4,
    "ccYearExp": 23,
    "ccDues": 11,
    "ccSecurityCode": 536,
    "ccDate": "30/12/2023",
    "ccuserEmail": "denise.cole@hotmail.com",
    "ccamount": 290843,
    "cccellphone": "(453) 302-8156",
    "_id": "6518a285b15d7ac86c3d9353",
    "__v": 0
}
HTTP/1.1 201 Created
X-Powered-By: Express
Content-Type: application/json; charset=utf-8
Content-Length: 316
ETag: W/"13c-aOBxoIIxwbFiE6l/DHmtF0WO/pA"
Date: Sat, 30 Sep 2023 22:34:45 GMT
Connection: keep-alive
Keep-Alive: timeout=5

{
    "ccreference": "306279528",
    "ccName": "Laci Nienow PhD",
    "ccNumber": "3684-346546-5434",
    "cclevel": "VISA",
    "ccMonthExp": 4,
    "ccYearExp": 23,
    "ccDues": 11,
    "ccSecurityCode": 536,
    "ccDate": "30/12/2023",
    "ccuserEmail": "denise.cole@hotmail.com",
    "ccamount": 290843,
    "cccellphone": "(453) 302-8156",
    "_id": "6518a285b15d7ac86c3d9353",
    "__v": 0
}
HTTP/1.1 201 Created
X-Powered-By: Express
Content-Type: application/json; charset=utf-8
Content-Length: 316
ETag: W/"13c-aOBxoIIxwbFiE6l/DHmtF0WO/pA"
Date: Sat, 30 Sep 2023 22:34:45 GMT
Connection: keep-alive
Keep-Alive: timeout=5

{
    "ccreference": "306279528",
    "ccName": "Laci Nienow PhD",
    "ccNumber": "3684-346546-5434",
    "cclevel": "VISA",
    "ccMonthExp": 4,
    "ccYearExp": 23,
    "ccDues": 11,
    "ccSecurityCode": 536,
    "ccDate": "30/12/2023",
    "ccuserEmail": "denise.cole@hotmail.com",
    "ccamount": 290843,
    "cccellphone": "(453) 302-8156",
    "_id": "6518a285b15d7ac86c3d9353",
    "__v": 0
}
Request method:	GET
Request URI:	http://localhost:1337/api/v1/credit-card-payment/6518a285b15d7ac86c3d9353
Proxy:			<none>
Request params:	<none>
Query params:	<none>
Form params:	<none>
Path params:	id=6518a285b15d7ac86c3d9353
Headers:		Accept=*/*
				Content-Type=application/json
Cookies:		<none>
Multiparts:		<none>
Body:			<none>
Request method:	GET
Request URI:	http://localhost:1337/api/v1/credit-card-payment/6518a285b15d7ac86c3d9353
Proxy:			<none>
Request params:	<none>
Query params:	<none>
Form params:	<none>
Path params:	id=6518a285b15d7ac86c3d9353
Headers:		Accept=*/*
				Content-Type=application/json
Cookies:		<none>
Multiparts:		<none>
Body:			<none>
Request method:	GET
Request URI:	http://localhost:1337/api/v1/credit-card-payment/6518a285b15d7ac86c3d9353
Proxy:			<none>
Request params:	<none>
Query params:	<none>
Form params:	<none>
Path params:	id=6518a285b15d7ac86c3d9353
Headers:		Accept=*/*
				Content-Type=application/json
Cookies:		<none>
Multiparts:		<none>
Body:			<none>
Request method:	GET
Request URI:	http://localhost:1337/api/v1/credit-card-payment/6518a285b15d7ac86c3d9353
Proxy:			<none>
Request params:	<none>
Query params:	<none>
Form params:	<none>
Path params:	id=6518a285b15d7ac86c3d9353
Headers:		Accept=*/*
				Content-Type=application/json
Cookies:		<none>
Multiparts:		<none>
Body:			<none>
HTTP/1.1 200 OK
X-Powered-By: Express
Content-Type: application/json; charset=utf-8
Content-Length: 382
ETag: W/"17e-i7BWB5wgQW6qe9qosf1nS/RM91E"
Date: Sat, 30 Sep 2023 22:34:45 GMT
Connection: keep-alive
Keep-Alive: timeout=5

{
    "status": "200",
    "message": "Credit card payment request",
    "result": {
        "_id": "6518a285b15d7ac86c3d9353",
        "ccreference": "306279528",
        "ccName": "Laci Nienow PhD",
        "ccNumber": "3684-346546-5434",
        "cclevel": "VISA",
        "ccMonthExp": 4,
        "ccYearExp": 23,
        "ccDues": 11,
        "ccSecurityCode": 536,
        "ccDate": "30/12/2023",
        "ccuserEmail": "denise.cole@hotmail.com",
        "ccamount": 290843,
        "cccellphone": "(453) 302-8156",
        "__v": 0
    }
}
HTTP/1.1 200 OK
X-Powered-By: Express
Content-Type: application/json; charset=utf-8
Content-Length: 382
ETag: W/"17e-i7BWB5wgQW6qe9qosf1nS/RM91E"
Date: Sat, 30 Sep 2023 22:34:45 GMT
Connection: keep-alive
Keep-Alive: timeout=5

{
    "status": "200",
    "message": "Credit card payment request",
    "result": {
        "_id": "6518a285b15d7ac86c3d9353",
        "ccreference": "306279528",
        "ccName": "Laci Nienow PhD",
        "ccNumber": "3684-346546-5434",
        "cclevel": "VISA",
        "ccMonthExp": 4,
        "ccYearExp": 23,
        "ccDues": 11,
        "ccSecurityCode": 536,
        "ccDate": "30/12/2023",
        "ccuserEmail": "denise.cole@hotmail.com",
        "ccamount": 290843,
        "cccellphone": "(453) 302-8156",
        "__v": 0
    }
}
HTTP/1.1 200 OK
X-Powered-By: Express
Content-Type: application/json; charset=utf-8
Content-Length: 382
ETag: W/"17e-i7BWB5wgQW6qe9qosf1nS/RM91E"
Date: Sat, 30 Sep 2023 22:34:45 GMT
Connection: keep-alive
Keep-Alive: timeout=5

{
    "status": "200",
    "message": "Credit card payment request",
    "result": {
        "_id": "6518a285b15d7ac86c3d9353",
        "ccreference": "306279528",
        "ccName": "Laci Nienow PhD",
        "ccNumber": "3684-346546-5434",
        "cclevel": "VISA",
        "ccMonthExp": 4,
        "ccYearExp": 23,
        "ccDues": 11,
        "ccSecurityCode": 536,
        "ccDate": "30/12/2023",
        "ccuserEmail": "denise.cole@hotmail.com",
        "ccamount": 290843,
        "cccellphone": "(453) 302-8156",
        "__v": 0
    }
}
HTTP/1.1 200 OK
X-Powered-By: Express
Content-Type: application/json; charset=utf-8
Content-Length: 382
ETag: W/"17e-i7BWB5wgQW6qe9qosf1nS/RM91E"
Date: Sat, 30 Sep 2023 22:34:45 GMT
Connection: keep-alive
Keep-Alive: timeout=5

{
    "status": "200",
    "message": "Credit card payment request",
    "result": {
        "_id": "6518a285b15d7ac86c3d9353",
        "ccreference": "306279528",
        "ccName": "Laci Nienow PhD",
        "ccNumber": "3684-346546-5434",
        "cclevel": "VISA",
        "ccMonthExp": 4,
        "ccYearExp": 23,
        "ccDues": 11,
        "ccSecurityCode": 536,
        "ccDate": "30/12/2023",
        "ccuserEmail": "denise.cole@hotmail.com",
        "ccamount": 290843,
        "cccellphone": "(453) 302-8156",
        "__v": 0
    }
}
Request method:	POST
Request URI:	http://localhost:1337/api/v1/credit-card-payment
Proxy:			<none>
Request params:	<none>
Query params:	<none>
Form params:	<none>
Path params:	<none>
Headers:		Accept=*/*
				Content-Type=application/json
Cookies:		<none>
Multiparts:		<none>
Body:
{
    "ccreference": "306279528",
    "ccName": "Ms. Harland Spinka",
    "ccNumber": "4939491060179",
    "cclevel": "VISA",
    "ccMonthExp": 6,
    "ccYearExp": 38,
    "ccSecurityCode": 279,
    "ccuserEmail": "chrystal.zulauf@gmail.com",
    "ccDues": "29",
    "ccDate": "30/12/2023",
    "ccamount": "307766",
    "cccellphone": "080-796-3395"
}
Request method:	POST
Request URI:	http://localhost:1337/api/v1/credit-card-payment
Proxy:			<none>
Request params:	<none>
Query params:	<none>
Form params:	<none>
Path params:	<none>
Headers:		Accept=*/*
				Content-Type=application/json
Cookies:		<none>
Multiparts:		<none>
Body:
{
    "ccreference": "306279528",
    "ccName": "Ms. Harland Spinka",
    "ccNumber": "4939491060179",
    "cclevel": "VISA",
    "ccMonthExp": 6,
    "ccYearExp": 38,
    "ccSecurityCode": 279,
    "ccuserEmail": "chrystal.zulauf@gmail.com",
    "ccDues": "29",
    "ccDate": "30/12/2023",
    "ccamount": "307766",
    "cccellphone": "080-796-3395"
}
Request method:	POST
Request URI:	http://localhost:1337/api/v1/credit-card-payment
Proxy:			<none>
Request params:	<none>
Query params:	<none>
Form params:	<none>
Path params:	<none>
Headers:		Accept=*/*
				Content-Type=application/json
Cookies:		<none>
Multiparts:		<none>
Body:
{
    "ccreference": "306279528",
    "ccName": "Ms. Harland Spinka",
    "ccNumber": "4939491060179",
    "cclevel": "VISA",
    "ccMonthExp": 6,
    "ccYearExp": 38,
    "ccSecurityCode": 279,
    "ccuserEmail": "chrystal.zulauf@gmail.com",
    "ccDues": "29",
    "ccDate": "30/12/2023",
    "ccamount": "307766",
    "cccellphone": "080-796-3395"
}
Request method:	POST
Request URI:	http://localhost:1337/api/v1/credit-card-payment
Proxy:			<none>
Request params:	<none>
Query params:	<none>
Form params:	<none>
Path params:	<none>
Headers:		Accept=*/*
				Content-Type=application/json
Cookies:		<none>
Multiparts:		<none>
Body:
{
    "ccreference": "306279528",
    "ccName": "Ms. Harland Spinka",
    "ccNumber": "4939491060179",
    "cclevel": "VISA",
    "ccMonthExp": 6,
    "ccYearExp": 38,
    "ccSecurityCode": 279,
    "ccuserEmail": "chrystal.zulauf@gmail.com",
    "ccDues": "29",
    "ccDate": "30/12/2023",
    "ccamount": "307766",
    "cccellphone": "080-796-3395"
}
Request method:	POST
Request URI:	http://localhost:1337/api/v1/credit-card-payment
Proxy:			<none>
Request params:	<none>
Query params:	<none>
Form params:	<none>
Path params:	<none>
Headers:		Accept=*/*
				Content-Type=application/json
Cookies:		<none>
Multiparts:		<none>
Body:
{
    "ccreference": "306279528",
    "ccName": "Ms. Harland Spinka",
    "ccNumber": "4939491060179",
    "cclevel": "VISA",
    "ccMonthExp": 6,
    "ccYearExp": 38,
    "ccSecurityCode": 279,
    "ccuserEmail": "chrystal.zulauf@gmail.com",
    "ccDues": "29",
    "ccDate": "30/12/2023",
    "ccamount": "307766",
    "cccellphone": "080-796-3395"
}
HTTP/1.1 201 Created
X-Powered-By: Express
Content-Type: application/json; charset=utf-8
Content-Length: 316
ETag: W/"13c-mLxQs+NHTe3TP40Yc+EVf594gXI"
Date: Sat, 30 Sep 2023 22:34:46 GMT
Connection: keep-alive
Keep-Alive: timeout=5

{
    "ccreference": "306279528",
    "ccName": "Ms. Harland Spinka",
    "ccNumber": "4939491060179",
    "cclevel": "VISA",
    "ccMonthExp": 6,
    "ccYearExp": 38,
    "ccDues": 29,
    "ccSecurityCode": 279,
    "ccDate": "30/12/2023",
    "ccuserEmail": "chrystal.zulauf@gmail.com",
    "ccamount": 307766,
    "cccellphone": "080-796-3395",
    "_id": "6518a286b15d7ac86c3d935d",
    "__v": 0
}
HTTP/1.1 201 Created
X-Powered-By: Express
Content-Type: application/json; charset=utf-8
Content-Length: 316
ETag: W/"13c-mLxQs+NHTe3TP40Yc+EVf594gXI"
Date: Sat, 30 Sep 2023 22:34:46 GMT
Connection: keep-alive
Keep-Alive: timeout=5

{
    "ccreference": "306279528",
    "ccName": "Ms. Harland Spinka",
    "ccNumber": "4939491060179",
    "cclevel": "VISA",
    "ccMonthExp": 6,
    "ccYearExp": 38,
    "ccDues": 29,
    "ccSecurityCode": 279,
    "ccDate": "30/12/2023",
    "ccuserEmail": "chrystal.zulauf@gmail.com",
    "ccamount": 307766,
    "cccellphone": "080-796-3395",
    "_id": "6518a286b15d7ac86c3d935d",
    "__v": 0
}
HTTP/1.1 201 Created
X-Powered-By: Express
Content-Type: application/json; charset=utf-8
Content-Length: 316
ETag: W/"13c-mLxQs+NHTe3TP40Yc+EVf594gXI"
Date: Sat, 30 Sep 2023 22:34:46 GMT
Connection: keep-alive
Keep-Alive: timeout=5

{
    "ccreference": "306279528",
    "ccName": "Ms. Harland Spinka",
    "ccNumber": "4939491060179",
    "cclevel": "VISA",
    "ccMonthExp": 6,
    "ccYearExp": 38,
    "ccDues": 29,
    "ccSecurityCode": 279,
    "ccDate": "30/12/2023",
    "ccuserEmail": "chrystal.zulauf@gmail.com",
    "ccamount": 307766,
    "cccellphone": "080-796-3395",
    "_id": "6518a286b15d7ac86c3d935d",
    "__v": 0
}
HTTP/1.1 201 Created
X-Powered-By: Express
Content-Type: application/json; charset=utf-8
Content-Length: 316
ETag: W/"13c-mLxQs+NHTe3TP40Yc+EVf594gXI"
Date: Sat, 30 Sep 2023 22:34:46 GMT
Connection: keep-alive
Keep-Alive: timeout=5

{
    "ccreference": "306279528",
    "ccName": "Ms. Harland Spinka",
    "ccNumber": "4939491060179",
    "cclevel": "VISA",
    "ccMonthExp": 6,
    "ccYearExp": 38,
    "ccDues": 29,
    "ccSecurityCode": 279,
    "ccDate": "30/12/2023",
    "ccuserEmail": "chrystal.zulauf@gmail.com",
    "ccamount": 307766,
    "cccellphone": "080-796-3395",
    "_id": "6518a286b15d7ac86c3d935d",
    "__v": 0
}
HTTP/1.1 201 Created
X-Powered-By: Express
Content-Type: application/json; charset=utf-8
Content-Length: 316
ETag: W/"13c-mLxQs+NHTe3TP40Yc+EVf594gXI"
Date: Sat, 30 Sep 2023 22:34:46 GMT
Connection: keep-alive
Keep-Alive: timeout=5

{
    "ccreference": "306279528",
    "ccName": "Ms. Harland Spinka",
    "ccNumber": "4939491060179",
    "cclevel": "VISA",
    "ccMonthExp": 6,
    "ccYearExp": 38,
    "ccDues": 29,
    "ccSecurityCode": 279,
    "ccDate": "30/12/2023",
    "ccuserEmail": "chrystal.zulauf@gmail.com",
    "ccamount": 307766,
    "cccellphone": "080-796-3395",
    "_id": "6518a286b15d7ac86c3d935d",
    "__v": 0
}
Request method:	DELETE
Request URI:	http://localhost:1337/api/v1/credit-card-payment/6518a286b15d7ac86c3d935d
Proxy:			<none>
Request params:	<none>
Query params:	<none>
Form params:	<none>
Path params:	id=6518a286b15d7ac86c3d935d
Headers:		Accept=*/*
				Content-Type=application/json
Cookies:		<none>
Multiparts:		<none>
Body:			<none>
Request method:	DELETE
Request URI:	http://localhost:1337/api/v1/credit-card-payment/6518a286b15d7ac86c3d935d
Proxy:			<none>
Request params:	<none>
Query params:	<none>
Form params:	<none>
Path params:	id=6518a286b15d7ac86c3d935d
Headers:		Accept=*/*
				Content-Type=application/json
Cookies:		<none>
Multiparts:		<none>
Body:			<none>
Request method:	DELETE
Request URI:	http://localhost:1337/api/v1/credit-card-payment/6518a286b15d7ac86c3d935d
Proxy:			<none>
Request params:	<none>
Query params:	<none>
Form params:	<none>
Path params:	id=6518a286b15d7ac86c3d935d
Headers:		Accept=*/*
				Content-Type=application/json
Cookies:		<none>
Multiparts:		<none>
Body:			<none>
Request method:	DELETE
Request URI:	http://localhost:1337/api/v1/credit-card-payment/6518a286b15d7ac86c3d935d
Proxy:			<none>
Request params:	<none>
Query params:	<none>
Form params:	<none>
Path params:	id=6518a286b15d7ac86c3d935d
Headers:		Accept=*/*
				Content-Type=application/json
Cookies:		<none>
Multiparts:		<none>
Body:			<none>
Request method:	DELETE
Request URI:	http://localhost:1337/api/v1/credit-card-payment/6518a286b15d7ac86c3d935d
Proxy:			<none>
Request params:	<none>
Query params:	<none>
Form params:	<none>
Path params:	id=6518a286b15d7ac86c3d935d
Headers:		Accept=*/*
				Content-Type=application/json
Cookies:		<none>
Multiparts:		<none>
Body:			<none>
HTTP/1.1 201 Created
X-Powered-By: Express
Content-Type: application/json; charset=utf-8
Content-Length: 86
ETag: W/"56-r4uTZFgoSgjkbUIBnUl1peeWjgw"
Date: Sat, 30 Sep 2023 22:34:46 GMT
Connection: keep-alive
Keep-Alive: timeout=5

{
    "status": "201",
    "message": "Credit card payment deleted successfull",
    "items_deleted": 1
}
HTTP/1.1 201 Created
X-Powered-By: Express
Content-Type: application/json; charset=utf-8
Content-Length: 86
ETag: W/"56-r4uTZFgoSgjkbUIBnUl1peeWjgw"
Date: Sat, 30 Sep 2023 22:34:46 GMT
Connection: keep-alive
Keep-Alive: timeout=5

{
    "status": "201",
    "message": "Credit card payment deleted successfull",
    "items_deleted": 1
}
HTTP/1.1 201 Created
X-Powered-By: Express
Content-Type: application/json; charset=utf-8
Content-Length: 86
ETag: W/"56-r4uTZFgoSgjkbUIBnUl1peeWjgw"
Date: Sat, 30 Sep 2023 22:34:46 GMT
Connection: keep-alive
Keep-Alive: timeout=5

{
    "status": "201",
    "message": "Credit card payment deleted successfull",
    "items_deleted": 1
}
HTTP/1.1 201 Created
X-Powered-By: Express
Content-Type: application/json; charset=utf-8
Content-Length: 86
ETag: W/"56-r4uTZFgoSgjkbUIBnUl1peeWjgw"
Date: Sat, 30 Sep 2023 22:34:46 GMT
Connection: keep-alive
Keep-Alive: timeout=5

{
    "status": "201",
    "message": "Credit card payment deleted successfull",
    "items_deleted": 1
}
HTTP/1.1 201 Created
X-Powered-By: Express
Content-Type: application/json; charset=utf-8
Content-Length: 86
ETag: W/"56-r4uTZFgoSgjkbUIBnUl1peeWjgw"
Date: Sat, 30 Sep 2023 22:34:46 GMT
Connection: keep-alive
Keep-Alive: timeout=5

{
    "status": "201",
    "message": "Credit card payment deleted successfull",
    "items_deleted": 1
}
]]></system-out>
  <system-err><![CDATA[]]></system-err>
</testsuite>
